Log file created at: 2024/05/11 11:53:30
Running on machine: YBW
Running duration (h:mm:ss): 0:00:00
Log line format: [IWEF]yyyymmdd hh:mm:ss.uuuuuu threadid file:line] msg
I20240511 11:53:30.649941 19584 core_module.cc:20] registering core components.
I20240511 11:53:30.652933 19584 registry.cc:14] registering component: config_builder
I20240511 11:53:30.652933 19584 registry.cc:14] registering component: config
I20240511 11:53:30.652933 19584 registry.cc:14] registering component: schema
I20240511 11:53:30.652933 19584 registry.cc:14] registering component: user_config
I20240511 11:53:30.652933 19584 dict_module.cc:25] registering components from module 'dict'.
I20240511 11:53:30.652933 19584 registry.cc:14] registering component: tabledb
I20240511 11:53:30.652933 19584 registry.cc:14] registering component: stabledb
I20240511 11:53:30.652933 19584 registry.cc:14] registering component: plain_userdb
I20240511 11:53:30.652933 19584 registry.cc:14] registering component: userdb
I20240511 11:53:30.652933 19584 registry.cc:14] registering component: corrector
I20240511 11:53:30.652933 19584 registry.cc:14] registering component: dictionary
I20240511 11:53:30.652933 19584 registry.cc:14] registering component: reverse_lookup_dictionary
I20240511 11:53:30.652933 19584 registry.cc:14] registering component: user_dictionary
I20240511 11:53:30.652933 19584 registry.cc:14] registering component: userdb_recovery_task
I20240511 11:53:30.652933 19584 gears_module.cc:42] registering components from module 'gears'.
I20240511 11:53:30.652933 19584 registry.cc:14] registering component: ascii_composer
I20240511 11:53:30.652933 19584 registry.cc:14] registering component: chord_composer
I20240511 11:53:30.652933 19584 registry.cc:14] registering component: express_editor
I20240511 11:53:30.652933 19584 registry.cc:14] registering component: fluid_editor
I20240511 11:53:30.652933 19584 registry.cc:14] registering component: fluency_editor
I20240511 11:53:30.652933 19584 registry.cc:14] registering component: key_binder
I20240511 11:53:30.652933 19584 registry.cc:14] registering component: navigator
I20240511 11:53:30.652933 19584 registry.cc:14] registering component: punctuator
I20240511 11:53:30.652933 19584 registry.cc:14] registering component: recognizer
I20240511 11:53:30.652933 19584 registry.cc:14] registering component: selector
I20240511 11:53:30.652933 19584 registry.cc:14] registering component: speller
I20240511 11:53:30.652933 19584 registry.cc:14] registering component: shape_processor
I20240511 11:53:30.652933 19584 registry.cc:14] registering component: abc_segmentor
I20240511 11:53:30.652933 19584 registry.cc:14] registering component: affix_segmentor
I20240511 11:53:30.652933 19584 registry.cc:14] registering component: ascii_segmentor
I20240511 11:53:30.652933 19584 registry.cc:14] registering component: matcher
I20240511 11:53:30.652933 19584 registry.cc:14] registering component: punct_segmentor
I20240511 11:53:30.652933 19584 registry.cc:14] registering component: fallback_segmentor
I20240511 11:53:30.652933 19584 registry.cc:14] registering component: echo_translator
I20240511 11:53:30.652933 19584 registry.cc:14] registering component: punct_translator
I20240511 11:53:30.652933 19584 registry.cc:14] registering component: table_translator
I20240511 11:53:30.652933 19584 registry.cc:14] registering component: script_translator
I20240511 11:53:30.652933 19584 registry.cc:14] registering component: r10n_translator
I20240511 11:53:30.652933 19584 registry.cc:14] registering component: reverse_lookup_translator
I20240511 11:53:30.652933 19584 registry.cc:14] registering component: schema_list_translator
I20240511 11:53:30.652933 19584 registry.cc:14] registering component: switch_translator
I20240511 11:53:30.652933 19584 registry.cc:14] registering component: history_translator
I20240511 11:53:30.652933 19584 registry.cc:14] registering component: simplifier
I20240511 11:53:30.652933 19584 registry.cc:14] registering component: uniquifier
I20240511 11:53:30.652933 19584 registry.cc:14] registering component: charset_filter
I20240511 11:53:30.652933 19584 registry.cc:14] registering component: cjk_minifier
I20240511 11:53:30.652933 19584 registry.cc:14] registering component: reverse_lookup_filter
I20240511 11:53:30.652933 19584 registry.cc:14] registering component: single_char_filter
I20240511 11:53:30.655926 19584 registry.cc:14] registering component: shape_formatter
I20240511 11:53:30.655926 19584 registry.cc:14] registering component: codepoint_translator
I20240511 11:53:30.655926 19584 registry.cc:14] registering component: charset_filter
W20240511 11:53:30.655926 19584 registry.cc:16] replacing previously registered component: charset_filter
I20240511 11:53:30.656925 19584 modules.cc:96] registering components from module 'lua'.
I20240511 11:53:30.666989 19584 registry.cc:14] registering component: lua_translator
I20240511 11:53:30.666989 19584 registry.cc:14] registering component: lua_filter
I20240511 11:53:30.666989 19584 registry.cc:14] registering component: lua_segmentor
I20240511 11:53:30.666989 19584 registry.cc:14] registering component: lua_processor
I20240511 11:53:30.666989 19584 grammar_module.cc:15] registering components from module 'grammar'.
I20240511 11:53:30.666989 19584 registry.cc:14] registering component: grammar
I20240511 11:53:30.666989 19584 registry.cc:14] registering component: predictor
I20240511 11:53:30.666989 19584 registry.cc:14] registering component: predict_translator
I20240511 11:53:30.666989 19584 levers_module.cc:22] registering components from module 'levers'.
I20240511 11:53:30.666989 19584 registry.cc:14] registering component: detect_modifications
I20240511 11:53:30.666989 19584 registry.cc:14] registering component: installation_update
I20240511 11:53:30.666989 19584 registry.cc:14] registering component: workspace_update
I20240511 11:53:30.666989 19584 registry.cc:14] registering component: schema_update
I20240511 11:53:30.666989 19584 registry.cc:14] registering component: config_file_update
I20240511 11:53:30.666989 19584 registry.cc:14] registering component: prebuild_all_schemas
I20240511 11:53:30.666989 19584 registry.cc:14] registering component: user_dict_upgrade
I20240511 11:53:30.666989 19584 registry.cc:14] registering component: cleanup_trash
I20240511 11:53:30.666989 19584 registry.cc:14] registering component: user_dict_sync
I20240511 11:53:30.666989 19584 registry.cc:14] registering component: backup_config_files
I20240511 11:53:30.666989 19584 registry.cc:14] registering component: clean_old_log_files
I20240511 11:53:30.667987 19584 deployment_tasks.cc:85] updating rime installation info.
I20240511 11:53:30.667987 19584 config_data.cc:72] loading config file 'D:\Personal\OneDrive\Programm\Rime\installation.yaml'.
I20240511 11:53:30.667987 19584 deployment_tasks.cc:103] installation info exists. installation id: 2f2594ca-3d2a-4e7d-a7e6-2dcf30c4fd38
I20240511 11:53:30.667987 19584 deployment_tasks.cc:114] sync dir: D:\Personal\OneDrive\Programm\Rime\sync
I20240511 11:53:30.667987 19584 deployment_tasks.cc:116] previous distribution: Weasel
I20240511 11:53:30.667987 19584 deployment_tasks.cc:119] previous distribution version: 0.15.1.0
I20240511 11:53:30.667987 19584 deployment_tasks.cc:122] previous Rime version: 1.11.0
I20240511 11:53:30.680501 19584 config_data.cc:72] loading config file 'D:\Personal\OneDrive\Programm\Rime\user.yaml'.
I20240511 11:53:30.680501 19584 config_data.cc:72] loading config file 'D:\Personal\OneDrive\Programm\Rime\build\weasel.yaml'.
I20240511 11:53:30.710422 15128 config_data.cc:72] loading config file 'D:\Personal\OneDrive\Programm\Rime\build\default.yaml'.
I20240511 11:53:30.712415 15128 engine.cc:72] starting engine.
I20240511 11:53:30.712415 15128 config_data.cc:72] loading config file 'D:\Personal\OneDrive\Programm\Rime\user.yaml'.
I20240511 11:53:30.713413 15128 engine.cc:133] updated option: emoji
I20240511 11:53:30.713413 15128 engine.cc:133] updated option: traditionalization
I20240511 11:53:30.713413 15128 config_data.cc:72] loading config file 'D:\Personal\OneDrive\Programm\Rime\build\double_pinyin_flypy.schema.yaml'.
I20240511 11:53:30.734357 15128 engine.cc:133] updated option: _auto_commit
I20240511 11:53:30.735354 15128 dictionary.cc:360] loading dictionary 'rime_ice'.
I20240511 11:53:30.735354 15128 table.cc:254] loading table file: D:\Personal\OneDrive\Programm\Rime\build