Log file created at: 2024/05/11 12:17:49
Running on machine: YBW
Running duration (h:mm:ss): 0:00:00
Log line format: [IWEF]yyyymmdd hh:mm:ss.uuuuuu threadid file:line] msg
I20240511 12:17:49.997819 12724 core_module.cc:20] registering core components.
I20240511 12:17:49.999814 12724 registry.cc:14] registering component: config_builder
I20240511 12:17:49.999814 12724 registry.cc:14] registering component: config
I20240511 12:17:49.999814 12724 registry.cc:14] registering component: schema
I20240511 12:17:49.999814 12724 registry.cc:14] registering component: user_config
I20240511 12:17:49.999814 12724 dict_module.cc:25] registering components from module 'dict'.
I20240511 12:17:49.999814 12724 registry.cc:14] registering component: tabledb
I20240511 12:17:49.999814 12724 registry.cc:14] registering component: stabledb
I20240511 12:17:49.999814 12724 registry.cc:14] registering component: plain_userdb
I20240511 12:17:49.999814 12724 registry.cc:14] registering component: userdb
I20240511 12:17:49.999814 12724 registry.cc:14] registering component: corrector
I20240511 12:17:49.999814 12724 registry.cc:14] registering component: dictionary
I20240511 12:17:49.999814 12724 registry.cc:14] registering component: reverse_lookup_dictionary
I20240511 12:17:49.999814 12724 registry.cc:14] registering component: user_dictionary
I20240511 12:17:49.999814 12724 registry.cc:14] registering component: userdb_recovery_task
I20240511 12:17:49.999814 12724 levers_module.cc:22] registering components from module 'levers'.
I20240511 12:17:49.999814 12724 registry.cc:14] registering component: detect_modifications
I20240511 12:17:49.999814 12724 registry.cc:14] registering component: installation_update
I20240511 12:17:49.999814 12724 registry.cc:14] registering component: workspace_update
I20240511 12:17:49.999814 12724 registry.cc:14] registering component: schema_update
I20240511 12:17:49.999814 12724 registry.cc:14] registering component: config_file_update
I20240511 12:17:49.999814 12724 registry.cc:14] registering component: prebuild_all_schemas
I20240511 12:17:49.999814 12724 registry.cc:14] registering component: user_dict_upgrade
I20240511 12:17:49.999814 12724 registry.cc:14] registering component: cleanup_trash
I20240511 12:17:49.999814 12724 registry.cc:14] registering component: user_dict_sync
I20240511 12:17:49.999814 12724 registry.cc:14] registering component: backup_config_files
I20240511 12:17:49.999814 12724 registry.cc:14] registering component: clean_old_log_files
I20240511 12:17:50.035609 12724 deployment_tasks.cc:85] updating rime installation info.
I20240511 12:17:50.035609 12724 config_data.cc:72] loading config file 'D:\Personal\OneDrive\Programm\Rime\installation.yaml'.
I20240511 12:17:50.036607 12724 deployment_tasks.cc:103] installation info exists. installation id: 2f2594ca-3d2a-4e7d-a7e6-2dcf30c4fd38
I20240511 12:17:50.036607 12724 deployment_tasks.cc:114] sync dir: D:\Personal\OneDrive\Programm\Rime\sync
I20240511 12:17:50.036607 12724 deployment_tasks.cc:116] previous distribution: Weasel
I20240511 12:17:50.036607 12724 deployment_tasks.cc:119] previous distribution version: 0.15.1.0
I20240511 12:17:50.036607 12724 deployment_tasks.cc:122] previous Rime version: 1.11.0
I20240511 12:17:50.036607 12724 deployment_tasks.cc:165] updating workspace.
I20240511 12:17:50.036607 12724 config_data.cc:72] loading config file 'D:\Software\Rime\weasel-0.15.1\data\default.yaml'.
I20240511 12:17:50.037604 12724 config_data.cc:72] loading config file 'D:\Personal\OneDrive\Programm\Rime\default.yaml'.
I20240511 12:17:50.039598 12724 config_data.cc:72] loading config file 'D:\Personal\OneDrive\Programm\Rime\build\default.yaml'.
I20240511 12:17:50.043588 12724 deployment_tasks.cc:421] source file changed: D:\Personal\OneDrive\Programm\Rime\default.custom.yaml
I20240511 12:17:50.044585 12724 config_data.cc:72] loading config file 'D:\Personal\OneDrive\Programm\Rime\default.yaml'.
I20240511 12:17:50.047577 12724 auto_patch_config_plugin.cc:29] auto-patch default:/__patch: default.custom:/patch?
I20240511 12:17:50.047577 12724 config_data.cc:72] loading config file 'D:\Personal\OneDrive\Programm\Rime\default.custom.yaml'.
I20240511 12:17:50.048575 12724 config_compiler.cc:214] patching key_binder/bindings/+
I20240511 12:17:50.048575 12724 config_compiler.cc:214] patching menu
I20240511 12:17:50.048575 12724 config_compiler.cc:214] patching schema_list
I20240511 12:17:50.048575 12724 config_compiler.cc:537] resolved: Patch(default.custom:patch <optional>)
I20240511 12:17:50.049572 12724 config_data.cc:91] saving config file 'D:\Personal\OneDrive\Programm\Rime\build\default.yaml'.
I20240511 12:17:50.053562 12724 config_data.cc:72] loading config file 'D:\Personal\OneDrive\Programm\Rime\build\default.yaml'.
I20240511 12:17:50.054559 12724 deployment_tasks.cc:188] updating schemas.
I20240511 12:17:50.054559 12724 deployment_tasks.cc:197] schema: double_pinyin_flypy
I20240511 12:17:50.055557 12724 config_data.cc:72] loading config file 'D:\Personal\OneDrive\Programm\Rime\double_pinyin_flypy.schema.yaml'.
I20240511 12:17:50.059545 12724 config_data.cc:72] loading config file 'D:\Personal\OneDrive\Programm\Rime\build\double_pinyin_flypy.schema.yaml'.
I20240511 12:17:50.079492 12724 deployment_tasks.cc:421] source file changed: D:\Personal\OneDrive\Programm\Rime\default.yaml
I20240511 12:17:50.079492 12724 config_data.cc:72] loading config file 'D:\Personal\OneDrive\Programm\Rime\double_pinyin_flypy.schema.yaml'.
I20240511 12:17:50.082484 12724 auto_patch_config_plugin.cc:29] auto-patch double_pinyin_flypy.schema:/__patch: double_pinyin_flypy.custom:/patch?
I20240511 12:17:50.082484 12724 config_data.cc:72] loading config file 'D:\Personal\OneDrive\Programm\Rime\default.yaml'.
I20240511 12:17:50.084478 12724 auto_patch_config_plugin.cc:29] auto-patch default:/__patch: default.custom:/patch?
I20240511 12:17:50.084478 12724 config_data.cc:72] loading config file 'D:\Personal\OneDrive\Programm\Rime\default.custom.yaml'.
I20240511 12:17:50.085476 12724 config_compiler.cc:214] patching key_binder/bindings/+
I20240511 12:17:50.085476 12724 config_compiler.cc:214] patching menu
I20240511 12:17:50.085476 12724 config_compiler.cc:214] patching schema_list
I20240511 12:17:50.085476 12724 config_compiler.cc:537] resolved: Patch(default.custom:patch <optional>)
I20240511 12:17:50.085476 12724 config_compiler.cc:537] resolved: Include(default:/punctuator/full_shape)
I20240511 12:17:50.085476 12724 config_compiler.cc:537] resolved: PendingChild(double_pinyin_flypy.schema:/punctuator/full_shape)
I20240511 12:17:50.085476 12724 config_compiler.cc:537] resolved: Include(default:/punctuator/half_shape)
I20240511 12:17:50.085476 12724 config_compiler.cc:537] resolved: PendingChild(double_pinyin_flypy.schema:/punctuator/half_shape)
I20240511 12:17:50.085476 12724 config_data.cc:72] loading config file 'D:\Personal\OneDrive\Programm\Rime\symbols_caps_v.yaml'.
I20240511 12:17:50.105006 12724 auto_patch_config_plugin.cc:29] auto-patch symbols_caps_v:/__patch: symbols_caps_v.custom:/patch?
W20240511 12:17:50.106003 12724 config_data.cc:69] nonexistent config file 'D:\Personal\OneDrive\Programm\Rime\symbols_caps_v.custom.yaml'.
I20240511 12:17:50.106003 12724 config_compiler.cc:426] optional resource not loaded: symbols_caps_v.custom
I20240511 12:17:50.106003 12724 config_compiler.cc:537] resolved: Patch(symbols_caps_v.custom:patch <optional>)
I20240511 12:17:50.106003 12724 config_compiler.cc:537] resolved: Include(symbols_caps_v:/symbols)
I20240511 12:17:50.106003 12724 config_compiler.cc:537] resolved: PendingChild(double_pinyin_flypy.schema:/punctuator/symbols)
I20240511 12:17:50.106003 12724 config_compiler.cc:537] resolved: PendingChild(double_pinyin_flypy.schema:/punctuator)
I20240511 12:17:50.106003 12724 config_data.cc:72] loading config file 'D:\Personal\OneDrive\Programm\Rime\double_pinyin_flypy.custom.yaml'.
I20240511 12:17:50.107002 12724 config_compiler.cc:214] patching engine/filters/@before last
I20240511 12:17:50.107002 12724 config_compiler.cc:214] patching key_binder/+
I20240511 12:17:50.107002 12724 config_compiler.cc:214] patching radical_lookup/prefix
I20240511 12:17:50.107002 12724 config_compiler.cc:214] patching radical_lookup/tips
I20240511 12:17:50.107002 12724 config_compiler.cc:214] patching recognizer/patterns/radical_lookup
I20240511 12:17:50.107002 12724 config_compiler.cc:214] patching speller/alphabet
I20240511 12:17:50.107002 12724 config_compiler.cc:214] patching speller/initials
I20240511 12:17:50.107002 12724 config_compiler.cc:214] patching switches
I20240511 12:17:50.107002 12724 config_compiler.cc:214] patching translator/preedit_format
I20240511 12:17:50.107002 12724 config_compiler.cc:537] resolved: Patch(double_pinyin_flypy.custom:patch <optional>)
I20240511 12:17:50.107002 12724 legacy_preset_config_plugin.cc:26] interpreting key_binder/import_preset: default
I20240511 12:17:50.107002 12724 legacy_preset_config_plugin.cc:65] interpreting recognizer/import_preset: default
I20240511 12:17:50.107998 12724 build_info_plugin.cc:27] resource 'symbols_caps_v.custom' not loaded.
I20240511 12:17:50.107998 12724 config_data.cc:91] saving config file 'D:\Personal\OneDrive\Programm\Rime\build\double_pinyin_flypy.schema.yaml'.
I20240511 12:17:50.118969 12724 config_data.cc:72] loading config file 'D:\Personal\OneDrive\Programm\Rime\build\double_pinyin_flypy.schema.yaml'.
I20240511 12:17:50.136507 12724 deployment_tasks.cc:360] preparing dictionary 'rime_ice'.
I20240511 12:17:50.136507 12724 dict_compiler.cc:81] compiling dictionary for D:\Personal\OneDrive\Programm\Rime\build\double_pinyin_flypy.schema.yaml
I20240511 12:17:50.695461 12724 table.cc:254] loading table file: D:\Personal\OneDrive\Programm\Rime\build\rime_ice.table.bin
I20240511 12:17:50.705435 12724 prism.cc:76] loading prism file: D:\Personal\OneDrive\Programm\Rime\build\double_pinyin_flypy.prism.bin
I20240511 12:17:50.705435 12724 prism.cc:106] found double array image of size 1024.
I20240511 12:17:50.705435 12724 dict_compiler.cc:126] D:\Personal\OneDrive\Programm\Rime\rime_ice.dict.yaml[6 file(s)] (609712873)
I20240511 12:17:50.705435 12724 dict_compiler.cc:128] D:\Personal\OneDrive\Programm\Rime\build\double_pinyin_flypy.schema.yaml (2265271477)
I20240511 12:17:50.706431 12724 reverse_lookup_dictionary.cc:33] loading reversedb: D:\Personal\OneDrive\Programm\Rime\build\rime_ice.reverse.bin
I20240511 12:17:50.706431 12724 dict_compiler.cc:299] building prism...
I20240511 12:17:50.706431 12724 table.cc:254] loading table file: D:\Personal\OneDrive\Programm\Rime\build\rime_ice.table.bin
I20240511 12:17:50.717402 12724 config_data.cc:72] loading config file 'D:\Personal\OneDrive\Programm\Rime\build\double_pinyin_flypy.schema.yaml'.
I20240511 12:17:50.746325 12724 mapped_file.cc:59] creating file 'D:\Personal\OneDrive\Programm\Rime\build\double_pinyin_flypy.prism.bin'.
I20240511 12:17:50.747323 12724 mapped_file.cc:70] opening file for read/write access.
I20240511 12:17:50.747323 12724 prism.cc:117] saving prism file: D:\Personal\OneDrive\Programm\Rime\build\double_pinyin_flypy.prism.bin
I20240511 12:17:50.747323 12724 mapped_file.cc:118] shrinking file to fit data size. capacity: 24820
I20240511 12:17:50.747323 12724 mapped_file.cc:129] resize file to: 15160
I20240511 12:17:50.747323 12724 deployment_tasks.cc:377] dictionary 'rime_ice' is ready.
I20240511 12:17:50.749317 12724 config_data.cc:72] loading config file 'D:\Personal\OneDrive\Programm\Rime\build\double_pinyin_flypy.schema.yaml'.
I20240511 12:17:50.765275 12724 deployment_tasks.cc:197] schema: melt_eng
I20240511 12:17:50.765275 12724 config_data.cc:72] loading config file 'D:\Personal\OneDrive\Programm\Rime\melt_eng.schema.yaml'.
I20240511 12:17:50.767269 12724 config_data.cc:72] loading config file 'D:\Personal\OneDrive\Programm\Rime\build\melt_eng.schema.yaml'.
I20240511 12:17:50.771258 12724 deployment_tasks.cc:421] source file changed: D:\Personal\OneDrive\Programm\Rime\default.yaml
I20240511 12:17:50.772255 12724 config_data.cc:72] loading config file 'D:\Personal\OneDrive\Programm\Rime\melt_eng.schema.yaml'.
I20240511 12:17:50.773252 12724 auto_patch_config_plugin.cc:29] auto-patch melt_eng.schema:/__patch: melt_eng.custom:/patch?
W20240511 12:17:50.773252 12724 config_compiler.cc:527] circular dependencies detected in melt_eng.schema:
W20240511 12:17:50.773252 12724 config_compiler.cc:367] accessing blocking node with unresolved dependencies: melt_eng.schema:
W20240511 12:17:50.774250 12724 config_compiler.cc:527] circular dependencies detected in melt_eng.schema:
W20240511 12:17:50.774250 12724 config_compiler.cc:367] accessing blocking node with unresolved dependencies: melt_eng.schema:
I20240511 12:17:50.774250 12724 config_compiler.cc:537] resolved: Include(melt_eng.schema:algebra_common)
I20240511 12:17:50.774250 12724 config_compiler.cc:537] resolved: Include(melt_eng.schema:algebra_rime_ice)
I20240511 12:17:50.774250 12724 config_compiler.cc:537] resolved: PendingChild(melt_eng.schema:/speller/algebra)
I20240511 12:17:50.774250 12724 config_compiler.cc:537] resolved: PendingChild(melt_eng.schema:/speller)
I20240511 12:17:50.774250 12724 config_compiler.cc:537] resolved: PendingChild(melt_eng.schema:/algebra_rime_ice)
W20240511 12:17:50.774250 12724 config_compiler.cc:527] circular dependencies detected in melt_eng.schema:
W20240511 12:17:50.774250 12724 config_compiler.cc:367] accessing blocking node with unresolved dependencies: melt_eng.schema:
I20240511 12:17:50.774250 12724 config_compiler.cc:537] resolved: Include(melt_eng.schema:algebra_common)
I20240511 12:17:50.774250 12724 config_compiler.cc:537] resolved: PendingChild(melt_eng.schema:/algebra_double_pinyin)
W20240511 12:17:50.774250 12724 config_compiler.cc:527] circular dependencies detected in melt_eng.schema:
W20240511 12:17:50.774250 12724 config_compiler.cc:367] accessing blocking node with unresolved dependencies: melt_eng.schema:
I20240511 12:17:50.774250 12724 config_compiler.cc:537] resolved: Include(melt_eng.schema:algebra_common)
I20240511 12:17:50.774250 12724 config_compiler.cc:537] resolved: PendingChild(melt_eng.schema:/algebra_flypy)
W20240511 12:17:50.774250 12724 config_compiler.cc:527] circular dependencies detected in melt_eng.schema:
W20240511 12:17:50.774250 12724 config_compiler.cc:367] accessing blocking node with unresolved dependencies: melt_eng.schema:
I20240511 12:17:50.774250 12724 config_compiler.cc:537] resolved: Include(melt_eng.schema:algebra_common)
I20240511 12:17:50.774250 12724 config_compiler.cc:537] resolved: PendingChild(melt_eng.schema:/algebra_mspy)
W20240511 12:17:50.774250 12724 config_compiler.cc:527] circular dependencies detected in melt_eng.schema:
W20240511 12:17:50.774250 12724 config_compiler.cc:367] accessing blocking node with unresolved dependencies: melt_eng.schema:
I20240511 12:17:50.774250 12724 config_compiler.cc:537] resolved: Include(melt_eng.schema:algebra_common)
I20240511 12:17:50.774250 12724 config_compiler.cc:537] resolved: PendingChild(melt_eng.schema:/algebra_sogou)
W20240511 12:17:50.774250 12724 config_compiler.cc:527] circular dependencies detected in melt_eng.schema:
W20240511 12:17:50.774250 12724 config_compiler.cc:367] accessing blocking node with unresolved dependencies: melt_eng.schema:
I20240511 12:17:50.774250 12724 config_compiler.cc:537] resolved: Include(melt_eng.schema:algebra_common)
I20240511 12:17:50.774250 12724 config_compiler.cc:537] resolved: PendingChild(melt_eng.schema:/algebra_abc)
W20240511 12:17:50.774250 12724 config_compiler.cc:527] circular dependencies detected in melt_eng.schema:
W20240511 12:17:50.774250 12724 config_compiler.cc:367] accessing blocking node with unresolved dependencies: melt_eng.schema:
I20240511 12:17:50.774250 12724 config_compiler.cc:537] resolved: Include(melt_eng.schema:algebra_common)
I20240511 12:17:50.774250 12724 config_compiler.cc:537] resolved: PendingChild(melt_eng.schema:/algebra_ziguang)
W20240511 12:17:50.774250 12724 config_data.cc:69] nonexistent config file 'D:\Personal\OneDrive\Programm\Rime\melt_eng.custom.yaml'.
I20240511 12:17:50.774250 12724 config_compiler.cc:426] optional resource not loaded: melt_eng.custom
I20240511 12:17:50.774250 12724 config_compiler.cc:537] resolved: Patch(melt_eng.custom:patch <optional>)
I20240511 12:17:50.774250 12724 config_data.cc:72] loading config file 'D:\Personal\OneDrive\Programm\Rime\default.yaml'.
I20240511 12:17:50.777242 12724 auto_patch_config_plugin.cc:29] auto-patch default:/__patch: default.custom:/patch?
I20240511 12:17:50.777242 12724 config_data.cc:72] loading config file 'D:\Personal\OneDrive\Programm\Rime\default.custom.yaml'.
I20240511 12:17:50.777242 12724 config_compiler.cc:214] patching key_binder/bindings/+
I20240511 12:17:50.777242 12724 config_compiler.cc:214] patching menu
I20240511 12:17:50.777242 12724 config_compiler.cc:214] patching schema_list
I20240511 12:17:50.777242 12724 config_compiler.cc:537] resolved: Patch(default.custom:patch <optional>)
I20240511 12:17:50.777242 12724 legacy_preset_config_plugin.cc:26] interpreting key_binder/import_preset: default
I20240511 12:17:50.777242 12724 legacy_preset_config_plugin.cc:52] interpreting punctuator/import_preset: default
I20240511 12:17:50.777242 12724 legacy_preset_config_plugin.cc:65] interpreting recognizer/import_preset: default
I20240511 12:17:50.777242 12724 build_info_plugin.cc:27] resource 'melt_eng.custom' not loaded.
I20240511 12:17:50.777242 12724 config_data.cc:91] saving config file 'D:\Personal\OneDrive\Programm\Rime\build\melt_eng.schema.yaml'.
I20240511 12:17:50.780234 12724 config_data.cc:72] loading config file 'D:\Personal\OneDrive\Programm\Rime\build\melt_eng.schema.yaml'.
I20240511 12:17:50.784224 12724 deployment_tasks.cc:360] preparing dictionary 'melt_eng'.
I20240511 12:17:50.784224 12724 dict_compiler.cc:81] compiling dictionary for D:\Personal\OneDrive\Programm\Rime\build\melt_eng.schema.yaml
I20240511 12:17:50.790207 12724 table.cc:254] loading table file: D:\Personal\OneDrive\Programm\Rime\build\melt_eng.table.bin
I20240511 12:17:50.790207 12724 prism.cc:76] loading prism file: D:\Personal\OneDrive\Programm\Rime\build\melt_eng.prism.bin
I20240511 12:17:50.790207 12724 prism.cc:106] found double array image of size 660992.
I20240511 12:17:50.790207 12724 dict_compiler.cc:126] D:\Personal\OneDrive\Programm\Rime\melt_eng.dict.yaml[3 file(s)] (1038382345)
I20240511 12:17:50.790207 12724 dict_compiler.cc:128] D:\Personal\OneDrive\Programm\Rime\build\melt_eng.schema.yaml (1014631128)
I20240511 12:17:50.791204 12724 reverse_lookup_dictionary.cc:33] loading reversedb: D:\Personal\OneDrive\Programm\Rime\build\melt_eng.reverse.bin
I20240511 12:17:50.791869 12724 dict_compiler.cc:299] building prism...
I20240511 12:17:50.791869 12724 table.cc:254] loading table file: D:\Personal\OneDrive\Programm\Rime\build\melt_eng.table.bin
I20240511 12:17:50.808831 12724 config_data.cc:72] loading config file 'D:\Personal\OneDrive\Programm\Rime\build\melt_eng.schema.yaml'.
I20240511 12:17:58.216980 12724 mapped_file.cc:59] creating file 'D:\Personal\OneDrive\Programm\Rime\build\melt_eng.prism.bin'.
I20240511 12:17:58.217483 12724 mapped_file.cc:70] opening file for read/write access.
I20240511 12:17:58.311187 12724 prism.cc:117] saving prism file: D:\Personal\OneDrive\Programm\Rime\build\melt_eng.prism.bin
I20240511 12:17:58.311187 12724 mapped_file.cc:118] shrinking file to fit data size. capacity: 10760004
I20240511 12:17:58.311187 12724 mapped_file.cc:129] resize file to: 7068744
I20240511 12:17:58.343786 12724 deployment_tasks.cc:377] dictionary 'melt_eng' is ready.
I20240511 12:17:58.344296 12724 deployment_tasks.cc:197] schema: radical_pinyin
I20240511 12:17:58.344805 12724 config_data.cc:72] loading config file 'D:\Personal\OneDrive\Programm\Rime\radical_pinyin.schema.yaml'.
I20240511 12:17:58.346340 12724 config_data.cc:72] loading config file 'D:\Personal\OneDrive\Programm\Rime\build\radical_pinyin.schema.yaml'.
I20240511 12:17:58.348615 12724 deployment_tasks.cc:421] source file changed: D:\Personal\OneDrive\Programm\Rime\default.yaml
I20240511 12:17:58.349128 12724 config_data.cc:72] loading config file 'D:\Personal\OneDrive\Programm\Rime\radical_pinyin.schema.yaml'.
I20240511 12:17:58.351254 12724 auto_patch_config_plugin.cc:29] auto-patch radical_pinyin.schema:/__patch: radical_pinyin.custom:/patch?
I20240511 12:17:58.351254 12724 config_data.cc:72] loading config file 'D:\Personal\OneDrive\Programm\Rime\default.yaml'.
I20240511 12:17:58.352792 12724 auto_patch_config_plugin.cc:29] auto-patch default:/__patch: default.custom:/patch?
I20240511 12:17:58.352792 12724 config_data.cc:72] loading config file 'D:\Personal\OneDrive\Programm\Rime\default.custom.yaml'.
I20240511 12:17:58.352792 12724 config_compiler.cc:214] patching key_binder/bindings/+
I20240511 12:17:58.352792 12724 config_compiler.cc:214] patching menu
I20240511 12:17:58.352792 12724 config_compiler.cc:214] patching schema_list
I20240511 12:17:58.352792 12724 config_compiler.cc:537] resolved: Patch(default.custom:patch <optional>)
I20240511 12:17:58.352792 12724 config_compiler.cc:537] resolved: Include(default:/key_binder <optional>)
I20240511 12:17:58.352792 12724 config_compiler.cc:537] resolved: PendingChild(radical_pinyin.schema:/key_binder)
W20240511 12:17:58.352792 12724 config_compiler.cc:527] circular dependencies detected in radical_pinyin.schema:
W20240511 12:17:58.352792 12724 config_compiler.cc:367] accessing blocking node with unresolved dependencies: radical_pinyin.schema:
I20240511 12:17:58.352792 12724 config_compiler.cc:537] resolved: Include(radical_pinyin.schema:algebra_flypy)
I20240511 12:17:58.352792 12724 config_compiler.cc:537] resolved: PendingChild(radical_pinyin.schema:/speller/algebra)
I20240511 12:17:58.352792 12724 config_compiler.cc:537] resolved: PendingChild(radical_pinyin.schema:/speller)
W20240511 12:17:58.353790 12724 config_data.cc:69] nonexistent config file 'D:\Personal\OneDrive\Programm\Rime\radical_pinyin.custom.yaml'.
I20240511 12:17:58.353790 12724 config_compiler.cc:426] optional resource not loaded: radical_pinyin.custom
I20240511 12:17:58.353790 12724 config_compiler.cc:537] resolved: Patch(radical_pinyin.custom:patch <optional>)
I20240511 12:17:58.353790 12724 build_info_plugin.cc:27] resource 'radical_pinyin.custom' not loaded.
I20240511 12:17:58.353790 12724 config_data.cc:91] saving config file 'D:\Personal\OneDrive\Programm\Rime\build\radical_pinyin.schema.yaml'.
I20240511 12:17:58.354789 12724 config_data.cc:72] loading config file 'D:\Personal\OneDrive\Programm\Rime\build\radical_pinyin.schema.yaml'.
I20240511 12:17:58.356782 12724 deployment_tasks.cc:360] preparing dictionary 'radical_pinyin'.
I20240511 12:17:58.357780 12724 dict_compiler.cc:81] compiling dictionary for D:\Personal\OneDrive\Programm\Rime\build\radical_pinyin.schema.yaml
I20240511 12:17:58.366593 12724 table.cc:254] loading table file: D:\Personal\OneDrive\Programm\Rime\build\radical_pinyin.table.bin
I20240511 12:17:58.366593 12724 prism.cc:76] loading prism file: D:\Personal\OneDrive\Programm\Rime\build\radical_pinyin.prism.bin
I20240511 12:17:58.366593 12724 prism.cc:106] found double array image of size 81920.
I20240511 12:17:58.366593 12724 dict_compiler.cc:126] D:\Personal\OneDrive\Programm\Rime\radical_pinyin.dict.yaml[1 file(s)] (2800115411)
I20240511 12:17:58.366593 12724 dict_compiler.cc:128] D:\Personal\OneDrive\Programm\Rime\build\radical_pinyin.schema.yaml (53396392)
I20240511 12:17:58.366593 12724 reverse_lookup_dictionary.cc:33] loading reversedb: D:\Personal\OneDrive\Programm\Rime\build\radical_pinyin.reverse.bin
I20240511 12:17:58.367591 12724 deployment_tasks.cc:377] dictionary 'radical_pinyin' is ready.
I20240511 12:17:58.368588 12724 deployment_tasks.cc:245] finished updating schemas: 3 success, 0 failure.
I20240511 12:17:58.368588 12724 config_data.cc:72] loading config file 'D:\Personal\OneDrive\Programm\Rime\user.yaml'.
I20240511 12:17:58.368588 12724 config_data.cc:201] write: var/last_build_time
I20240511 12:17:58.368588 12724 config_data.cc:91] saving config file 'D:\Personal\OneDrive\Programm\Rime\user.yaml'.
I20240511 12:17:58.368588 12724 deployment_tasks.cc:583] clean up trash.
I20240511 12:17:58.370582 12724 config_data.cc:72] loading config file 'D:\Personal\OneDrive\Programm\Rime\build\weasel.yaml'.
I20240511 12:17:58.376552 12724 deployment_tasks.cc:421] source file changed: D:\Software\Rime\weasel-0.15.1\data\weasel.yaml
I20240511 12:17:58.377549 12724 config_data.cc:72] loading config file 'D:\Software\Rime\weasel-0.15.1\data\weasel.yaml'.
I20240511 12:17:58.381714 12724 auto_patch_config_plugin.cc:29] auto-patch weasel:/__patch: weasel.custom:/patch?
I20240511 12:17:58.381714 12724 config_data.cc:72] loading config file 'D:\Personal\OneDrive\Programm\Rime\weasel.custom.yaml'.
I20240511 12:17:58.381714 12724 config_compiler.cc:214] patching app_options
I20240511 12:17:58.381714 12724 config_compiler.cc:214] patching style/+
I20240511 12:17:58.381714 12724 config_compiler.cc:537] resolved: Patch(weasel.custom:patch <optional>)
I20240511 12:17:58.381714 12724 config_data.cc:91] saving config file 'D:\Personal\OneDrive\Programm\Rime\build\weasel.yaml'.
