Log file created at: 2024/05/11 11:57:01
Running on machine: YBW
Running duration (h:mm:ss): 0:00:00
Log line format: [IWEF]yyyymmdd hh:mm:ss.uuuuuu threadid file:line] msg
W20240511 11:57:01.542795 14968 config_data.cc:69] nonexistent config file 'D:\Personal\OneDrive\Programm\Rime\symbols_caps_v.custom.yaml'.
W20240511 11:57:02.188195 14968 config_compiler.cc:527] circular dependencies detected in melt_eng.schema:
W20240511 11:57:02.188195 14968 config_compiler.cc:367] accessing blocking node with unresolved dependencies: melt_eng.schema:
W20240511 11:57:02.188195 14968 config_compiler.cc:527] circular dependencies detected in melt_eng.schema:
W20240511 11:57:02.188195 14968 config_compiler.cc:367] accessing blocking node with unresolved dependencies: melt_eng.schema:
W20240511 11:57:02.188195 14968 config_compiler.cc:527] circular dependencies detected in melt_eng.schema:
W20240511 11:57:02.188195 14968 config_compiler.cc:367] accessing blocking node with unresolved dependencies: melt_eng.schema:
W20240511 11:57:02.188195 14968 config_compiler.cc:527] circular dependencies detected in melt_eng.schema:
W20240511 11:57:02.188195 14968 config_compiler.cc:367] accessing blocking node with unresolved dependencies: melt_eng.schema:
W20240511 11:57:02.188195 14968 config_compiler.cc:527] circular dependencies detected in melt_eng.schema:
W20240511 11:57:02.188195 14968 config_compiler.cc:367] accessing blocking node with unresolved dependencies: melt_eng.schema:
W20240511 11:57:02.188195 14968 config_compiler.cc:527] circular dependencies detected in melt_eng.schema:
W20240511 11:57:02.188195 14968 config_compiler.cc:367] accessing blocking node with unresolved dependencies: melt_eng.schema:
W20240511 11:57:02.188195 14968 config_compiler.cc:527] circular dependencies detected in melt_eng.schema:
W20240511 11:57:02.188195 14968 config_compiler.cc:367] accessing blocking node with unresolved dependencies: melt_eng.schema:
W20240511 11:57:02.188195 14968 config_compiler.cc:527] circular dependencies detected in melt_eng.schema:
W20240511 11:57:02.188195 14968 config_compiler.cc:367] accessing blocking node with unresolved dependencies: melt_eng.schema:
W20240511 11:57:02.189193 14968 config_data.cc:69] nonexistent config file 'D:\Personal\OneDrive\Programm\Rime\melt_eng.custom.yaml'.
W20240511 11:57:09.199003 14968 config_compiler.cc:527] circular dependencies detected in radical_pinyin.schema:
W20240511 11:57:09.199003 14968 config_compiler.cc:367] accessing blocking node with unresolved dependencies: radical_pinyin.schema:
W20240511 11:57:09.199003 14968 config_data.cc:69] nonexistent config file 'D:\Personal\OneDrive\Programm\Rime\radical_pinyin.custom.yaml'.
