Log file created at: 2024/05/11 12:00:12
Running on machine: YBW
Running duration (h:mm:ss): 0:00:00
Log line format: [IWEF]yyyymmdd hh:mm:ss.uuuuuu threadid file:line] msg
I20240511 12:00:12.852226 18004 core_module.cc:20] registering core components.
I20240511 12:00:12.854221 18004 registry.cc:14] registering component: config_builder
I20240511 12:00:12.854221 18004 registry.cc:14] registering component: config
I20240511 12:00:12.854221 18004 registry.cc:14] registering component: schema
I20240511 12:00:12.854221 18004 registry.cc:14] registering component: user_config
I20240511 12:00:12.854221 18004 dict_module.cc:25] registering components from module 'dict'.
I20240511 12:00:12.854221 18004 registry.cc:14] registering component: tabledb
I20240511 12:00:12.854221 18004 registry.cc:14] registering component: stabledb
I20240511 12:00:12.854221 18004 registry.cc:14] registering component: plain_userdb
I20240511 12:00:12.854221 18004 registry.cc:14] registering component: userdb
I20240511 12:00:12.854221 18004 registry.cc:14] registering component: corrector
I20240511 12:00:12.854221 18004 registry.cc:14] registering component: dictionary
I20240511 12:00:12.854221 18004 registry.cc:14] registering component: reverse_lookup_dictionary
I20240511 12:00:12.854221 18004 registry.cc:14] registering component: user_dictionary
I20240511 12:00:12.854221 18004 registry.cc:14] registering component: userdb_recovery_task
I20240511 12:00:12.854221 18004 levers_module.cc:22] registering components from module 'levers'.
I20240511 12:00:12.854221 18004 registry.cc:14] registering component: detect_modifications
I20240511 12:00:12.854221 18004 registry.cc:14] registering component: installation_update
I20240511 12:00:12.854221 18004 registry.cc:14] registering component: workspace_update
I20240511 12:00:12.854221 18004 registry.cc:14] registering component: schema_update
I20240511 12:00:12.854221 18004 registry.cc:14] registering component: config_file_update
I20240511 12:00:12.854221 18004 registry.cc:14] registering component: prebuild_all_schemas
I20240511 12:00:12.854221 18004 registry.cc:14] registering component: user_dict_upgrade
I20240511 12:00:12.854221 18004 registry.cc:14] registering component: cleanup_trash
I20240511 12:00:12.854221 18004 registry.cc:14] registering component: user_dict_sync
I20240511 12:00:12.854221 18004 registry.cc:14] registering component: backup_config_files
I20240511 12:00:12.854221 18004 registry.cc:14] registering component: clean_old_log_files
I20240511 12:00:12.854221 18004 config_data.cc:72] loading config file 'D:\Personal\OneDrive\Programm\Rime\build\default.yaml'.
I20240511 12:00:12.856216 18004 config_data.cc:72] loading config file 'D:\Personal\OneDrive\Programm\Rime\default.custom.yaml'.
I20240511 12:00:12.857213 18004 config_data.cc:72] loading config file 'D:\Software\Rime\weasel-0.15.1\data\092R.schema.yaml'.
I20240511 12:00:12.858211 18004 config_data.cc:72] loading config file 'D:\Software\Rime\weasel-0.15.1\data\bopomofo.schema.yaml'.
I20240511 12:00:12.860205 18004 config_data.cc:72] loading config file 'D:\Software\Rime\weasel-0.15.1\data\bopomofo_express.schema.yaml'.
I20240511 12:00:12.860205 18004 config_data.cc:72] loading config file 'D:\Software\Rime\weasel-0.15.1\data\bopomofo_tw.schema.yaml'.
I20240511 12:00:12.860205 18004 config_data.cc:72] loading config file 'D:\Software\Rime\weasel-0.15.1\data\cangjie5.schema.yaml'.
I20240511 12:00:12.861202 18004 config_data.cc:72] loading config file 'D:\Software\Rime\weasel-0.15.1\data\cangjie5_express.schema.yaml'.
I20240511 12:00:12.862200 18004 config_data.cc:72] loading config file 'D:\Software\Rime\weasel-0.15.1\data\luna_pinyin.schema.yaml'.
I20240511 12:00:12.863197 18004 config_data.cc:72] loading config file 'D:\Software\Rime\weasel-0.15.1\data\luna_pinyin_fluency.schema.yaml'.
I20240511 12:00:12.863197 18004 config_data.cc:72] loading config file 'D:\Software\Rime\weasel-0.15.1\data\luna_pinyin_simp.schema.yaml'.
I20240511 12:00:12.863197 18004 config_data.cc:72] loading config file 'D:\Software\Rime\weasel-0.15.1\data\luna_pinyin_tw.schema.yaml'.
I20240511 12:00:12.864194 18004 config_data.cc:72] loading config file 'D:\Software\Rime\weasel-0.15.1\data\luna_quanpin.schema.yaml'.
I20240511 12:00:12.864194 18004 config_data.cc:72] loading config file 'D:\Software\Rime\weasel-0.15.1\data\pinyin_simp.schema.yaml'.
I20240511 12:00:12.865192 18004 config_data.cc:72] loading config file 'D:\Software\Rime\weasel-0.15.1\data\stroke.schema.yaml'.
I20240511 12:00:12.866189 18004 config_data.cc:72] loading config file 'D:\Software\Rime\weasel-0.15.1\data\stzm.schema.yaml'.
I20240511 12:00:12.867187 18004 config_data.cc:72] loading config file 'D:\Software\Rime\weasel-0.15.1\data\terra_pinyin.schema.yaml'.
I20240511 12:00:12.869181 18004 config_data.cc:72] loading config file 'D:\Software\Rime\weasel-0.15.1\data\wubi86.schema.yaml'.
I20240511 12:00:12.869181 18004 config_data.cc:72] loading config file 'D:\Software\Rime\weasel-0.15.1\data\wubi986.schema.yaml'.
I20240511 12:00:12.870178 18004 config_data.cc:72] loading config file 'D:\Software\Rime\weasel-0.15.1\data\wubi_pinyin.schema.yaml'.
I20240511 12:00:12.871176 18004 config_data.cc:72] loading config file 'D:\Software\Rime\weasel-0.15.1\data\wubi_trad.schema.yaml'.
I20240511 12:00:12.871176 18004 config_data.cc:72] loading config file 'D:\Personal\OneDrive\Programm\Rime\double_pinyin_flypy.schema.yaml'.
I20240511 12:00:12.874168 18004 config_data.cc:72] loading config file 'D:\Personal\OneDrive\Programm\Rime\melt_eng.schema.yaml'.
I20240511 12:00:12.876163 18004 config_data.cc:72] loading config file 'D:\Personal\OneDrive\Programm\Rime\radical_pinyin.schema.yaml'.
I20240511 12:00:12.878157 18004 config_data.cc:72] loading config file 'D:\Personal\OneDrive\Programm\Rime\build\weasel.yaml'.
I20240511 12:00:12.882146 18004 config_data.cc:72] loading config file 'D:\Personal\OneDrive\Programm\Rime\weasel.custom.yaml'.
