Log file created at: 2024/05/11 11:52:41
Running on machine: YBW
Running duration (h:mm:ss): 0:00:00
Log line format: [IWEF]yyyymmdd hh:mm:ss.uuuuuu threadid file:line] msg
I20240511 11:52:41.333032 12020 core_module.cc:20] registering core components.
I20240511 11:52:41.335028 12020 registry.cc:14] registering component: config_builder
I20240511 11:52:41.335028 12020 registry.cc:14] registering component: config
I20240511 11:52:41.335028 12020 registry.cc:14] registering component: schema
I20240511 11:52:41.335028 12020 registry.cc:14] registering component: user_config
I20240511 11:52:41.335028 12020 dict_module.cc:25] registering components from module 'dict'.
I20240511 11:52:41.335028 12020 registry.cc:14] registering component: tabledb
I20240511 11:52:41.335028 12020 registry.cc:14] registering component: stabledb
I20240511 11:52:41.335028 12020 registry.cc:14] registering component: plain_userdb
I20240511 11:52:41.335028 12020 registry.cc:14] registering component: userdb
I20240511 11:52:41.335028 12020 registry.cc:14] registering component: corrector
I20240511 11:52:41.335028 12020 registry.cc:14] registering component: dictionary
I20240511 11:52:41.335028 12020 registry.cc:14] registering component: reverse_lookup_dictionary
I20240511 11:52:41.335028 12020 registry.cc:14] registering component: user_dictionary
I20240511 11:52:41.335028 12020 registry.cc:14] registering component: userdb_recovery_task
I20240511 11:52:41.335028 12020 gears_module.cc:42] registering components from module 'gears'.
I20240511 11:52:41.335028 12020 registry.cc:14] registering component: ascii_composer
I20240511 11:52:41.335028 12020 registry.cc:14] registering component: chord_composer
I20240511 11:52:41.335028 12020 registry.cc:14] registering component: express_editor
I20240511 11:52:41.335028 12020 registry.cc:14] registering component: fluid_editor
I20240511 11:52:41.335028 12020 registry.cc:14] registering component: fluency_editor
I20240511 11:52:41.335028 12020 registry.cc:14] registering component: key_binder
I20240511 11:52:41.335028 12020 registry.cc:14] registering component: navigator
I20240511 11:52:41.335028 12020 registry.cc:14] registering component: punctuator
I20240511 11:52:41.335028 12020 registry.cc:14] registering component: recognizer
I20240511 11:52:41.335028 12020 registry.cc:14] registering component: selector
I20240511 11:52:41.335028 12020 registry.cc:14] registering component: speller
I20240511 11:52:41.335028 12020 registry.cc:14] registering component: shape_processor
I20240511 11:52:41.335028 12020 registry.cc:14] registering component: abc_segmentor
I20240511 11:52:41.335028 12020 registry.cc:14] registering component: affix_segmentor
I20240511 11:52:41.335028 12020 registry.cc:14] registering component: ascii_segmentor
I20240511 11:52:41.335028 12020 registry.cc:14] registering component: matcher
I20240511 11:52:41.335028 12020 registry.cc:14] registering component: punct_segmentor
I20240511 11:52:41.335028 12020 registry.cc:14] registering component: fallback_segmentor
I20240511 11:52:41.335028 12020 registry.cc:14] registering component: echo_translator
I20240511 11:52:41.335028 12020 registry.cc:14] registering component: punct_translator
I20240511 11:52:41.336025 12020 registry.cc:14] registering component: table_translator
I20240511 11:52:41.336025 12020 registry.cc:14] registering component: script_translator
I20240511 11:52:41.336025 12020 registry.cc:14] registering component: r10n_translator
I20240511 11:52:41.336025 12020 registry.cc:14] registering component: reverse_lookup_translator
I20240511 11:52:41.336025 12020 registry.cc:14] registering component: schema_list_translator
I20240511 11:52:41.336025 12020 registry.cc:14] registering component: switch_translator
I20240511 11:52:41.336025 12020 registry.cc:14] registering component: history_translator
I20240511 11:52:41.336025 12020 registry.cc:14] registering component: simplifier
I20240511 11:52:41.336025 12020 registry.cc:14] registering component: uniquifier
I20240511 11:52:41.336025 12020 registry.cc:14] registering component: charset_filter
I20240511 11:52:41.336025 12020 registry.cc:14] registering component: cjk_minifier
I20240511 11:52:41.336025 12020 registry.cc:14] registering component: reverse_lookup_filter
I20240511 11:52:41.336025 12020 registry.cc:14] registering component: single_char_filter
I20240511 11:52:41.336025 12020 registry.cc:14] registering component: shape_formatter
I20240511 11:52:41.336025 12020 registry.cc:14] registering component: codepoint_translator
I20240511 11:52:41.336025 12020 registry.cc:14] registering component: charset_filter
W20240511 11:52:41.336025 12020 registry.cc:16] replacing previously registered component: charset_filter
I20240511 11:52:41.336025 12020 modules.cc:96] registering components from module 'lua'.
I20240511 11:52:41.362953 12020 registry.cc:14] registering component: lua_translator
I20240511 11:52:41.362953 12020 registry.cc:14] registering component: lua_filter
I20240511 11:52:41.362953 12020 registry.cc:14] registering component: lua_segmentor
I20240511 11:52:41.363950 12020 registry.cc:14] registering component: lua_processor
I20240511 11:52:41.363950 12020 grammar_module.cc:15] registering components from module 'grammar'.
I20240511 11:52:41.363950 12020 registry.cc:14] registering component: grammar
I20240511 11:52:41.363950 12020 registry.cc:14] registering component: predictor
I20240511 11:52:41.363950 12020 registry.cc:14] registering component: predict_translator
I20240511 11:52:41.363950 12020 levers_module.cc:22] registering components from module 'levers'.
I20240511 11:52:41.363950 12020 registry.cc:14] registering component: detect_modifications
I20240511 11:52:41.363950 12020 registry.cc:14] registering component: installation_update
I20240511 11:52:41.363950 12020 registry.cc:14] registering component: workspace_update
I20240511 11:52:41.363950 12020 registry.cc:14] registering component: schema_update
I20240511 11:52:41.363950 12020 registry.cc:14] registering component: config_file_update
I20240511 11:52:41.363950 12020 registry.cc:14] registering component: prebuild_all_schemas
I20240511 11:52:41.363950 12020 registry.cc:14] registering component: user_dict_upgrade
I20240511 11:52:41.363950 12020 registry.cc:14] registering component: cleanup_trash
I20240511 11:52:41.363950 12020 registry.cc:14] registering component: user_dict_sync
I20240511 11:52:41.363950 12020 registry.cc:14] registering component: backup_config_files
I20240511 11:52:41.363950 12020 registry.cc:14] registering component: clean_old_log_files
I20240511 11:52:41.363950 12020 deployment_tasks.cc:85] updating rime installation info.
I20240511 11:52:41.363950 12020 config_data.cc:72] loading config file 'D:\Personal\OneDrive\Programm\Rime\installation.yaml'.
I20240511 11:52:41.364948 12020 deployment_tasks.cc:103] installation info exists. installation id: 2f2594ca-3d2a-4e7d-a7e6-2dcf30c4fd38
I20240511 11:52:41.364948 12020 deployment_tasks.cc:114] sync dir: D:\Personal\OneDrive\Programm\Rime\sync
I20240511 11:52:41.364948 12020 deployment_tasks.cc:116] previous distribution: Weasel
I20240511 11:52:41.364948 12020 deployment_tasks.cc:119] previous distribution version: 0.15.0
I20240511 11:52:41.364948 12020 deployment_tasks.cc:122] previous Rime version: 1.11.2
I20240511 11:52:41.364948 12020 deployment_tasks.cc:131] creating installation info.
I20240511 11:52:41.364948 12020 config_data.cc:201] write: update_time
I20240511 11:52:41.364948 12020 config_data.cc:201] write: distribution_name
I20240511 11:52:41.364948 12020 deployment_tasks.cc:148] distribution: 小狼毫
I20240511 11:52:41.364948 12020 config_data.cc:201] write: distribution_code_name
I20240511 11:52:41.364948 12020 deployment_tasks.cc:153] distribution code name: Weasel
I20240511 11:52:41.364948 12020 config_data.cc:201] write: distribution_version
I20240511 11:52:41.364948 12020 deployment_tasks.cc:157] distribution version: 0.15.1.0
I20240511 11:52:41.364948 12020 config_data.cc:201] write: rime_version
I20240511 11:52:41.364948 12020 deployment_tasks.cc:160] Rime version: 1.11.0
I20240511 11:52:41.364948 12020 config_data.cc:91] saving config file 'D:\Personal\OneDrive\Programm\Rime\installation.yaml'.
I20240511 11:52:41.383539 12020 config_data.cc:72] loading config file 'D:\Personal\OneDrive\Programm\Rime\user.yaml'.
I20240511 11:52:41.384536 12020 deployment_tasks.cc:78] modifications detected. workspace needs update.
I20240511 11:52:41.384536 12020 rime_api.cc:106] changes detected; starting maintenance.
I20240511 11:52:41.384536 12020 deployer.cc:118] starting work thread for 3 tasks.
I20240511 11:52:41.384536 20840 deployer.cc:79] running deployment tasks:
I20240511 11:52:41.384536 12020 config_data.cc:72] loading config file 'D:\Personal\OneDrive\Programm\Rime\build\weasel.yaml'.
I20240511 11:52:41.384536 20840 deployment_tasks.cc:165] updating workspace.
I20240511 11:52:41.384536 20840 config_data.cc:72] loading config file 'D:\Software\Rime\weasel-0.15.1\data\default.yaml'.
I20240511 11:52:41.386531 20840 config_data.cc:72] loading config file 'D:\Personal\OneDrive\Programm\Rime\default.yaml'.
I20240511 11:52:41.390520 20840 config_data.cc:72] loading config file 'D:\Personal\OneDrive\Programm\Rime\build\default.yaml'.
I20240511 11:52:41.398499 20840 config_data.cc:72] loading config file 'D:\Personal\OneDrive\Programm\Rime\build\default.yaml'.
I20240511 11:52:41.400493 20840 deployment_tasks.cc:188] updating schemas.
I20240511 11:52:41.400493 20840 deployment_tasks.cc:197] schema: double_pinyin_flypy
I20240511 11:52:41.401490 20840 config_data.cc:72] loading config file 'D:\Personal\OneDrive\Programm\Rime\double_pinyin_flypy.schema.yaml'.
I20240511 11:52:41.405480 20840 config_data.cc:72] loading config file 'D:\Personal\OneDrive\Programm\Rime\build\double_pinyin_flypy.schema.yaml'.
I20240511 11:52:41.434317 20840 deployment_tasks.cc:421] source file changed: D:\Personal\OneDrive\Programm\Rime\default.yaml
I20240511 11:52:41.435339 20840 config_data.cc:72] loading config file 'D:\Personal\OneDrive\Programm\Rime\double_pinyin_flypy.schema.yaml'.
I20240511 11:52:41.440889 20840 auto_patch_config_plugin.cc:29] auto-patch double_pinyin_flypy.schema:/__patch: double_pinyin_flypy.custom:/patch?
I20240511 11:52:41.440889 20840 config_data.cc:72] loading config file 'D:\Personal\OneDrive\Programm\Rime\default.yaml'.
I20240511 11:52:41.443881 20840 auto_patch_config_plugin.cc:29] auto-patch default:/__patch: default.custom:/patch?
I20240511 11:52:41.443881 20840 config_data.cc:72] loading config file 'D:\Personal\OneDrive\Programm\Rime\default.custom.yaml'.
I20240511 11:52:41.444878 20840 config_compiler.cc:214] patching key_binder/bindings/+
I20240511 11:52:41.444878 20840 config_compiler.cc:214] patching menu
I20240511 11:52:41.444878 20840 config_compiler.cc:214] patching schema_list
I20240511 11:52:41.444878 20840 config_compiler.cc:537] resolved: Patch(default.custom:patch <optional>)
I20240511 11:52:41.444878 20840 config_compiler.cc:537] resolved: Include(default:/punctuator/full_shape)
I20240511 11:52:41.444878 20840 config_compiler.cc:537] resolved: PendingChild(double_pinyin_flypy.schema:/punctuator/full_shape)
I20240511 11:52:41.444878 20840 config_compiler.cc:537] resolved: Include(default:/punctuator/half_shape)
I20240511 11:52:41.444878 20840 config_compiler.cc:537] resolved: PendingChild(double_pinyin_flypy.schema:/punctuator/half_shape)
I20240511 11:52:41.444878 20840 config_data.cc:72] loading config file 'D:\Personal\OneDrive\Programm\Rime\symbols_caps_v.yaml'.
I20240511 11:52:41.478947 20840 auto_patch_config_plugin.cc:29] auto-patch symbols_caps_v:/__patch: symbols_caps_v.custom:/patch?
W20240511 11:52:41.479945 20840 config_data.cc:69] nonexistent config file 'D:\Personal\OneDrive\Programm\Rime\symbols_caps_v.custom.yaml'.
I20240511 11:52:41.479945 20840 config_compiler.cc:426] optional resource not loaded: symbols_caps_v.custom
I20240511 11:52:41.479945 20840 config_compiler.cc:537] resolved: Patch(symbols_caps_v.custom:patch <optional>)
I20240511 11:52:41.479945 20840 config_compiler.cc:537] resolved: Include(symbols_caps_v:/symbols)
I20240511 11:52:41.479945 20840 config_compiler.cc:537] resolved: PendingChild(double_pinyin_flypy.schema:/punctuator/symbols)
I20240511 11:52:41.479945 20840 config_compiler.cc:537] resolved: PendingChild(double_pinyin_flypy.schema:/punctuator)
I20240511 11:52:41.479945 20840 config_data.cc:72] loading config file 'D:\Personal\OneDrive\Programm\Rime\double_pinyin_flypy.custom.yaml'.
I20240511 11:52:41.480942 20840 config_compiler.cc:214] patching engine/filters/@before last
I20240511 11:52:41.480942 20840 config_compiler.cc:214] patching key_binder/+
I20240511 11:52:41.480942 20840 config_compiler.cc:214] patching radical_lookup/prefix
I20240511 11:52:41.480942 20840 config_compiler.cc:214] patching radical_lookup/tips
I20240511 11:52:41.480942 20840 config_compiler.cc:214] patching recognizer/patterns/radical_lookup
I20240511 11:52:41.480942 20840 config_compiler.cc:214] patching speller/alphabet
I20240511 11:52:41.480942 20840 config_compiler.cc:214] patching speller/initials
I20240511 11:52:41.480942 20840 config_compiler.cc:214] patching switches
I20240511 11:52:41.480942 20840 config_compiler.cc:214] patching translator/preedit_format
I20240511 11:52:41.480942 20840 config_compiler.cc:537] resolved: Patch(double_pinyin_flypy.custom:patch <optional>)
I20240511 11:52:41.480942 20840 legacy_preset_config_plugin.cc:26] interpreting key_binder/import_preset: default
I20240511 11:52:41.481940 20840 legacy_preset_config_plugin.cc:65] interpreting recognizer/import_preset: default
I20240511 11:52:41.481940 20840 build_info_plugin.cc:27] resource 'symbols_caps_v.custom' not loaded.
I20240511 11:52:41.481940 20840 config_data.cc:91] saving config file 'D:\Personal\OneDrive\Programm\Rime\build\double_pinyin_flypy.schema.yaml'.
I20240511 11:52:41.492910 20840 config_data.cc:72] loading config file 'D:\Personal\OneDrive\Programm\Rime\build\double_pinyin_flypy.schema.yaml'.
I20240511 11:52:41.519670 20840 deployment_tasks.cc:360] preparing dictionary 'rime_ice'.
I20240511 11:52:41.519670 20840 dict_compiler.cc:81] compiling dictionary for D:\Personal\OneDrive\Programm\Rime\build\double_pinyin_flypy.schema.yaml
I20240511 11:52:42.295450 20840 table.cc:254] loading table file: D:\Personal\OneDrive\Programm\Rime\build\rime_ice.table.bin
I20240511 11:52:42.308416 20840 prism.cc:76] loading prism file: D:\Personal\OneDrive\Programm\Rime\build\double_pinyin_flypy.prism.bin
I20240511 11:52:42.308416 20840 prism.cc:106] found double array image of size 1024.
I20240511 11:52:42.308416 20840 dict_compiler.cc:126] D:\Personal\OneDrive\Programm\Rime\rime_ice.dict.yaml[6 file(s)] (609712873)
I20240511 11:52:42.308416 20840 dict_compiler.cc:128] D:\Personal\OneDrive\Programm\Rime\build\double_pinyin_flypy.schema.yaml (2799438192)
I20240511 11:52:42.308416 20840 reverse_lookup_dictionary.cc:33] loading reversedb: D:\Personal\OneDrive\Programm\Rime\build\rime_ice.reverse.bin
I20240511 11:52:42.309413 20840 dict_compiler.cc:299] building prism...
I20240511 11:52:42.309413 20840 table.cc:254] loading table file: D:\Personal\OneDrive\Programm\Rime\build\rime_ice.table.bin
I20240511 11:52:42.323375 20840 config_data.cc:72] loading config file 'D:\Personal\OneDrive\Programm\Rime\build\double_pinyin_flypy.schema.yaml'.
I20240511 11:52:42.364266 20840 mapped_file.cc:59] creating file 'D:\Personal\OneDrive\Programm\Rime\build\double_pinyin_flypy.prism.bin'.
I20240511 11:52:42.364266 20840 mapped_file.cc:70] opening file for read/write access.
I20240511 11:52:42.364266 20840 prism.cc:117] saving prism file: D:\Personal\OneDrive\Programm\Rime\build\double_pinyin_flypy.prism.bin
I20240511 11:52:42.364266 20840 mapped_file.cc:118] shrinking file to fit data size. capacity: 24820
I20240511 11:52:42.364266 20840 mapped_file.cc:129] resize file to: 15160
I20240511 11:52:42.365265 20840 deployment_tasks.cc:377] dictionary 'rime_ice' is ready.
I20240511 11:52:42.367259 20840 config_data.cc:72] loading config file 'D:\Personal\OneDrive\Programm\Rime\build\double_pinyin_flypy.schema.yaml'.
I20240511 11:52:42.383216 20840 deployment_tasks.cc:197] schema: melt_eng
I20240511 11:52:42.383216 20840 config_data.cc:72] loading config file 'D:\Personal\OneDrive\Programm\Rime\melt_eng.schema.yaml'.
I20240511 11:52:42.385210 20840 config_data.cc:72] loading config file 'D:\Personal\OneDrive\Programm\Rime\build\melt_eng.schema.yaml'.
I20240511 11:52:42.390197 20840 deployment_tasks.cc:421] source file changed: D:\Personal\OneDrive\Programm\Rime\default.custom.yaml
I20240511 11:52:42.391194 20840 config_data.cc:72] loading config file 'D:\Personal\OneDrive\Programm\Rime\melt_eng.schema.yaml'.
I20240511 11:52:42.392192 20840 auto_patch_config_plugin.cc:29] auto-patch melt_eng.schema:/__patch: melt_eng.custom:/patch?
W20240511 11:52:42.392192 20840 config_compiler.cc:527] circular dependencies detected in melt_eng.schema:
W20240511 11:52:42.393189 20840 config_compiler.cc:367] accessing blocking node with unresolved dependencies: melt_eng.schema:
W20240511 11:52:42.393189 20840 config_compiler.cc:527] circular dependencies detected in melt_eng.schema:
W20240511 11:52:42.393189 20840 config_compiler.cc:367] accessing blocking node with unresolved dependencies: melt_eng.schema:
I20240511 11:52:42.393189 20840 config_compiler.cc:537] resolved: Include(melt_eng.schema:algebra_common)
I20240511 11:52:42.393189 20840 config_compiler.cc:537] resolved: Include(melt_eng.schema:algebra_rime_ice)
I20240511 11:52:42.393189 20840 config_compiler.cc:537] resolved: PendingChild(melt_eng.schema:/speller/algebra)
I20240511 11:52:42.393189 20840 config_compiler.cc:537] resolved: PendingChild(melt_eng.schema:/speller)
I20240511 11:52:42.393189 20840 config_compiler.cc:537] resolved: PendingChild(melt_eng.schema:/algebra_rime_ice)
W20240511 11:52:42.393189 20840 config_compiler.cc:527] circular dependencies detected in melt_eng.schema:
W20240511 11:52:42.393189 20840 config_compiler.cc:367] accessing blocking node with unresolved dependencies: melt_eng.schema:
I20240511 11:52:42.393189 20840 config_compiler.cc:537] resolved: Include(melt_eng.schema:algebra_common)
I20240511 11:52:42.393189 20840 config_compiler.cc:537] resolved: PendingChild(melt_eng.schema:/algebra_double_pinyin)
W20240511 11:52:42.393189 20840 config_compiler.cc:527] circular dependencies detected in melt_eng.schema:
W20240511 11:52:42.393189 20840 config_compiler.cc:367] accessing blocking node with unresolved dependencies: melt_eng.schema:
I20240511 11:52:42.393189 20840 config_compiler.cc:537] resolved: Include(melt_eng.schema:algebra_common)
I20240511 11:52:42.393189 20840 config_compiler.cc:537] resolved: PendingChild(melt_eng.schema:/algebra_flypy)
W20240511 11:52:42.393189 20840 config_compiler.cc:527] circular dependencies detected in melt_eng.schema:
W20240511 11:52:42.393189 20840 config_compiler.cc:367] accessing blocking node with unresolved dependencies: melt_eng.schema:
I20240511 11:52:42.393189 20840 config_compiler.cc:537] resolved: Include(melt_eng.schema:algebra_common)
I20240511 11:52:42.393189 20840 config_compiler.cc:537] resolved: PendingChild(melt_eng.schema:/algebra_mspy)
W20240511 11:52:42.393189 20840 config_compiler.cc:527] circular dependencies detected in melt_eng.schema:
W20240511 11:52:42.393189 20840 config_compiler.cc:367] accessing blocking node with unresolved dependencies: melt_eng.schema:
I20240511 11:52:42.393189 20840 config_compiler.cc:537] resolved: Include(melt_eng.schema:algebra_common)
I20240511 11:52:42.393189 20840 config_compiler.cc:537] resolved: PendingChild(melt_eng.schema:/algebra_sogou)
W20240511 11:52:42.393189 20840 config_compiler.cc:527] circular dependencies detected in melt_eng.schema:
W20240511 11:52:42.393189 20840 config_compiler.cc:367] accessing blocking node with unresolved dependencies: melt_eng.schema:
I20240511 11:52:42.393189 20840 config_compiler.cc:537] resolved: Include(melt_eng.schema:algebra_common)
I20240511 11:52:42.393189 20840 config_compiler.cc:537] resolved: PendingChild(melt_eng.schema:/algebra_abc)
W20240511 11:52:42.393189 20840 config_compiler.cc:527] circular dependencies detected in melt_eng.schema:
W20240511 11:52:42.393189 20840 config_compiler.cc:367] accessing blocking node with unresolved dependencies: melt_eng.schema:
I20240511 11:52:42.393189 20840 config_compiler.cc:537] resolved: Include(melt_eng.schema:algebra_common)
I20240511 11:52:42.393189 20840 config_compiler.cc:537] resolved: PendingChild(melt_eng.schema:/algebra_ziguang)
W20240511 11:52:42.393189 20840 config_data.cc:69] nonexistent config file 'D:\Personal\OneDrive\Programm\Rime\melt_eng.custom.yaml'.
I20240511 11:52:42.393189 20840 config_compiler.cc:426] optional resource not loaded: melt_eng.custom
I20240511 11:52:42.393189 20840 config_compiler.cc:537] resolved: Patch(melt_eng.custom:patch <optional>)
I20240511 11:52:42.393189 20840 config_data.cc:72] loading config file 'D:\Personal\OneDrive\Programm\Rime\default.yaml'.
I20240511 11:52:42.395184 20840 auto_patch_config_plugin.cc:29] auto-patch default:/__patch: default.custom:/patch?
I20240511 11:52:42.395184 20840 config_data.cc:72] loading config file 'D:\Personal\OneDrive\Programm\Rime\default.custom.yaml'.
I20240511 11:52:42.395184 20840 config_compiler.cc:214] patching key_binder/bindings/+
I20240511 11:52:42.395184 20840 config_compiler.cc:214] patching menu
I20240511 11:52:42.395184 20840 config_compiler.cc:214] patching schema_list
I20240511 11:52:42.395184 20840 config_compiler.cc:537] resolved: Patch(default.custom:patch <optional>)
I20240511 11:52:42.395184 20840 legacy_preset_config_plugin.cc:26] interpreting key_binder/import_preset: default
I20240511 11:52:42.396180 20840 legacy_preset_config_plugin.cc:52] interpreting punctuator/import_preset: default
I20240511 11:52:42.396180 20840 legacy_preset_config_plugin.cc:65] interpreting recognizer/import_preset: default
I20240511 11:52:42.396180 20840 build_info_plugin.cc:27] resource 'melt_eng.custom' not loaded.
I20240511 11:52:42.396180 20840 config_data.cc:91] saving config file 'D:\Personal\OneDrive\Programm\Rime\build\melt_eng.schema.yaml'.
I20240511 11:52:42.398176 20840 config_data.cc:72] loading config file 'D:\Personal\OneDrive\Programm\Rime\build\melt_eng.schema.yaml'.
I20240511 11:52:42.402165 20840 deployment_tasks.cc:360] preparing dictionary 'melt_eng'.
I20240511 11:52:42.403162 20840 dict_compiler.cc:81] compiling dictionary for D:\Personal\OneDrive\Programm\Rime\build\melt_eng.schema.yaml
I20240511 11:52:42.411141 20840 table.cc:254] loading table file: D:\Personal\OneDrive\Programm\Rime\build\melt_eng.table.bin
I20240511 11:52:42.411141 20840 prism.cc:76] loading prism file: D:\Personal\OneDrive\Programm\Rime\build\melt_eng.prism.bin
I20240511 11:52:42.411141 20840 prism.cc:106] found double array image of size 660992.
I20240511 11:52:42.412138 20840 dict_compiler.cc:126] D:\Personal\OneDrive\Programm\Rime\melt_eng.dict.yaml[3 file(s)] (1038382345)
I20240511 11:52:42.412138 20840 dict_compiler.cc:128] D:\Personal\OneDrive\Programm\Rime\build\melt_eng.schema.yaml (4008844994)
I20240511 11:52:42.412138 20840 reverse_lookup_dictionary.cc:33] loading reversedb: D:\Personal\OneDrive\Programm\Rime\build\melt_eng.reverse.bin
I20240511 11:52:42.413136 20840 dict_compiler.cc:299] building prism...
I20240511 11:52:42.413136 20840 table.cc:254] loading table file: D:\Personal\OneDrive\Programm\Rime\build\melt_eng.table.bin
I20240511 11:52:42.430090 20840 config_data.cc:72] loading config file 'D:\Personal\OneDrive\Programm\Rime\build\melt_eng.schema.yaml'.
I20240511 11:52:50.273645 20840 mapped_file.cc:59] creating file 'D:\Personal\OneDrive\Programm\Rime\build\melt_eng.prism.bin'.
I20240511 11:52:50.273645 20840 mapped_file.cc:70] opening file for read/write access.
I20240511 11:52:50.362308 20840 prism.cc:117] saving prism file: D:\Personal\OneDrive\Programm\Rime\build\melt_eng.prism.bin
I20240511 11:52:50.362308 20840 mapped_file.cc:118] shrinking file to fit data size. capacity: 10760004
I20240511 11:52:50.362308 20840 mapped_file.cc:129] resize file to: 7068744
I20240511 11:52:50.392230 20840 deployment_tasks.cc:377] dictionary 'melt_eng' is ready.
I20240511 11:52:50.392230 20840 deployment_tasks.cc:197] schema: radical_pinyin
I20240511 11:52:50.392230 20840 config_data.cc:72] loading config file 'D:\Personal\OneDrive\Programm\Rime\radical_pinyin.schema.yaml'.
I20240511 11:52:50.394223 20840 config_data.cc:72] loading config file 'D:\Personal\OneDrive\Programm\Rime\build\radical_pinyin.schema.yaml'.
I20240511 11:52:50.397217 20840 deployment_tasks.cc:421] source file changed: D:\Personal\OneDrive\Programm\Rime\default.custom.yaml
I20240511 11:52:50.398213 20840 config_data.cc:72] loading config file 'D:\Personal\OneDrive\Programm\Rime\radical_pinyin.schema.yaml'.
I20240511 11:52:50.400208 20840 auto_patch_config_plugin.cc:29] auto-patch radical_pinyin.schema:/__patch: radical_pinyin.custom:/patch?
I20240511 11:52:50.400208 20840 config_data.cc:72] loading config file 'D:\Personal\OneDrive\Programm\Rime\default.yaml'.
I20240511 11:52:50.402132 20840 auto_patch_config_plugin.cc:29] auto-patch default:/__patch: default.custom:/patch?
I20240511 11:52:50.402132 20840 config_data.cc:72] loading config file 'D:\Personal\OneDrive\Programm\Rime\default.custom.yaml'.
I20240511 11:52:50.402637 20840 config_compiler.cc:214] patching key_binder/bindings/+
I20240511 11:52:50.402637 20840 config_compiler.cc:214] patching menu
I20240511 11:52:50.402637 20840 config_compiler.cc:214] patching schema_list
I20240511 11:52:50.402637 20840 config_compiler.cc:537] resolved: Patch(default.custom:patch <optional>)
I20240511 11:52:50.402637 20840 config_compiler.cc:537] resolved: Include(default:/key_binder <optional>)
I20240511 11:52:50.402637 20840 config_compiler.cc:537] resolved: PendingChild(radical_pinyin.schema:/key_binder)
W20240511 11:52:50.402637 20840 config_compiler.cc:527] circular dependencies detected in radical_pinyin.schema:
W20240511 11:52:50.402637 20840 config_compiler.cc:367] accessing blocking node with unresolved dependencies: radical_pinyin.schema:
I20240511 11:52:50.402637 20840 config_compiler.cc:537] resolved: Include(radical_pinyin.schema:algebra_flypy)
I20240511 11:52:50.402637 20840 config_compiler.cc:537] resolved: PendingChild(radical_pinyin.schema:/speller/algebra)
I20240511 11:52:50.402637 20840 config_compiler.cc:537] resolved: PendingChild(radical_pinyin.schema:/speller)
W20240511 11:52:50.402637 20840 config_data.cc:69] nonexistent config file 'D:\Personal\OneDrive\Programm\Rime\radical_pinyin.custom.yaml'.
I20240511 11:52:50.402637 20840 config_compiler.cc:426] optional resource not loaded: radical_pinyin.custom
I20240511 11:52:50.402637 20840 config_compiler.cc:537] resolved: Patch(radical_pinyin.custom:patch <optional>)
I20240511 11:52:50.402637 20840 build_info_plugin.cc:27] resource 'radical_pinyin.custom' not loaded.
I20240511 11:52:50.402637 20840 config_data.cc:91] saving config file 'D:\Personal\OneDrive\Programm\Rime\build\radical_pinyin.schema.yaml'.
I20240511 11:52:50.404634 20840 config_data.cc:72] loading config file 'D:\Personal\OneDrive\Programm\Rime\build\radical_pinyin.schema.yaml'.
I20240511 11:52:50.406628 20840 deployment_tasks.cc:360] preparing dictionary 'radical_pinyin'.
I20240511 11:52:50.407626 20840 dict_compiler.cc:81] compiling dictionary for D:\Personal\OneDrive\Programm\Rime\build\radical_pinyin.schema.yaml
I20240511 11:52:50.415604 20840 table.cc:254] loading table file: D:\Personal\OneDrive\Programm\Rime\build\radical_pinyin.table.bin
I20240511 11:52:50.415604 20840 prism.cc:76] loading prism file: D:\Personal\OneDrive\Programm\Rime\build\radical_pinyin.prism.bin
I20240511 11:52:50.415604 20840 prism.cc:106] found double array image of size 81920.
I20240511 11:52:50.415604 20840 dict_compiler.cc:126] D:\Personal\OneDrive\Programm\Rime\radical_pinyin.dict.yaml[1 file(s)] (2800115411)
I20240511 11:52:50.415604 20840 dict_compiler.cc:128] D:\Personal\OneDrive\Programm\Rime\build\radical_pinyin.schema.yaml (1894592425)
I20240511 11:52:50.415604 20840 reverse_lookup_dictionary.cc:33] loading reversedb: D:\Personal\OneDrive\Programm\Rime\build\radical_pinyin.reverse.bin
I20240511 11:52:50.418596 20840 dict_compiler.cc:299] building prism...
I20240511 11:52:50.418596 20840 table.cc:254] loading table file: D:\Personal\OneDrive\Programm\Rime\build\radical_pinyin.table.bin
I20240511 11:52:50.440538 20840 config_data.cc:72] loading config file 'D:\Personal\OneDrive\Programm\Rime\build\radical_pinyin.schema.yaml'.
I20240511 11:52:51.806021 20840 mapped_file.cc:59] creating file 'D:\Personal\OneDrive\Programm\Rime\build\radical_pinyin.prism.bin'.
I20240511 11:52:51.807018 20840 mapped_file.cc:70] opening file for read/write access.
I20240511 11:52:51.828959 20840 prism.cc:117] saving prism file: D:\Personal\OneDrive\Programm\Rime\build\radical_pinyin.prism.bin
I20240511 11:52:51.828959 20840 mapped_file.cc:118] shrinking file to fit data size. capacity: 1469316
I20240511 11:52:51.828959 20840 mapped_file.cc:129] resize file to: 950152
I20240511 11:52:51.835940 20840 deployment_tasks.cc:377] dictionary 'radical_pinyin' is ready.
I20240511 11:52:51.835940 20840 deployment_tasks.cc:245] finished updating schemas: 3 success, 0 failure.
I20240511 11:52:51.836937 20840 config_data.cc:72] loading config file 'D:\Personal\OneDrive\Programm\Rime\user.yaml'.
I20240511 11:52:51.836937 20840 config_data.cc:201] write: var/last_build_time
I20240511 11:52:51.836937 20840 config_data.cc:91] saving config file 'D:\Personal\OneDrive\Programm\Rime\user.yaml'.
I20240511 11:52:51.836937 20840 deployment_tasks.cc:583] clean up trash.
I20240511 11:52:51.838933 20840 deployer.cc:96] 3 tasks ran: 3 success, 0 failure.
I20240511 11:52:54.094707 20432 core_module.cc:20] registering core components.
I20240511 11:52:54.094707 20432 registry.cc:14] registering component: config_builder
I20240511 11:52:54.094707 20432 registry.cc:14] registering component: config
I20240511 11:52:54.094707 20432 registry.cc:14] registering component: schema
I20240511 11:52:54.094707 20432 registry.cc:14] registering component: user_config
I20240511 11:52:54.094707 20432 dict_module.cc:25] registering components from module 'dict'.
I20240511 11:52:54.094707 20432 registry.cc:14] registering component: tabledb
I20240511 11:52:54.094707 20432 registry.cc:14] registering component: stabledb
I20240511 11:52:54.094707 20432 registry.cc:14] registering component: plain_userdb
I20240511 11:52:54.094707 20432 registry.cc:14] registering component: userdb
I20240511 11:52:54.094707 20432 registry.cc:14] registering component: corrector
I20240511 11:52:54.094707 20432 registry.cc:14] registering component: dictionary
I20240511 11:52:54.094707 20432 registry.cc:14] registering component: reverse_lookup_dictionary
I20240511 11:52:54.094707 20432 registry.cc:14] registering component: user_dictionary
I20240511 11:52:54.094707 20432 registry.cc:14] registering component: userdb_recovery_task
I20240511 11:52:54.094707 20432 gears_module.cc:42] registering components from module 'gears'.
I20240511 11:52:54.094707 20432 registry.cc:14] registering component: ascii_composer
I20240511 11:52:54.094707 20432 registry.cc:14] registering component: chord_composer
I20240511 11:52:54.094707 20432 registry.cc:14] registering component: express_editor
I20240511 11:52:54.094707 20432 registry.cc:14] registering component: fluid_editor
I20240511 11:52:54.094707 20432 registry.cc:14] registering component: fluency_editor
I20240511 11:52:54.094707 20432 registry.cc:14] registering component: key_binder
I20240511 11:52:54.094707 20432 registry.cc:14] registering component: navigator
I20240511 11:52:54.094707 20432 registry.cc:14] registering component: punctuator
I20240511 11:52:54.094707 20432 registry.cc:14] registering component: recognizer
I20240511 11:52:54.094707 20432 registry.cc:14] registering component: selector
I20240511 11:52:54.094707 20432 registry.cc:14] registering component: speller
I20240511 11:52:54.094707 20432 registry.cc:14] registering component: shape_processor
I20240511 11:52:54.095706 20432 registry.cc:14] registering component: abc_segmentor
I20240511 11:52:54.095706 20432 registry.cc:14] registering component: affix_segmentor
I20240511 11:52:54.095706 20432 registry.cc:14] registering component: ascii_segmentor
I20240511 11:52:54.095706 20432 registry.cc:14] registering component: matcher
I20240511 11:52:54.095706 20432 registry.cc:14] registering component: punct_segmentor
I20240511 11:52:54.095706 20432 registry.cc:14] registering component: fallback_segmentor
I20240511 11:52:54.095706 20432 registry.cc:14] registering component: echo_translator
I20240511 11:52:54.095706 20432 registry.cc:14] registering component: punct_translator
I20240511 11:52:54.095706 20432 registry.cc:14] registering component: table_translator
I20240511 11:52:54.095706 20432 registry.cc:14] registering component: script_translator
I20240511 11:52:54.095706 20432 registry.cc:14] registering component: r10n_translator
I20240511 11:52:54.095706 20432 registry.cc:14] registering component: reverse_lookup_translator
I20240511 11:52:54.095706 20432 registry.cc:14] registering component: schema_list_translator
I20240511 11:52:54.095706 20432 registry.cc:14] registering component: switch_translator
I20240511 11:52:54.095706 20432 registry.cc:14] registering component: history_translator
I20240511 11:52:54.095706 20432 registry.cc:14] registering component: simplifier
I20240511 11:52:54.095706 20432 registry.cc:14] registering component: uniquifier
I20240511 11:52:54.095706 20432 registry.cc:14] registering component: charset_filter
I20240511 11:52:54.095706 20432 registry.cc:14] registering component: cjk_minifier
I20240511 11:52:54.095706 20432 registry.cc:14] registering component: reverse_lookup_filter
I20240511 11:52:54.095706 20432 registry.cc:14] registering component: single_char_filter
I20240511 11:52:54.095706 20432 registry.cc:14] registering component: shape_formatter
I20240511 11:52:54.095706 20432 registry.cc:14] registering component: codepoint_translator
I20240511 11:52:54.095706 20432 registry.cc:14] registering component: charset_filter
W20240511 11:52:54.095706 20432 registry.cc:16] replacing previously registered component: charset_filter
I20240511 11:52:54.095706 20432 modules.cc:96] registering components from module 'lua'.
I20240511 11:52:54.108671 20432 registry.cc:14] registering component: lua_translator
I20240511 11:52:54.108671 20432 registry.cc:14] registering component: lua_filter
I20240511 11:52:54.108671 20432 registry.cc:14] registering component: lua_segmentor
I20240511 11:52:54.108671 20432 registry.cc:14] registering component: lua_processor
I20240511 11:52:54.108671 20432 grammar_module.cc:15] registering components from module 'grammar'.
I20240511 11:52:54.108671 20432 registry.cc:14] registering component: grammar
I20240511 11:52:54.108671 20432 registry.cc:14] registering component: predictor
I20240511 11:52:54.108671 20432 registry.cc:14] registering component: predict_translator
I20240511 11:52:54.108671 20432 levers_module.cc:22] registering components from module 'levers'.
I20240511 11:52:54.108671 20432 registry.cc:14] registering component: detect_modifications
I20240511 11:52:54.108671 20432 registry.cc:14] registering component: installation_update
I20240511 11:52:54.108671 20432 registry.cc:14] registering component: workspace_update
I20240511 11:52:54.108671 20432 registry.cc:14] registering component: schema_update
I20240511 11:52:54.108671 20432 registry.cc:14] registering component: config_file_update
I20240511 11:52:54.108671 20432 registry.cc:14] registering component: prebuild_all_schemas
I20240511 11:52:54.108671 20432 registry.cc:14] registering component: user_dict_upgrade
I20240511 11:52:54.108671 20432 registry.cc:14] registering component: cleanup_trash
I20240511 11:52:54.108671 20432 registry.cc:14] registering component: user_dict_sync
I20240511 11:52:54.108671 20432 registry.cc:14] registering component: backup_config_files
I20240511 11:52:54.108671 20432 registry.cc:14] registering component: clean_old_log_files
I20240511 11:52:54.108671 20432 deployment_tasks.cc:85] updating rime installation info.
I20240511 11:52:54.109668 20432 config_data.cc:72] loading config file 'D:\Personal\OneDrive\Programm\Rime\installation.yaml'.
I20240511 11:52:54.109668 20432 deployment_tasks.cc:103] installation info exists. installation id: 2f2594ca-3d2a-4e7d-a7e6-2dcf30c4fd38
I20240511 11:52:54.109668 20432 deployment_tasks.cc:114] sync dir: D:\Personal\OneDrive\Programm\Rime\sync
I20240511 11:52:54.109668 20432 deployment_tasks.cc:116] previous distribution: Weasel
I20240511 11:52:54.109668 20432 deployment_tasks.cc:119] previous distribution version: 0.15.1.0
I20240511 11:52:54.109668 20432 deployment_tasks.cc:122] previous Rime version: 1.11.0
I20240511 11:52:54.126397 20432 config_data.cc:72] loading config file 'D:\Personal\OneDrive\Programm\Rime\user.yaml'.
I20240511 11:52:54.127394 20432 config_data.cc:72] loading config file 'D:\Personal\OneDrive\Programm\Rime\build\weasel.yaml'.
I20240511 11:52:56.638048 22216 config_data.cc:72] loading config file 'D:\Personal\OneDrive\Programm\Rime\build\default.yaml'.
I20240511 11:52:56.641041 22216 engine.cc:72] starting engine.
I20240511 11:52:56.641041 22216 config_data.cc:72] loading config file 'D:\Personal\OneDrive\Programm\Rime\user.yaml'.
I20240511 11:52:56.642040 22216 engine.cc:133] updated option: emoji
I20240511 11:52:56.642040 22216 engine.cc:133] updated option: traditionalization
I20240511 11:52:56.642040 22216 config_data.cc:72] loading config file 'D:\Personal\OneDrive\Programm\Rime\build\double_pinyin_flypy.schema.yaml'.
I20240511 11:52:56.666036 22216 engine.cc:133] updated option: _auto_commit
I20240511 11:52:56.666036 22216 dictionary.cc:360] loading dictionary 'rime_ice'.
I20240511 11:52:56.666036 22216 table.cc:254] loading table file: D:\Personal\OneDrive\Programm\Rime\build\rime_ice.table.bin
I20240511 11:52:56.681320 22216 prism.cc:76] loading prism file: D:\Personal\OneDrive\Programm\Rime\build\double_pinyin_flypy.prism.bin
I20240511 11:52:56.681320 22216 prism.cc:106] found double array image of size 1024.
I20240511 11:52:56.699780 22216 tsv.cc:18] reading tsv file: D:\Personal\OneDrive\Programm\Rime\custom_phrase_double.txt
I20240511 11:52:56.700778 22216 dictionary.cc:360] loading dictionary 'melt_eng'.
I20240511 11:52:56.700778 22216 table.cc:254] loading table file: D:\Personal\OneDrive\Programm\Rime\build\melt_eng.table.bin
I20240511 11:52:56.701776 22216 prism.cc:76] loading prism file: D:\Personal\OneDrive\Programm\Rime\build\melt_eng.prism.bin
I20240511 11:52:56.701776 22216 prism.cc:106] found double array image of size 660992.
I20240511 11:52:56.701776 22216 tsv.cc:18] reading tsv file: D:\Personal\OneDrive\Programm\Rime\en_dicts\cn_en_flypy.txt
I20240511 11:52:56.707759 22216 dictionary.cc:360] loading dictionary 'radical_pinyin'.
I20240511 11:52:56.707759 22216 table.cc:254] loading table file: D:\Personal\OneDrive\Programm\Rime\build\radical_pinyin.table.bin
I20240511 11:52:56.707759 22216 prism.cc:76] loading prism file: D:\Personal\OneDrive\Programm\Rime\build\radical_pinyin.prism.bin
I20240511 11:52:56.708756 22216 prism.cc:106] found double array image of size 81920.
I20240511 11:52:56.725347 22216 engine.cc:395] ConcreteEngine::InitializeOptions
I20240511 11:52:56.725347 22216 engine.cc:400] found switch option: ascii_mode, reset: 0
I20240511 11:52:56.725347 22216 engine.cc:133] updated option: ascii_mode
I20240511 11:52:56.725347 22216 engine.cc:400] found switch option: ascii_punct, reset: 0
I20240511 11:52:56.725347 22216 engine.cc:133] updated option: ascii_punct
I20240511 11:52:56.725347 22216 engine.cc:400] found switch option: traditionalization, reset: 0
I20240511 11:52:56.725347 22216 engine.cc:133] updated option: traditionalization
I20240511 11:52:56.725347 22216 engine.cc:400] found switch option: emoji, reset: 0
I20240511 11:52:56.725347 22216 engine.cc:133] updated option: emoji
I20240511 11:52:56.725347 22216 engine.cc:400] found switch option: full_shape, reset: 0
I20240511 11:52:56.725347 22216 engine.cc:133] updated option: full_shape
I20240511 11:52:56.725347 22216 engine.cc:147] updated property: client_app
I20240511 11:52:56.725347 22216 engine.cc:147] updated property: client_type
I20240511 11:52:56.725347 22216 engine.cc:133] updated option: inline_preedit
I20240511 11:52:56.725347 22216 engine.cc:133] updated option: soft_cursor
I20240511 11:52:56.725863 22216 engine.cc:133] updated option: inline_preedit
I20240511 11:52:56.725863 22216 engine.cc:133] updated option: soft_cursor
I20240511 11:52:56.728947 22216 engine.cc:96] engine disposed.
I20240511 11:52:56.729470 22216 level_db.cc:284] closed db 'rime_ice'.
I20240511 11:53:07.592422  5576 core_module.cc:20] registering core components.
I20240511 11:53:07.592422  5576 registry.cc:14] registering component: config_builder
I20240511 11:53:07.592422  5576 registry.cc:14] registering component: config
I20240511 11:53:07.592422  5576 registry.cc:14] registering component: schema
I20240511 11:53:07.592422  5576 registry.cc:14] registering component: user_config
I20240511 11:53:07.592422  5576 dict_module.cc:25] registering components from module 'dict'.
I20240511 11:53:07.592422  5576 registry.cc:14] registering component: tabledb
I20240511 11:53:07.592422  5576 registry.cc:14] registering component: stabledb
I20240511 11:53:07.592422  5576 registry.cc:14] registering component: plain_userdb
I20240511 11:53:07.592422  5576 registry.cc:14] registering component: userdb
I20240511 11:53:07.592422  5576 registry.cc:14] registering component: corrector
I20240511 11:53:07.592422  5576 registry.cc:14] registering component: dictionary
I20240511 11:53:07.592422  5576 registry.cc:14] registering component: reverse_lookup_dictionary
I20240511 11:53:07.592422  5576 registry.cc:14] registering component: user_dictionary
I20240511 11:53:07.592422  5576 registry.cc:14] registering component: userdb_recovery_task
I20240511 11:53:07.592422  5576 gears_module.cc:42] registering components from module 'gears'.
I20240511 11:53:07.592422  5576 registry.cc:14] registering component: ascii_composer
I20240511 11:53:07.592422  5576 registry.cc:14] registering component: chord_composer
I20240511 11:53:07.592422  5576 registry.cc:14] registering component: express_editor
I20240511 11:53:07.592422  5576 registry.cc:14] registering component: fluid_editor
I20240511 11:53:07.592422  5576 registry.cc:14] registering component: fluency_editor
I20240511 11:53:07.592422  5576 registry.cc:14] registering component: key_binder
I20240511 11:53:07.592422  5576 registry.cc:14] registering component: navigator
I20240511 11:53:07.592422  5576 registry.cc:14] registering component: punctuator
I20240511 11:53:07.592422  5576 registry.cc:14] registering component: recognizer
I20240511 11:53:07.592422  5576 registry.cc:14] registering component: selector
I20240511 11:53:07.592422  5576 registry.cc:14] registering component: speller
I20240511 11:53:07.592422  5576 registry.cc:14] registering component: shape_processor
I20240511 11:53:07.592422  5576 registry.cc:14] registering component: abc_segmentor
I20240511 11:53:07.592422  5576 registry.cc:14] registering component: affix_segmentor
I20240511 11:53:07.592422  5576 registry.cc:14] registering component: ascii_segmentor
I20240511 11:53:07.592422  5576 registry.cc:14] registering component: matcher
I20240511 11:53:07.592422  5576 registry.cc:14] registering component: punct_segmentor
I20240511 11:53:07.592422  5576 registry.cc:14] registering component: fallback_segmentor
I20240511 11:53:07.592422  5576 registry.cc:14] registering component: echo_translator
I20240511 11:53:07.592422  5576 registry.cc:14] registering component: punct_translator
I20240511 11:53:07.592422  5576 registry.cc:14] registering component: table_translator
I20240511 11:53:07.592422  5576 registry.cc:14] registering component: script_translator
I20240511 11:53:07.592422  5576 registry.cc:14] registering component: r10n_translator
I20240511 11:53:07.592422  5576 registry.cc:14] registering component: reverse_lookup_translator
I20240511 11:53:07.592422  5576 registry.cc:14] registering component: schema_list_translator
I20240511 11:53:07.592422  5576 registry.cc:14] registering component: switch_translator
I20240511 11:53:07.592422  5576 registry.cc:14] registering component: history_translator
I20240511 11:53:07.592422  5576 registry.cc:14] registering component: simplifier
I20240511 11:53:07.592422  5576 registry.cc:14] registering component: uniquifier
I20240511 11:53:07.592422  5576 registry.cc:14] registering component: charset_filter
I20240511 11:53:07.592422  5576 registry.cc:14] registering component: cjk_minifier
I20240511 11:53:07.592422  5576 registry.cc:14] registering component: reverse_lookup_filter
I20240511 11:53:07.592422  5576 registry.cc:14] registering component: single_char_filter
I20240511 11:53:07.592422  5576 registry.cc:14] registering component: shape_formatter
I20240511 11:53:07.592422  5576 registry.cc:14] registering component: codepoint_translator
I20240511 11:53:07.592422  5576 registry.cc:14] registering component: charset_filter
W20240511 11:53:07.592422  5576 registry.cc:16] replacing previously registered component: charset_filter
I20240511 11:53:07.592422  5576 modules.cc:96] registering components from module 'lua'.
I20240511 11:53:07.601364  5576 registry.cc:14] registering component: lua_translator
I20240511 11:53:07.601364  5576 registry.cc:14] registering component: lua_filter
I20240511 11:53:07.601364  5576 registry.cc:14] registering component: lua_segmentor
I20240511 11:53:07.601364  5576 registry.cc:14] registering component: lua_processor
I20240511 11:53:07.601364  5576 grammar_module.cc:15] registering components from module 'grammar'.
I20240511 11:53:07.601364  5576 registry.cc:14] registering component: grammar
I20240511 11:53:07.601364  5576 registry.cc:14] registering component: predictor
I20240511 11:53:07.601364  5576 registry.cc:14] registering component: predict_translator
I20240511 11:53:07.601364  5576 levers_module.cc:22] registering components from module 'levers'.
I20240511 11:53:07.601364  5576 registry.cc:14] registering component: detect_modifications
I20240511 11:53:07.601364  5576 registry.cc:14] registering component: installation_update
I20240511 11:53:07.601364  5576 registry.cc:14] registering component: workspace_update
I20240511 11:53:07.601364  5576 registry.cc:14] registering component: schema_update
I20240511 11:53:07.601364  5576 registry.cc:14] registering component: config_file_update
I20240511 11:53:07.601364  5576 registry.cc:14] registering component: prebuild_all_schemas
I20240511 11:53:07.601364  5576 registry.cc:14] registering component: user_dict_upgrade
I20240511 11:53:07.601364  5576 registry.cc:14] registering component: cleanup_trash
I20240511 11:53:07.601364  5576 registry.cc:14] registering component: user_dict_sync
I20240511 11:53:07.601364  5576 registry.cc:14] registering component: backup_config_files
I20240511 11:53:07.601364  5576 registry.cc:14] registering component: clean_old_log_files
I20240511 11:53:07.601364  5576 deployment_tasks.cc:85] updating rime installation info.
I20240511 11:53:07.601364  5576 config_data.cc:72] loading config file 'D:\Personal\OneDrive\Programm\Rime\installation.yaml'.
I20240511 11:53:07.601364  5576 deployment_tasks.cc:103] installation info exists. installation id: 2f2594ca-3d2a-4e7d-a7e6-2dcf30c4fd38
I20240511 11:53:07.601364  5576 deployment_tasks.cc:114] sync dir: D:\Personal\OneDrive\Programm\Rime\sync
I20240511 11:53:07.601364  5576 deployment_tasks.cc:116] previous distribution: Weasel
I20240511 11:53:07.601364  5576 deployment_tasks.cc:119] previous distribution version: 0.15.1.0
I20240511 11:53:07.601364  5576 deployment_tasks.cc:122] previous Rime version: 1.11.0
I20240511 11:53:07.615996  5576 config_data.cc:72] loading config file 'D:\Personal\OneDrive\Programm\Rime\user.yaml'.
I20240511 11:53:07.615996  5576 config_data.cc:72] loading config file 'D:\Personal\OneDrive\Programm\Rime\build\weasel.yaml'.
