Log file created at: 2024/05/11 11:56:36
Running on machine: YBW
Running duration (h:mm:ss): 0:00:00
Log line format: [IWEF]yyyymmdd hh:mm:ss.uuuuuu threadid file:line] msg
I20240511 11:56:36.697858 20864 core_module.cc:20] registering core components.
I20240511 11:56:36.699853 20864 registry.cc:14] registering component: config_builder
I20240511 11:56:36.699853 20864 registry.cc:14] registering component: config
I20240511 11:56:36.699853 20864 registry.cc:14] registering component: schema
I20240511 11:56:36.699853 20864 registry.cc:14] registering component: user_config
I20240511 11:56:36.699853 20864 dict_module.cc:25] registering components from module 'dict'.
I20240511 11:56:36.699853 20864 registry.cc:14] registering component: tabledb
I20240511 11:56:36.699853 20864 registry.cc:14] registering component: stabledb
I20240511 11:56:36.699853 20864 registry.cc:14] registering component: plain_userdb
I20240511 11:56:36.699853 20864 registry.cc:14] registering component: userdb
I20240511 11:56:36.699853 20864 registry.cc:14] registering component: corrector
I20240511 11:56:36.699853 20864 registry.cc:14] registering component: dictionary
I20240511 11:56:36.699853 20864 registry.cc:14] registering component: reverse_lookup_dictionary
I20240511 11:56:36.699853 20864 registry.cc:14] registering component: user_dictionary
I20240511 11:56:36.699853 20864 registry.cc:14] registering component: userdb_recovery_task
I20240511 11:56:36.699853 20864 levers_module.cc:22] registering components from module 'levers'.
I20240511 11:56:36.699853 20864 registry.cc:14] registering component: detect_modifications
I20240511 11:56:36.699853 20864 registry.cc:14] registering component: installation_update
I20240511 11:56:36.699853 20864 registry.cc:14] registering component: workspace_update
I20240511 11:56:36.699853 20864 registry.cc:14] registering component: schema_update
I20240511 11:56:36.699853 20864 registry.cc:14] registering component: config_file_update
I20240511 11:56:36.699853 20864 registry.cc:14] registering component: prebuild_all_schemas
I20240511 11:56:36.699853 20864 registry.cc:14] registering component: user_dict_upgrade
I20240511 11:56:36.699853 20864 registry.cc:14] registering component: cleanup_trash
I20240511 11:56:36.699853 20864 registry.cc:14] registering component: user_dict_sync
I20240511 11:56:36.699853 20864 registry.cc:14] registering component: backup_config_files
I20240511 11:56:36.699853 20864 registry.cc:14] registering component: clean_old_log_files
I20240511 11:56:36.699853 20864 config_data.cc:72] loading config file 'D:\Personal\OneDrive\Programm\Rime\build\default.yaml'.
I20240511 11:56:36.701848 20864 config_data.cc:72] loading config file 'D:\Personal\OneDrive\Programm\Rime\default.custom.yaml'.
I20240511 11:56:36.701848 20864 config_data.cc:72] loading config file 'D:\Software\Rime\weasel-0.15.1\data\092R.schema.yaml'.
I20240511 11:56:36.703387 20864 config_data.cc:72] loading config file 'D:\Software\Rime\weasel-0.15.1\data\bopomofo.schema.yaml'.
I20240511 11:56:36.705382 20864 config_data.cc:72] loading config file 'D:\Software\Rime\weasel-0.15.1\data\bopomofo_express.schema.yaml'.
I20240511 11:56:36.705382 20864 config_data.cc:72] loading config file 'D:\Software\Rime\weasel-0.15.1\data\bopomofo_tw.schema.yaml'.
I20240511 11:56:36.706379 20864 config_data.cc:72] loading config file 'D:\Software\Rime\weasel-0.15.1\data\cangjie5.schema.yaml'.
I20240511 11:56:36.707377 20864 config_data.cc:72] loading config file 'D:\Software\Rime\weasel-0.15.1\data\cangjie5_express.schema.yaml'.
I20240511 11:56:36.707377 20864 config_data.cc:72] loading config file 'D:\Software\Rime\weasel-0.15.1\data\luna_pinyin.schema.yaml'.
I20240511 11:56:36.708374 20864 config_data.cc:72] loading config file 'D:\Software\Rime\weasel-0.15.1\data\luna_pinyin_fluency.schema.yaml'.
I20240511 11:56:36.708374 20864 config_data.cc:72] loading config file 'D:\Software\Rime\weasel-0.15.1\data\luna_pinyin_simp.schema.yaml'.
I20240511 11:56:36.709371 20864 config_data.cc:72] loading config file 'D:\Software\Rime\weasel-0.15.1\data\luna_pinyin_tw.schema.yaml'.
I20240511 11:56:36.709371 20864 config_data.cc:72] loading config file 'D:\Software\Rime\weasel-0.15.1\data\luna_quanpin.schema.yaml'.
I20240511 11:56:36.709371 20864 config_data.cc:72] loading config file 'D:\Software\Rime\weasel-0.15.1\data\pinyin_simp.schema.yaml'.
I20240511 11:56:36.710369 20864 config_data.cc:72] loading config file 'D:\Software\Rime\weasel-0.15.1\data\stroke.schema.yaml'.
I20240511 11:56:36.711366 20864 config_data.cc:72] loading config file 'D:\Software\Rime\weasel-0.15.1\data\stzm.schema.yaml'.
I20240511 11:56:36.713361 20864 config_data.cc:72] loading config file 'D:\Software\Rime\weasel-0.15.1\data\terra_pinyin.schema.yaml'.
I20240511 11:56:36.714358 20864 config_data.cc:72] loading config file 'D:\Software\Rime\weasel-0.15.1\data\wubi86.schema.yaml'.
I20240511 11:56:36.715355 20864 config_data.cc:72] loading config file 'D:\Software\Rime\weasel-0.15.1\data\wubi986.schema.yaml'.
I20240511 11:56:36.715355 20864 config_data.cc:72] loading config file 'D:\Software\Rime\weasel-0.15.1\data\wubi_pinyin.schema.yaml'.
I20240511 11:56:36.716353 20864 config_data.cc:72] loading config file 'D:\Software\Rime\weasel-0.15.1\data\wubi_trad.schema.yaml'.
I20240511 11:56:36.717350 20864 config_data.cc:72] loading config file 'D:\Personal\OneDrive\Programm\Rime\double_pinyin_flypy.schema.yaml'.
I20240511 11:56:36.720342 20864 config_data.cc:72] loading config file 'D:\Personal\OneDrive\Programm\Rime\melt_eng.schema.yaml'.
I20240511 11:56:36.722337 20864 config_data.cc:72] loading config file 'D:\Personal\OneDrive\Programm\Rime\radical_pinyin.schema.yaml'.
I20240511 11:56:36.723335 20864 config_data.cc:72] loading config file 'D:\Personal\OneDrive\Programm\Rime\build\weasel.yaml'.
I20240511 11:56:36.728322 20864 config_data.cc:72] loading config file 'D:\Personal\OneDrive\Programm\Rime\weasel.custom.yaml'.
