Log file created at: 2024/05/11 11:57:01
Running on machine: YBW
Running duration (h:mm:ss): 0:00:00
Log line format: [IWEF]yyyymmdd hh:mm:ss.uuuuuu threadid file:line] msg
I20240511 11:57:01.379681 14968 core_module.cc:20] registering core components.
I20240511 11:57:01.381676 14968 registry.cc:14] registering component: config_builder
I20240511 11:57:01.381676 14968 registry.cc:14] registering component: config
I20240511 11:57:01.381676 14968 registry.cc:14] registering component: schema
I20240511 11:57:01.381676 14968 registry.cc:14] registering component: user_config
I20240511 11:57:01.381676 14968 dict_module.cc:25] registering components from module 'dict'.
I20240511 11:57:01.381676 14968 registry.cc:14] registering component: tabledb
I20240511 11:57:01.381676 14968 registry.cc:14] registering component: stabledb
I20240511 11:57:01.381676 14968 registry.cc:14] registering component: plain_userdb
I20240511 11:57:01.381676 14968 registry.cc:14] registering component: userdb
I20240511 11:57:01.381676 14968 registry.cc:14] registering component: corrector
I20240511 11:57:01.381676 14968 registry.cc:14] registering component: dictionary
I20240511 11:57:01.381676 14968 registry.cc:14] registering component: reverse_lookup_dictionary
I20240511 11:57:01.381676 14968 registry.cc:14] registering component: user_dictionary
I20240511 11:57:01.381676 14968 registry.cc:14] registering component: userdb_recovery_task
I20240511 11:57:01.381676 14968 levers_module.cc:22] registering components from module 'levers'.
I20240511 11:57:01.381676 14968 registry.cc:14] registering component: detect_modifications
I20240511 11:57:01.381676 14968 registry.cc:14] registering component: installation_update
I20240511 11:57:01.381676 14968 registry.cc:14] registering component: workspace_update
I20240511 11:57:01.381676 14968 registry.cc:14] registering component: schema_update
I20240511 11:57:01.381676 14968 registry.cc:14] registering component: config_file_update
I20240511 11:57:01.381676 14968 registry.cc:14] registering component: prebuild_all_schemas
I20240511 11:57:01.381676 14968 registry.cc:14] registering component: user_dict_upgrade
I20240511 11:57:01.381676 14968 registry.cc:14] registering component: cleanup_trash
I20240511 11:57:01.381676 14968 registry.cc:14] registering component: user_dict_sync
I20240511 11:57:01.381676 14968 registry.cc:14] registering component: backup_config_files
I20240511 11:57:01.381676 14968 registry.cc:14] registering component: clean_old_log_files
I20240511 11:57:01.483953 14968 deployment_tasks.cc:85] updating rime installation info.
I20240511 11:57:01.484951 14968 config_data.cc:72] loading config file 'D:\Personal\OneDrive\Programm\Rime\installation.yaml'.
I20240511 11:57:01.484951 14968 deployment_tasks.cc:103] installation info exists. installation id: 2f2594ca-3d2a-4e7d-a7e6-2dcf30c4fd38
I20240511 11:57:01.484951 14968 deployment_tasks.cc:114] sync dir: D:\Personal\OneDrive\Programm\Rime\sync
I20240511 11:57:01.484951 14968 deployment_tasks.cc:116] previous distribution: Weasel
I20240511 11:57:01.484951 14968 deployment_tasks.cc:119] previous distribution version: 0.15.1.0
I20240511 11:57:01.484951 14968 deployment_tasks.cc:122] previous Rime version: 1.11.0
I20240511 11:57:01.484951 14968 deployment_tasks.cc:165] updating workspace.
I20240511 11:57:01.484951 14968 config_data.cc:72] loading config file 'D:\Software\Rime\weasel-0.15.1\data\default.yaml'.
I20240511 11:57:01.485949 14968 config_data.cc:72] loading config file 'D:\Personal\OneDrive\Programm\Rime\default.yaml'.
I20240511 11:57:01.487942 14968 config_data.cc:72] loading config file 'D:\Personal\OneDrive\Programm\Rime\build\default.yaml'.
I20240511 11:57:01.489938 14968 deployment_tasks.cc:421] source file changed: D:\Personal\OneDrive\Programm\Rime\default.custom.yaml
I20240511 11:57:01.489938 14968 config_data.cc:72] loading config file 'D:\Personal\OneDrive\Programm\Rime\default.yaml'.
I20240511 11:57:01.491931 14968 auto_patch_config_plugin.cc:29] auto-patch default:/__patch: default.custom:/patch?
I20240511 11:57:01.491931 14968 config_data.cc:72] loading config file 'D:\Personal\OneDrive\Programm\Rime\default.custom.yaml'.
I20240511 11:57:01.492929 14968 config_compiler.cc:214] patching key_binder/bindings/+
I20240511 11:57:01.492929 14968 config_compiler.cc:214] patching menu
I20240511 11:57:01.492929 14968 config_compiler.cc:214] patching schema_list
I20240511 11:57:01.492929 14968 config_compiler.cc:537] resolved: Patch(default.custom:patch <optional>)
I20240511 11:57:01.492929 14968 config_data.cc:91] saving config file 'D:\Personal\OneDrive\Programm\Rime\build\default.yaml'.
I20240511 11:57:01.496918 14968 config_data.cc:72] loading config file 'D:\Personal\OneDrive\Programm\Rime\build\default.yaml'.
I20240511 11:57:01.498914 14968 deployment_tasks.cc:188] updating schemas.
I20240511 11:57:01.498914 14968 deployment_tasks.cc:197] schema: double_pinyin_flypy
I20240511 11:57:01.498914 14968 config_data.cc:72] loading config file 'D:\Personal\OneDrive\Programm\Rime\double_pinyin_flypy.schema.yaml'.
I20240511 11:57:01.501905 14968 config_data.cc:72] loading config file 'D:\Personal\OneDrive\Programm\Rime\build\double_pinyin_flypy.schema.yaml'.
I20240511 11:57:01.517863 14968 deployment_tasks.cc:421] source file changed: D:\Personal\OneDrive\Programm\Rime\default.yaml
I20240511 11:57:01.518859 14968 config_data.cc:72] loading config file 'D:\Personal\OneDrive\Programm\Rime\double_pinyin_flypy.schema.yaml'.
I20240511 11:57:01.521852 14968 auto_patch_config_plugin.cc:29] auto-patch double_pinyin_flypy.schema:/__patch: double_pinyin_flypy.custom:/patch?
I20240511 11:57:01.521852 14968 config_data.cc:72] loading config file 'D:\Personal\OneDrive\Programm\Rime\default.yaml'.
I20240511 11:57:01.523846 14968 auto_patch_config_plugin.cc:29] auto-patch default:/__patch: default.custom:/patch?
I20240511 11:57:01.523846 14968 config_data.cc:72] loading config file 'D:\Personal\OneDrive\Programm\Rime\default.custom.yaml'.
I20240511 11:57:01.523846 14968 config_compiler.cc:214] patching key_binder/bindings/+
I20240511 11:57:01.523846 14968 config_compiler.cc:214] patching menu
I20240511 11:57:01.523846 14968 config_compiler.cc:214] patching schema_list
I20240511 11:57:01.523846 14968 config_compiler.cc:537] resolved: Patch(default.custom:patch <optional>)
I20240511 11:57:01.523846 14968 config_compiler.cc:537] resolved: Include(default:/punctuator/full_shape)
I20240511 11:57:01.523846 14968 config_compiler.cc:537] resolved: PendingChild(double_pinyin_flypy.schema:/punctuator/full_shape)
I20240511 11:57:01.523846 14968 config_compiler.cc:537] resolved: Include(default:/punctuator/half_shape)
I20240511 11:57:01.523846 14968 config_compiler.cc:537] resolved: PendingChild(double_pinyin_flypy.schema:/punctuator/half_shape)
I20240511 11:57:01.523846 14968 config_data.cc:72] loading config file 'D:\Personal\OneDrive\Programm\Rime\symbols_caps_v.yaml'.
I20240511 11:57:01.542795 14968 auto_patch_config_plugin.cc:29] auto-patch symbols_caps_v:/__patch: symbols_caps_v.custom:/patch?
W20240511 11:57:01.542795 14968 config_data.cc:69] nonexistent config file 'D:\Personal\OneDrive\Programm\Rime\symbols_caps_v.custom.yaml'.
I20240511 11:57:01.543793 14968 config_compiler.cc:426] optional resource not loaded: symbols_caps_v.custom
I20240511 11:57:01.543793 14968 config_compiler.cc:537] resolved: Patch(symbols_caps_v.custom:patch <optional>)
I20240511 11:57:01.543793 14968 config_compiler.cc:537] resolved: Include(symbols_caps_v:/symbols)
I20240511 11:57:01.543793 14968 config_compiler.cc:537] resolved: PendingChild(double_pinyin_flypy.schema:/punctuator/symbols)
I20240511 11:57:01.543793 14968 config_compiler.cc:537] resolved: PendingChild(double_pinyin_flypy.schema:/punctuator)
I20240511 11:57:01.543793 14968 config_data.cc:72] loading config file 'D:\Personal\OneDrive\Programm\Rime\double_pinyin_flypy.custom.yaml'.
I20240511 11:57:01.543793 14968 config_compiler.cc:214] patching engine/filters/@before last
I20240511 11:57:01.543793 14968 config_compiler.cc:214] patching key_binder/+
I20240511 11:57:01.543793 14968 config_compiler.cc:214] patching radical_lookup/prefix
I20240511 11:57:01.543793 14968 config_compiler.cc:214] patching radical_lookup/tips
I20240511 11:57:01.543793 14968 config_compiler.cc:214] patching recognizer/patterns/radical_lookup
I20240511 11:57:01.543793 14968 config_compiler.cc:214] patching speller/alphabet
I20240511 11:57:01.543793 14968 config_compiler.cc:214] patching speller/initials
I20240511 11:57:01.543793 14968 config_compiler.cc:214] patching switches
I20240511 11:57:01.543793 14968 config_compiler.cc:214] patching translator/preedit_format
I20240511 11:57:01.544790 14968 config_compiler.cc:537] resolved: Patch(double_pinyin_flypy.custom:patch <optional>)
I20240511 11:57:01.544790 14968 legacy_preset_config_plugin.cc:26] interpreting key_binder/import_preset: default
I20240511 11:57:01.544790 14968 legacy_preset_config_plugin.cc:65] interpreting recognizer/import_preset: default
I20240511 11:57:01.544790 14968 build_info_plugin.cc:27] resource 'symbols_caps_v.custom' not loaded.
I20240511 11:57:01.544790 14968 config_data.cc:91] saving config file 'D:\Personal\OneDrive\Programm\Rime\build\double_pinyin_flypy.schema.yaml'.
I20240511 11:57:01.550356 14968 config_data.cc:72] loading config file 'D:\Personal\OneDrive\Programm\Rime\build\double_pinyin_flypy.schema.yaml'.
I20240511 11:57:01.565853 14968 deployment_tasks.cc:360] preparing dictionary 'rime_ice'.
I20240511 11:57:01.566851 14968 dict_compiler.cc:81] compiling dictionary for D:\Personal\OneDrive\Programm\Rime\build\double_pinyin_flypy.schema.yaml
I20240511 11:57:02.109318 14968 table.cc:254] loading table file: D:\Personal\OneDrive\Programm\Rime\build\rime_ice.table.bin
I20240511 11:57:02.118294 14968 prism.cc:76] loading prism file: D:\Personal\OneDrive\Programm\Rime\build\double_pinyin_flypy.prism.bin
I20240511 11:57:02.118294 14968 prism.cc:106] found double array image of size 1024.
I20240511 11:57:02.118294 14968 dict_compiler.cc:126] D:\Personal\OneDrive\Programm\Rime\rime_ice.dict.yaml[6 file(s)] (609712873)
I20240511 11:57:02.118294 14968 dict_compiler.cc:128] D:\Personal\OneDrive\Programm\Rime\build\double_pinyin_flypy.schema.yaml (3298582108)
I20240511 11:57:02.119292 14968 reverse_lookup_dictionary.cc:33] loading reversedb: D:\Personal\OneDrive\Programm\Rime\build\rime_ice.reverse.bin
I20240511 11:57:02.119292 14968 dict_compiler.cc:299] building prism...
I20240511 11:57:02.119292 14968 table.cc:254] loading table file: D:\Personal\OneDrive\Programm\Rime\build\rime_ice.table.bin
I20240511 11:57:02.131260 14968 config_data.cc:72] loading config file 'D:\Personal\OneDrive\Programm\Rime\build\double_pinyin_flypy.schema.yaml'.
I20240511 11:57:02.161180 14968 mapped_file.cc:59] creating file 'D:\Personal\OneDrive\Programm\Rime\build\double_pinyin_flypy.prism.bin'.
I20240511 11:57:02.162178 14968 mapped_file.cc:70] opening file for read/write access.
I20240511 11:57:02.162178 14968 prism.cc:117] saving prism file: D:\Personal\OneDrive\Programm\Rime\build\double_pinyin_flypy.prism.bin
I20240511 11:57:02.162178 14968 mapped_file.cc:118] shrinking file to fit data size. capacity: 24820
I20240511 11:57:02.162178 14968 mapped_file.cc:129] resize file to: 15160
I20240511 11:57:02.163175 14968 deployment_tasks.cc:377] dictionary 'rime_ice' is ready.
I20240511 11:57:02.165169 14968 config_data.cc:72] loading config file 'D:\Personal\OneDrive\Programm\Rime\build\double_pinyin_flypy.schema.yaml'.
I20240511 11:57:02.179682 14968 deployment_tasks.cc:197] schema: melt_eng
I20240511 11:57:02.179682 14968 config_data.cc:72] loading config file 'D:\Personal\OneDrive\Programm\Rime\melt_eng.schema.yaml'.
I20240511 11:57:02.181675 14968 config_data.cc:72] loading config file 'D:\Personal\OneDrive\Programm\Rime\build\melt_eng.schema.yaml'.
I20240511 11:57:02.185204 14968 deployment_tasks.cc:421] source file changed: D:\Personal\OneDrive\Programm\Rime\default.yaml
I20240511 11:57:02.186200 14968 config_data.cc:72] loading config file 'D:\Personal\OneDrive\Programm\Rime\melt_eng.schema.yaml'.
I20240511 11:57:02.188195 14968 auto_patch_config_plugin.cc:29] auto-patch melt_eng.schema:/__patch: melt_eng.custom:/patch?
W20240511 11:57:02.188195 14968 config_compiler.cc:527] circular dependencies detected in melt_eng.schema:
W20240511 11:57:02.188195 14968 config_compiler.cc:367] accessing blocking node with unresolved dependencies: melt_eng.schema:
W20240511 11:57:02.188195 14968 config_compiler.cc:527] circular dependencies detected in melt_eng.schema:
W20240511 11:57:02.188195 14968 config_compiler.cc:367] accessing blocking node with unresolved dependencies: melt_eng.schema:
I20240511 11:57:02.188195 14968 config_compiler.cc:537] resolved: Include(melt_eng.schema:algebra_common)
I20240511 11:57:02.188195 14968 config_compiler.cc:537] resolved: Include(melt_eng.schema:algebra_rime_ice)
I20240511 11:57:02.188195 14968 config_compiler.cc:537] resolved: PendingChild(melt_eng.schema:/speller/algebra)
I20240511 11:57:02.188195 14968 config_compiler.cc:537] resolved: PendingChild(melt_eng.schema:/speller)
I20240511 11:57:02.188195 14968 config_compiler.cc:537] resolved: PendingChild(melt_eng.schema:/algebra_rime_ice)
W20240511 11:57:02.188195 14968 config_compiler.cc:527] circular dependencies detected in melt_eng.schema:
W20240511 11:57:02.188195 14968 config_compiler.cc:367] accessing blocking node with unresolved dependencies: melt_eng.schema:
I20240511 11:57:02.188195 14968 config_compiler.cc:537] resolved: Include(melt_eng.schema:algebra_common)
I20240511 11:57:02.188195 14968 config_compiler.cc:537] resolved: PendingChild(melt_eng.schema:/algebra_double_pinyin)
W20240511 11:57:02.188195 14968 config_compiler.cc:527] circular dependencies detected in melt_eng.schema:
W20240511 11:57:02.188195 14968 config_compiler.cc:367] accessing blocking node with unresolved dependencies: melt_eng.schema:
I20240511 11:57:02.188195 14968 config_compiler.cc:537] resolved: Include(melt_eng.schema:algebra_common)
I20240511 11:57:02.188195 14968 config_compiler.cc:537] resolved: PendingChild(melt_eng.schema:/algebra_flypy)
W20240511 11:57:02.188195 14968 config_compiler.cc:527] circular dependencies detected in melt_eng.schema:
W20240511 11:57:02.188195 14968 config_compiler.cc:367] accessing blocking node with unresolved dependencies: melt_eng.schema:
I20240511 11:57:02.188195 14968 config_compiler.cc:537] resolved: Include(melt_eng.schema:algebra_common)
I20240511 11:57:02.188195 14968 config_compiler.cc:537] resolved: PendingChild(melt_eng.schema:/algebra_mspy)
W20240511 11:57:02.188195 14968 config_compiler.cc:527] circular dependencies detected in melt_eng.schema:
W20240511 11:57:02.188195 14968 config_compiler.cc:367] accessing blocking node with unresolved dependencies: melt_eng.schema:
I20240511 11:57:02.188195 14968 config_compiler.cc:537] resolved: Include(melt_eng.schema:algebra_common)
I20240511 11:57:02.188195 14968 config_compiler.cc:537] resolved: PendingChild(melt_eng.schema:/algebra_sogou)
W20240511 11:57:02.188195 14968 config_compiler.cc:527] circular dependencies detected in melt_eng.schema:
W20240511 11:57:02.188195 14968 config_compiler.cc:367] accessing blocking node with unresolved dependencies: melt_eng.schema:
I20240511 11:57:02.188195 14968 config_compiler.cc:537] resolved: Include(melt_eng.schema:algebra_common)
I20240511 11:57:02.188195 14968 config_compiler.cc:537] resolved: PendingChild(melt_eng.schema:/algebra_abc)
W20240511 11:57:02.188195 14968 config_compiler.cc:527] circular dependencies detected in melt_eng.schema:
W20240511 11:57:02.188195 14968 config_compiler.cc:367] accessing blocking node with unresolved dependencies: melt_eng.schema:
I20240511 11:57:02.188195 14968 config_compiler.cc:537] resolved: Include(melt_eng.schema:algebra_common)
I20240511 11:57:02.188195 14968 config_compiler.cc:537] resolved: PendingChild(melt_eng.schema:/algebra_ziguang)
W20240511 11:57:02.189193 14968 config_data.cc:69] nonexistent config file 'D:\Personal\OneDrive\Programm\Rime\melt_eng.custom.yaml'.
I20240511 11:57:02.189193 14968 config_compiler.cc:426] optional resource not loaded: melt_eng.custom
I20240511 11:57:02.189193 14968 config_compiler.cc:537] resolved: Patch(melt_eng.custom:patch <optional>)
I20240511 11:57:02.189193 14968 config_data.cc:72] loading config file 'D:\Personal\OneDrive\Programm\Rime\default.yaml'.
I20240511 11:57:02.190191 14968 auto_patch_config_plugin.cc:29] auto-patch default:/__patch: default.custom:/patch?
I20240511 11:57:02.191187 14968 config_data.cc:72] loading config file 'D:\Personal\OneDrive\Programm\Rime\default.custom.yaml'.
I20240511 11:57:02.191187 14968 config_compiler.cc:214] patching key_binder/bindings/+
I20240511 11:57:02.191187 14968 config_compiler.cc:214] patching menu
I20240511 11:57:02.191187 14968 config_compiler.cc:214] patching schema_list
I20240511 11:57:02.191187 14968 config_compiler.cc:537] resolved: Patch(default.custom:patch <optional>)
I20240511 11:57:02.191187 14968 legacy_preset_config_plugin.cc:26] interpreting key_binder/import_preset: default
I20240511 11:57:02.191187 14968 legacy_preset_config_plugin.cc:52] interpreting punctuator/import_preset: default
I20240511 11:57:02.191187 14968 legacy_preset_config_plugin.cc:65] interpreting recognizer/import_preset: default
I20240511 11:57:02.191187 14968 build_info_plugin.cc:27] resource 'melt_eng.custom' not loaded.
I20240511 11:57:02.191187 14968 config_data.cc:91] saving config file 'D:\Personal\OneDrive\Programm\Rime\build\melt_eng.schema.yaml'.
I20240511 11:57:02.193182 14968 config_data.cc:72] loading config file 'D:\Personal\OneDrive\Programm\Rime\build\melt_eng.schema.yaml'.
I20240511 11:57:02.197171 14968 deployment_tasks.cc:360] preparing dictionary 'melt_eng'.
I20240511 11:57:02.198168 14968 dict_compiler.cc:81] compiling dictionary for D:\Personal\OneDrive\Programm\Rime\build\melt_eng.schema.yaml
I20240511 11:57:02.203737 14968 table.cc:254] loading table file: D:\Personal\OneDrive\Programm\Rime\build\melt_eng.table.bin
I20240511 11:57:02.204733 14968 prism.cc:76] loading prism file: D:\Personal\OneDrive\Programm\Rime\build\melt_eng.prism.bin
I20240511 11:57:02.204733 14968 prism.cc:106] found double array image of size 660992.
I20240511 11:57:02.204733 14968 dict_compiler.cc:126] D:\Personal\OneDrive\Programm\Rime\melt_eng.dict.yaml[3 file(s)] (1038382345)
I20240511 11:57:02.204733 14968 dict_compiler.cc:128] D:\Personal\OneDrive\Programm\Rime\build\melt_eng.schema.yaml (2304634232)
I20240511 11:57:02.204733 14968 reverse_lookup_dictionary.cc:33] loading reversedb: D:\Personal\OneDrive\Programm\Rime\build\melt_eng.reverse.bin
I20240511 11:57:02.204733 14968 dict_compiler.cc:299] building prism...
I20240511 11:57:02.204733 14968 table.cc:254] loading table file: D:\Personal\OneDrive\Programm\Rime\build\melt_eng.table.bin
I20240511 11:57:02.221688 14968 config_data.cc:72] loading config file 'D:\Personal\OneDrive\Programm\Rime\build\melt_eng.schema.yaml'.
I20240511 11:57:09.066069 14968 mapped_file.cc:59] creating file 'D:\Personal\OneDrive\Programm\Rime\build\melt_eng.prism.bin'.
I20240511 11:57:09.067066 14968 mapped_file.cc:70] opening file for read/write access.
I20240511 11:57:09.157167 14968 prism.cc:117] saving prism file: D:\Personal\OneDrive\Programm\Rime\build\melt_eng.prism.bin
I20240511 11:57:09.157167 14968 mapped_file.cc:118] shrinking file to fit data size. capacity: 10760004
I20240511 11:57:09.157167 14968 mapped_file.cc:129] resize file to: 7068744
I20240511 11:57:09.188032 14968 deployment_tasks.cc:377] dictionary 'melt_eng' is ready.
I20240511 11:57:09.189030 14968 deployment_tasks.cc:197] schema: radical_pinyin
I20240511 11:57:09.189030 14968 config_data.cc:72] loading config file 'D:\Personal\OneDrive\Programm\Rime\radical_pinyin.schema.yaml'.
I20240511 11:57:09.192023 14968 config_data.cc:72] loading config file 'D:\Personal\OneDrive\Programm\Rime\build\radical_pinyin.schema.yaml'.
I20240511 11:57:09.194016 14968 deployment_tasks.cc:421] source file changed: D:\Personal\OneDrive\Programm\Rime\default.custom.yaml
I20240511 11:57:09.194016 14968 config_data.cc:72] loading config file 'D:\Personal\OneDrive\Programm\Rime\radical_pinyin.schema.yaml'.
I20240511 11:57:09.196012 14968 auto_patch_config_plugin.cc:29] auto-patch radical_pinyin.schema:/__patch: radical_pinyin.custom:/patch?
I20240511 11:57:09.196012 14968 config_data.cc:72] loading config file 'D:\Personal\OneDrive\Programm\Rime\default.yaml'.
I20240511 11:57:09.198005 14968 auto_patch_config_plugin.cc:29] auto-patch default:/__patch: default.custom:/patch?
I20240511 11:57:09.198005 14968 config_data.cc:72] loading config file 'D:\Personal\OneDrive\Programm\Rime\default.custom.yaml'.
I20240511 11:57:09.199003 14968 config_compiler.cc:214] patching key_binder/bindings/+
I20240511 11:57:09.199003 14968 config_compiler.cc:214] patching menu
I20240511 11:57:09.199003 14968 config_compiler.cc:214] patching schema_list
I20240511 11:57:09.199003 14968 config_compiler.cc:537] resolved: Patch(default.custom:patch <optional>)
I20240511 11:57:09.199003 14968 config_compiler.cc:537] resolved: Include(default:/key_binder <optional>)
I20240511 11:57:09.199003 14968 config_compiler.cc:537] resolved: PendingChild(radical_pinyin.schema:/key_binder)
W20240511 11:57:09.199003 14968 config_compiler.cc:527] circular dependencies detected in radical_pinyin.schema:
W20240511 11:57:09.199003 14968 config_compiler.cc:367] accessing blocking node with unresolved dependencies: radical_pinyin.schema:
I20240511 11:57:09.199003 14968 config_compiler.cc:537] resolved: Include(radical_pinyin.schema:algebra_flypy)
I20240511 11:57:09.199003 14968 config_compiler.cc:537] resolved: PendingChild(radical_pinyin.schema:/speller/algebra)
I20240511 11:57:09.199003 14968 config_compiler.cc:537] resolved: PendingChild(radical_pinyin.schema:/speller)
W20240511 11:57:09.199003 14968 config_data.cc:69] nonexistent config file 'D:\Personal\OneDrive\Programm\Rime\radical_pinyin.custom.yaml'.
I20240511 11:57:09.199003 14968 config_compiler.cc:426] optional resource not loaded: radical_pinyin.custom
I20240511 11:57:09.199003 14968 config_compiler.cc:537] resolved: Patch(radical_pinyin.custom:patch <optional>)
I20240511 11:57:09.199003 14968 build_info_plugin.cc:27] resource 'radical_pinyin.custom' not loaded.
I20240511 11:57:09.199003 14968 config_data.cc:91] saving config file 'D:\Personal\OneDrive\Programm\Rime\build\radical_pinyin.schema.yaml'.
I20240511 11:57:09.200999 14968 config_data.cc:72] loading config file 'D:\Personal\OneDrive\Programm\Rime\build\radical_pinyin.schema.yaml'.
I20240511 11:57:09.202992 14968 deployment_tasks.cc:360] preparing dictionary 'radical_pinyin'.
I20240511 11:57:09.202992 14968 dict_compiler.cc:81] compiling dictionary for D:\Personal\OneDrive\Programm\Rime\build\radical_pinyin.schema.yaml
I20240511 11:57:09.210971 14968 table.cc:254] loading table file: D:\Personal\OneDrive\Programm\Rime\build\radical_pinyin.table.bin
I20240511 11:57:09.210971 14968 prism.cc:76] loading prism file: D:\Personal\OneDrive\Programm\Rime\build\radical_pinyin.prism.bin
I20240511 11:57:09.210971 14968 prism.cc:106] found double array image of size 81920.
I20240511 11:57:09.210971 14968 dict_compiler.cc:126] D:\Personal\OneDrive\Programm\Rime\radical_pinyin.dict.yaml[1 file(s)] (2800115411)
I20240511 11:57:09.210971 14968 dict_compiler.cc:128] D:\Personal\OneDrive\Programm\Rime\build\radical_pinyin.schema.yaml (53396392)
I20240511 11:57:09.211968 14968 reverse_lookup_dictionary.cc:33] loading reversedb: D:\Personal\OneDrive\Programm\Rime\build\radical_pinyin.reverse.bin
I20240511 11:57:09.211968 14968 deployment_tasks.cc:377] dictionary 'radical_pinyin' is ready.
I20240511 11:57:09.212966 14968 deployment_tasks.cc:245] finished updating schemas: 3 success, 0 failure.
I20240511 11:57:09.212966 14968 config_data.cc:72] loading config file 'D:\Personal\OneDrive\Programm\Rime\user.yaml'.
I20240511 11:57:09.212966 14968 config_data.cc:201] write: var/last_build_time
I20240511 11:57:09.212966 14968 config_data.cc:91] saving config file 'D:\Personal\OneDrive\Programm\Rime\user.yaml'.
I20240511 11:57:09.212966 14968 deployment_tasks.cc:583] clean up trash.
I20240511 11:57:09.214962 14968 config_data.cc:72] loading config file 'D:\Personal\OneDrive\Programm\Rime\build\weasel.yaml'.
I20240511 11:57:09.219947 14968 deployment_tasks.cc:421] source file changed: D:\Software\Rime\weasel-0.15.1\data\weasel.yaml
I20240511 11:57:09.219947 14968 config_data.cc:72] loading config file 'D:\Software\Rime\weasel-0.15.1\data\weasel.yaml'.
I20240511 11:57:09.224934 14968 auto_patch_config_plugin.cc:29] auto-patch weasel:/__patch: weasel.custom:/patch?
I20240511 11:57:09.224934 14968 config_data.cc:72] loading config file 'D:\Personal\OneDrive\Programm\Rime\weasel.custom.yaml'.
I20240511 11:57:09.224934 14968 config_compiler.cc:214] patching app_options
I20240511 11:57:09.224934 14968 config_compiler.cc:214] patching style/+
I20240511 11:57:09.224934 14968 config_compiler.cc:537] resolved: Patch(weasel.custom:patch <optional>)
I20240511 11:57:09.225931 14968 config_data.cc:91] saving config file 'D:\Personal\OneDrive\Programm\Rime\build\weasel.yaml'.
