Log file created at: 2024/05/11 11:52:54
Running on machine: YBW
Running duration (h:mm:ss): 0:00:00
Log line format: [IWEF]yyyymmdd hh:mm:ss.uuuuuu threadid file:line] msg
I20240511 11:52:54.291190 19464 core_module.cc:20] registering core components.
I20240511 11:52:54.292924 19464 registry.cc:14] registering component: config_builder
I20240511 11:52:54.292924 19464 registry.cc:14] registering component: config
I20240511 11:52:54.292924 19464 registry.cc:14] registering component: schema
I20240511 11:52:54.292924 19464 registry.cc:14] registering component: user_config
I20240511 11:52:54.292924 19464 dict_module.cc:25] registering components from module 'dict'.
I20240511 11:52:54.292924 19464 registry.cc:14] registering component: tabledb
I20240511 11:52:54.292924 19464 registry.cc:14] registering component: stabledb
I20240511 11:52:54.292924 19464 registry.cc:14] registering component: plain_userdb
I20240511 11:52:54.292924 19464 registry.cc:14] registering component: userdb
I20240511 11:52:54.292924 19464 registry.cc:14] registering component: corrector
I20240511 11:52:54.292924 19464 registry.cc:14] registering component: dictionary
I20240511 11:52:54.292924 19464 registry.cc:14] registering component: reverse_lookup_dictionary
I20240511 11:52:54.292924 19464 registry.cc:14] registering component: user_dictionary
I20240511 11:52:54.292924 19464 registry.cc:14] registering component: userdb_recovery_task
I20240511 11:52:54.292924 19464 levers_module.cc:22] registering components from module 'levers'.
I20240511 11:52:54.292924 19464 registry.cc:14] registering component: detect_modifications
I20240511 11:52:54.292924 19464 registry.cc:14] registering component: installation_update
I20240511 11:52:54.292924 19464 registry.cc:14] registering component: workspace_update
I20240511 11:52:54.292924 19464 registry.cc:14] registering component: schema_update
I20240511 11:52:54.292924 19464 registry.cc:14] registering component: config_file_update
I20240511 11:52:54.292924 19464 registry.cc:14] registering component: prebuild_all_schemas
I20240511 11:52:54.292924 19464 registry.cc:14] registering component: user_dict_upgrade
I20240511 11:52:54.292924 19464 registry.cc:14] registering component: cleanup_trash
I20240511 11:52:54.292924 19464 registry.cc:14] registering component: user_dict_sync
I20240511 11:52:54.292924 19464 registry.cc:14] registering component: backup_config_files
I20240511 11:52:54.292924 19464 registry.cc:14] registering component: clean_old_log_files
I20240511 11:52:54.293429 19464 config_data.cc:72] loading config file 'D:\Personal\OneDrive\Programm\Rime\default.custom.yaml'.
I20240511 11:52:54.293429 19464 config_data.cc:72] loading config file 'D:\Personal\OneDrive\Programm\Rime\weasel.custom.yaml'.
I20240511 11:52:54.294430 19464 config_data.cc:72] loading config file 'D:\Personal\OneDrive\Programm\Rime\build\default.yaml'.
I20240511 11:52:54.295426 19464 config_data.cc:72] loading config file 'D:\Personal\OneDrive\Programm\Rime\default.custom.yaml'.
I20240511 11:52:54.296423 19464 config_data.cc:72] loading config file 'D:\Software\Rime\weasel-0.15.1\data\092R.schema.yaml'.
I20240511 11:52:54.297421 19464 config_data.cc:72] loading config file 'D:\Software\Rime\weasel-0.15.1\data\bopomofo.schema.yaml'.
I20240511 11:52:54.299415 19464 config_data.cc:72] loading config file 'D:\Software\Rime\weasel-0.15.1\data\bopomofo_express.schema.yaml'.
I20240511 11:52:54.299415 19464 config_data.cc:72] loading config file 'D:\Software\Rime\weasel-0.15.1\data\bopomofo_tw.schema.yaml'.
I20240511 11:52:54.300413 19464 config_data.cc:72] loading config file 'D:\Software\Rime\weasel-0.15.1\data\cangjie5.schema.yaml'.
I20240511 11:52:54.300413 19464 config_data.cc:72] loading config file 'D:\Software\Rime\weasel-0.15.1\data\cangjie5_express.schema.yaml'.
I20240511 11:52:54.301410 19464 config_data.cc:72] loading config file 'D:\Software\Rime\weasel-0.15.1\data\luna_pinyin.schema.yaml'.
I20240511 11:52:54.302407 19464 config_data.cc:72] loading config file 'D:\Software\Rime\weasel-0.15.1\data\luna_pinyin_fluency.schema.yaml'.
I20240511 11:52:54.302407 19464 config_data.cc:72] loading config file 'D:\Software\Rime\weasel-0.15.1\data\luna_pinyin_simp.schema.yaml'.
I20240511 11:52:54.302407 19464 config_data.cc:72] loading config file 'D:\Software\Rime\weasel-0.15.1\data\luna_pinyin_tw.schema.yaml'.
I20240511 11:52:54.303406 19464 config_data.cc:72] loading config file 'D:\Software\Rime\weasel-0.15.1\data\luna_quanpin.schema.yaml'.
I20240511 11:52:54.303406 19464 config_data.cc:72] loading config file 'D:\Software\Rime\weasel-0.15.1\data\pinyin_simp.schema.yaml'.
I20240511 11:52:54.304402 19464 config_data.cc:72] loading config file 'D:\Software\Rime\weasel-0.15.1\data\stroke.schema.yaml'.
I20240511 11:52:54.306022 19464 config_data.cc:72] loading config file 'D:\Software\Rime\weasel-0.15.1\data\stzm.schema.yaml'.
I20240511 11:52:54.308171 19464 config_data.cc:72] loading config file 'D:\Software\Rime\weasel-0.15.1\data\terra_pinyin.schema.yaml'.
I20240511 11:52:54.309121 19464 config_data.cc:72] loading config file 'D:\Software\Rime\weasel-0.15.1\data\wubi86.schema.yaml'.
I20240511 11:52:54.309736 19464 config_data.cc:72] loading config file 'D:\Software\Rime\weasel-0.15.1\data\wubi986.schema.yaml'.
I20240511 11:52:54.310240 19464 config_data.cc:72] loading config file 'D:\Software\Rime\weasel-0.15.1\data\wubi_pinyin.schema.yaml'.
I20240511 11:52:54.311240 19464 config_data.cc:72] loading config file 'D:\Software\Rime\weasel-0.15.1\data\wubi_trad.schema.yaml'.
I20240511 11:52:54.312317 19464 config_data.cc:72] loading config file 'D:\Personal\OneDrive\Programm\Rime\double_pinyin_flypy.schema.yaml'.
I20240511 11:52:54.314817 19464 config_data.cc:72] loading config file 'D:\Personal\OneDrive\Programm\Rime\melt_eng.schema.yaml'.
I20240511 11:52:54.316812 19464 config_data.cc:72] loading config file 'D:\Personal\OneDrive\Programm\Rime\radical_pinyin.schema.yaml'.
I20240511 11:52:54.317808 19464 config_data.cc:72] loading config file 'D:\Personal\OneDrive\Programm\Rime\build\weasel.yaml'.
I20240511 11:52:54.322795 19464 config_data.cc:72] loading config file 'D:\Personal\OneDrive\Programm\Rime\weasel.custom.yaml'.
I20240511 11:52:56.754648 19464 deployment_tasks.cc:85] updating rime installation info.
I20240511 11:52:56.754648 19464 config_data.cc:72] loading config file 'D:\Personal\OneDrive\Programm\Rime\installation.yaml'.
I20240511 11:52:56.754648 19464 deployment_tasks.cc:103] installation info exists. installation id: 2f2594ca-3d2a-4e7d-a7e6-2dcf30c4fd38
I20240511 11:52:56.754648 19464 deployment_tasks.cc:114] sync dir: D:\Personal\OneDrive\Programm\Rime\sync
I20240511 11:52:56.754648 19464 deployment_tasks.cc:116] previous distribution: Weasel
I20240511 11:52:56.754648 19464 deployment_tasks.cc:119] previous distribution version: 0.15.1.0
I20240511 11:52:56.754648 19464 deployment_tasks.cc:122] previous Rime version: 1.11.0
I20240511 11:52:56.754648 19464 deployment_tasks.cc:165] updating workspace.
I20240511 11:52:56.754648 19464 config_data.cc:72] loading config file 'D:\Software\Rime\weasel-0.15.1\data\default.yaml'.
I20240511 11:52:56.755645 19464 config_data.cc:72] loading config file 'D:\Personal\OneDrive\Programm\Rime\default.yaml'.
I20240511 11:52:56.758636 19464 config_data.cc:72] loading config file 'D:\Personal\OneDrive\Programm\Rime\build\default.yaml'.
I20240511 11:52:56.763622 19464 config_data.cc:72] loading config file 'D:\Personal\OneDrive\Programm\Rime\build\default.yaml'.
I20240511 11:52:56.765616 19464 deployment_tasks.cc:188] updating schemas.
I20240511 11:52:56.765616 19464 deployment_tasks.cc:197] schema: double_pinyin_flypy
I20240511 11:52:56.765616 19464 config_data.cc:72] loading config file 'D:\Personal\OneDrive\Programm\Rime\double_pinyin_flypy.schema.yaml'.
I20240511 11:52:56.768607 19464 config_data.cc:72] loading config file 'D:\Personal\OneDrive\Programm\Rime\build\double_pinyin_flypy.schema.yaml'.
I20240511 11:52:56.794486 19464 config_data.cc:72] loading config file 'D:\Personal\OneDrive\Programm\Rime\build\double_pinyin_flypy.schema.yaml'.
I20240511 11:52:56.817854 19464 deployment_tasks.cc:360] preparing dictionary 'rime_ice'.
I20240511 11:52:56.818852 19464 dict_compiler.cc:81] compiling dictionary for D:\Personal\OneDrive\Programm\Rime\build\double_pinyin_flypy.schema.yaml
I20240511 11:52:57.417181 19464 table.cc:254] loading table file: D:\Personal\OneDrive\Programm\Rime\build\rime_ice.table.bin
I20240511 11:52:57.436015 19464 prism.cc:76] loading prism file: D:\Personal\OneDrive\Programm\Rime\build\double_pinyin_flypy.prism.bin
I20240511 11:52:57.436015 19464 prism.cc:106] found double array image of size 1024.
I20240511 11:52:57.436015 19464 dict_compiler.cc:126] D:\Personal\OneDrive\Programm\Rime\rime_ice.dict.yaml[6 file(s)] (609712873)
I20240511 11:52:57.436015 19464 dict_compiler.cc:128] D:\Personal\OneDrive\Programm\Rime\build\double_pinyin_flypy.schema.yaml (2243231960)
I20240511 11:52:57.436015 19464 reverse_lookup_dictionary.cc:33] loading reversedb: D:\Personal\OneDrive\Programm\Rime\build\rime_ice.reverse.bin
I20240511 11:52:57.437012 19464 deployment_tasks.cc:377] dictionary 'rime_ice' is ready.
I20240511 11:52:57.440006 19464 config_data.cc:72] loading config file 'D:\Personal\OneDrive\Programm\Rime\build\double_pinyin_flypy.schema.yaml'.
I20240511 11:52:57.457957 19464 deployment_tasks.cc:197] schema: melt_eng
I20240511 11:52:57.458953 19464 config_data.cc:72] loading config file 'D:\Personal\OneDrive\Programm\Rime\melt_eng.schema.yaml'.
I20240511 11:52:57.459951 19464 config_data.cc:72] loading config file 'D:\Personal\OneDrive\Programm\Rime\build\melt_eng.schema.yaml'.
I20240511 11:52:57.465040 19464 deployment_tasks.cc:421] source file changed: D:\Personal\OneDrive\Programm\Rime\default.yaml
I20240511 11:52:57.466065 19464 config_data.cc:72] loading config file 'D:\Personal\OneDrive\Programm\Rime\melt_eng.schema.yaml'.
I20240511 11:52:57.468097 19464 auto_patch_config_plugin.cc:29] auto-patch melt_eng.schema:/__patch: melt_eng.custom:/patch?
W20240511 11:52:57.468112 19464 config_compiler.cc:527] circular dependencies detected in melt_eng.schema:
W20240511 11:52:57.468631 19464 config_compiler.cc:367] accessing blocking node with unresolved dependencies: melt_eng.schema:
W20240511 11:52:57.468631 19464 config_compiler.cc:527] circular dependencies detected in melt_eng.schema:
W20240511 11:52:57.468631 19464 config_compiler.cc:367] accessing blocking node with unresolved dependencies: melt_eng.schema:
I20240511 11:52:57.468631 19464 config_compiler.cc:537] resolved: Include(melt_eng.schema:algebra_common)
I20240511 11:52:57.468631 19464 config_compiler.cc:537] resolved: Include(melt_eng.schema:algebra_rime_ice)
I20240511 11:52:57.468631 19464 config_compiler.cc:537] resolved: PendingChild(melt_eng.schema:/speller/algebra)
I20240511 11:52:57.468631 19464 config_compiler.cc:537] resolved: PendingChild(melt_eng.schema:/speller)
I20240511 11:52:57.468631 19464 config_compiler.cc:537] resolved: PendingChild(melt_eng.schema:/algebra_rime_ice)
W20240511 11:52:57.468631 19464 config_compiler.cc:527] circular dependencies detected in melt_eng.schema:
W20240511 11:52:57.468631 19464 config_compiler.cc:367] accessing blocking node with unresolved dependencies: melt_eng.schema:
I20240511 11:52:57.468631 19464 config_compiler.cc:537] resolved: Include(melt_eng.schema:algebra_common)
I20240511 11:52:57.468631 19464 config_compiler.cc:537] resolved: PendingChild(melt_eng.schema:/algebra_double_pinyin)
W20240511 11:52:57.468631 19464 config_compiler.cc:527] circular dependencies detected in melt_eng.schema:
W20240511 11:52:57.468631 19464 config_compiler.cc:367] accessing blocking node with unresolved dependencies: melt_eng.schema:
I20240511 11:52:57.468631 19464 config_compiler.cc:537] resolved: Include(melt_eng.schema:algebra_common)
I20240511 11:52:57.468631 19464 config_compiler.cc:537] resolved: PendingChild(melt_eng.schema:/algebra_flypy)
W20240511 11:52:57.468631 19464 config_compiler.cc:527] circular dependencies detected in melt_eng.schema:
W20240511 11:52:57.468631 19464 config_compiler.cc:367] accessing blocking node with unresolved dependencies: melt_eng.schema:
I20240511 11:52:57.468631 19464 config_compiler.cc:537] resolved: Include(melt_eng.schema:algebra_common)
I20240511 11:52:57.468631 19464 config_compiler.cc:537] resolved: PendingChild(melt_eng.schema:/algebra_mspy)
W20240511 11:52:57.468631 19464 config_compiler.cc:527] circular dependencies detected in melt_eng.schema:
W20240511 11:52:57.469152 19464 config_compiler.cc:367] accessing blocking node with unresolved dependencies: melt_eng.schema:
I20240511 11:52:57.469152 19464 config_compiler.cc:537] resolved: Include(melt_eng.schema:algebra_common)
I20240511 11:52:57.469152 19464 config_compiler.cc:537] resolved: PendingChild(melt_eng.schema:/algebra_sogou)
W20240511 11:52:57.469152 19464 config_compiler.cc:527] circular dependencies detected in melt_eng.schema:
W20240511 11:52:57.469152 19464 config_compiler.cc:367] accessing blocking node with unresolved dependencies: melt_eng.schema:
I20240511 11:52:57.469152 19464 config_compiler.cc:537] resolved: Include(melt_eng.schema:algebra_common)
I20240511 11:52:57.469152 19464 config_compiler.cc:537] resolved: PendingChild(melt_eng.schema:/algebra_abc)
W20240511 11:52:57.469152 19464 config_compiler.cc:527] circular dependencies detected in melt_eng.schema:
W20240511 11:52:57.469152 19464 config_compiler.cc:367] accessing blocking node with unresolved dependencies: melt_eng.schema:
I20240511 11:52:57.469152 19464 config_compiler.cc:537] resolved: Include(melt_eng.schema:algebra_common)
I20240511 11:52:57.469152 19464 config_compiler.cc:537] resolved: PendingChild(melt_eng.schema:/algebra_ziguang)
W20240511 11:52:57.469152 19464 config_data.cc:69] nonexistent config file 'D:\Personal\OneDrive\Programm\Rime\melt_eng.custom.yaml'.
I20240511 11:52:57.469152 19464 config_compiler.cc:426] optional resource not loaded: melt_eng.custom
I20240511 11:52:57.469152 19464 config_compiler.cc:537] resolved: Patch(melt_eng.custom:patch <optional>)
I20240511 11:52:57.469667 19464 config_data.cc:72] loading config file 'D:\Personal\OneDrive\Programm\Rime\default.yaml'.
I20240511 11:52:57.471221 19464 auto_patch_config_plugin.cc:29] auto-patch default:/__patch: default.custom:/patch?
I20240511 11:52:57.471740 19464 config_data.cc:72] loading config file 'D:\Personal\OneDrive\Programm\Rime\default.custom.yaml'.
I20240511 11:52:57.472254 19464 config_compiler.cc:214] patching key_binder/bindings/+
I20240511 11:52:57.472254 19464 config_compiler.cc:214] patching menu
I20240511 11:52:57.472254 19464 config_compiler.cc:214] patching schema_list
I20240511 11:52:57.472254 19464 config_compiler.cc:537] resolved: Patch(default.custom:patch <optional>)
I20240511 11:52:57.472254 19464 legacy_preset_config_plugin.cc:26] interpreting key_binder/import_preset: default
I20240511 11:52:57.472254 19464 legacy_preset_config_plugin.cc:52] interpreting punctuator/import_preset: default
I20240511 11:52:57.472254 19464 legacy_preset_config_plugin.cc:65] interpreting recognizer/import_preset: default
I20240511 11:52:57.472254 19464 build_info_plugin.cc:27] resource 'melt_eng.custom' not loaded.
I20240511 11:52:57.472767 19464 config_data.cc:91] saving config file 'D:\Personal\OneDrive\Programm\Rime\build\melt_eng.schema.yaml'.
I20240511 11:52:57.474826 19464 config_data.cc:72] loading config file 'D:\Personal\OneDrive\Programm\Rime\build\melt_eng.schema.yaml'.
I20240511 11:52:57.479424 19464 deployment_tasks.cc:360] preparing dictionary 'melt_eng'.
I20240511 11:52:57.479941 19464 dict_compiler.cc:81] compiling dictionary for D:\Personal\OneDrive\Programm\Rime\build\melt_eng.schema.yaml
I20240511 11:52:57.486120 19464 table.cc:254] loading table file: D:\Personal\OneDrive\Programm\Rime\build\melt_eng.table.bin
I20240511 11:52:57.486634 19464 prism.cc:76] loading prism file: D:\Personal\OneDrive\Programm\Rime\build\melt_eng.prism.bin
I20240511 11:52:57.486634 19464 prism.cc:106] found double array image of size 660992.
I20240511 11:52:57.486634 19464 dict_compiler.cc:126] D:\Personal\OneDrive\Programm\Rime\melt_eng.dict.yaml[3 file(s)] (1038382345)
I20240511 11:52:57.486634 19464 dict_compiler.cc:128] D:\Personal\OneDrive\Programm\Rime\build\melt_eng.schema.yaml (3692235230)
I20240511 11:52:57.486634 19464 reverse_lookup_dictionary.cc:33] loading reversedb: D:\Personal\OneDrive\Programm\Rime\build\melt_eng.reverse.bin
I20240511 11:52:57.487146 19464 dict_compiler.cc:299] building prism...
I20240511 11:52:57.487146 19464 table.cc:254] loading table file: D:\Personal\OneDrive\Programm\Rime\build\melt_eng.table.bin
I20240511 11:52:57.505988 19464 config_data.cc:72] loading config file 'D:\Personal\OneDrive\Programm\Rime\build\melt_eng.schema.yaml'.
I20240511 11:53:06.041718 19464 mapped_file.cc:59] creating file 'D:\Personal\OneDrive\Programm\Rime\build\melt_eng.prism.bin'.
I20240511 11:53:06.041718 19464 mapped_file.cc:70] opening file for read/write access.
I20240511 11:53:06.148167 19464 prism.cc:117] saving prism file: D:\Personal\OneDrive\Programm\Rime\build\melt_eng.prism.bin
I20240511 11:53:06.148167 19464 mapped_file.cc:118] shrinking file to fit data size. capacity: 10760004
I20240511 11:53:06.148167 19464 mapped_file.cc:129] resize file to: 7068744
I20240511 11:53:06.188597 19464 deployment_tasks.cc:377] dictionary 'melt_eng' is ready.
I20240511 11:53:06.189597 19464 deployment_tasks.cc:197] schema: radical_pinyin
I20240511 11:53:06.189597 19464 config_data.cc:72] loading config file 'D:\Personal\OneDrive\Programm\Rime\radical_pinyin.schema.yaml'.
I20240511 11:53:06.192589 19464 config_data.cc:72] loading config file 'D:\Personal\OneDrive\Programm\Rime\build\radical_pinyin.schema.yaml'.
I20240511 11:53:06.195582 19464 deployment_tasks.cc:421] source file changed: D:\Personal\OneDrive\Programm\Rime\default.custom.yaml
I20240511 11:53:06.196578 19464 config_data.cc:72] loading config file 'D:\Personal\OneDrive\Programm\Rime\radical_pinyin.schema.yaml'.
I20240511 11:53:06.198573 19464 auto_patch_config_plugin.cc:29] auto-patch radical_pinyin.schema:/__patch: radical_pinyin.custom:/patch?
I20240511 11:53:06.198573 19464 config_data.cc:72] loading config file 'D:\Personal\OneDrive\Programm\Rime\default.yaml'.
I20240511 11:53:06.199570 19464 auto_patch_config_plugin.cc:29] auto-patch default:/__patch: default.custom:/patch?
I20240511 11:53:06.200568 19464 config_data.cc:72] loading config file 'D:\Personal\OneDrive\Programm\Rime\default.custom.yaml'.
I20240511 11:53:06.200568 19464 config_compiler.cc:214] patching key_binder/bindings/+
I20240511 11:53:06.200568 19464 config_compiler.cc:214] patching menu
I20240511 11:53:06.200568 19464 config_compiler.cc:214] patching schema_list
I20240511 11:53:06.200568 19464 config_compiler.cc:537] resolved: Patch(default.custom:patch <optional>)
I20240511 11:53:06.200568 19464 config_compiler.cc:537] resolved: Include(default:/key_binder <optional>)
I20240511 11:53:06.200568 19464 config_compiler.cc:537] resolved: PendingChild(radical_pinyin.schema:/key_binder)
W20240511 11:53:06.200568 19464 config_compiler.cc:527] circular dependencies detected in radical_pinyin.schema:
W20240511 11:53:06.200568 19464 config_compiler.cc:367] accessing blocking node with unresolved dependencies: radical_pinyin.schema:
I20240511 11:53:06.200568 19464 config_compiler.cc:537] resolved: Include(radical_pinyin.schema:algebra_flypy)
I20240511 11:53:06.200568 19464 config_compiler.cc:537] resolved: PendingChild(radical_pinyin.schema:/speller/algebra)
I20240511 11:53:06.200568 19464 config_compiler.cc:537] resolved: PendingChild(radical_pinyin.schema:/speller)
W20240511 11:53:06.200568 19464 config_data.cc:69] nonexistent config file 'D:\Personal\OneDrive\Programm\Rime\radical_pinyin.custom.yaml'.
I20240511 11:53:06.200568 19464 config_compiler.cc:426] optional resource not loaded: radical_pinyin.custom
I20240511 11:53:06.200568 19464 config_compiler.cc:537] resolved: Patch(radical_pinyin.custom:patch <optional>)
I20240511 11:53:06.200568 19464 build_info_plugin.cc:27] resource 'radical_pinyin.custom' not loaded.
I20240511 11:53:06.200568 19464 config_data.cc:91] saving config file 'D:\Personal\OneDrive\Programm\Rime\build\radical_pinyin.schema.yaml'.
I20240511 11:53:06.203038 19464 config_data.cc:72] loading config file 'D:\Personal\OneDrive\Programm\Rime\build\radical_pinyin.schema.yaml'.
I20240511 11:53:06.204542 19464 deployment_tasks.cc:360] preparing dictionary 'radical_pinyin'.
I20240511 11:53:06.205539 19464 dict_compiler.cc:81] compiling dictionary for D:\Personal\OneDrive\Programm\Rime\build\radical_pinyin.schema.yaml
I20240511 11:53:06.212520 19464 table.cc:254] loading table file: D:\Personal\OneDrive\Programm\Rime\build\radical_pinyin.table.bin
I20240511 11:53:06.212520 19464 prism.cc:76] loading prism file: D:\Personal\OneDrive\Programm\Rime\build\radical_pinyin.prism.bin
I20240511 11:53:06.213517 19464 prism.cc:106] found double array image of size 81920.
I20240511 11:53:06.213517 19464 dict_compiler.cc:126] D:\Personal\OneDrive\Programm\Rime\radical_pinyin.dict.yaml[1 file(s)] (2800115411)
I20240511 11:53:06.213517 19464 dict_compiler.cc:128] D:\Personal\OneDrive\Programm\Rime\build\radical_pinyin.schema.yaml (53396392)
I20240511 11:53:06.213517 19464 reverse_lookup_dictionary.cc:33] loading reversedb: D:\Personal\OneDrive\Programm\Rime\build\radical_pinyin.reverse.bin
I20240511 11:53:06.213517 19464 dict_compiler.cc:299] building prism...
I20240511 11:53:06.213517 19464 table.cc:254] loading table file: D:\Personal\OneDrive\Programm\Rime\build\radical_pinyin.table.bin
I20240511 11:53:06.235459 19464 config_data.cc:72] loading config file 'D:\Personal\OneDrive\Programm\Rime\build\radical_pinyin.schema.yaml'.
I20240511 11:53:07.545924 19464 mapped_file.cc:59] creating file 'D:\Personal\OneDrive\Programm\Rime\build\radical_pinyin.prism.bin'.
I20240511 11:53:07.545924 19464 mapped_file.cc:70] opening file for read/write access.
I20240511 11:53:07.568753 19464 prism.cc:117] saving prism file: D:\Personal\OneDrive\Programm\Rime\build\radical_pinyin.prism.bin
I20240511 11:53:07.568753 19464 mapped_file.cc:118] shrinking file to fit data size. capacity: 1469316
I20240511 11:53:07.568753 19464 mapped_file.cc:129] resize file to: 950152
I20240511 11:53:07.575733 19464 deployment_tasks.cc:377] dictionary 'radical_pinyin' is ready.
I20240511 11:53:07.575733 19464 deployment_tasks.cc:245] finished updating schemas: 3 success, 0 failure.
I20240511 11:53:07.576730 19464 config_data.cc:72] loading config file 'D:\Personal\OneDrive\Programm\Rime\user.yaml'.
I20240511 11:53:07.576730 19464 config_data.cc:201] write: var/last_build_time
I20240511 11:53:07.576730 19464 config_data.cc:91] saving config file 'D:\Personal\OneDrive\Programm\Rime\user.yaml'.
I20240511 11:53:07.576730 19464 deployment_tasks.cc:583] clean up trash.
I20240511 11:53:07.578725 19464 config_data.cc:72] loading config file 'D:\Personal\OneDrive\Programm\Rime\build\weasel.yaml'.
I20240511 11:53:07.583711 19464 deployment_tasks.cc:421] source file changed: D:\Software\Rime\weasel-0.15.1\data\weasel.yaml
I20240511 11:53:07.583711 19464 config_data.cc:72] loading config file 'D:\Software\Rime\weasel-0.15.1\data\weasel.yaml'.
I20240511 11:53:07.588433 19464 auto_patch_config_plugin.cc:29] auto-patch weasel:/__patch: weasel.custom:/patch?
I20240511 11:53:07.588433 19464 config_data.cc:72] loading config file 'D:\Personal\OneDrive\Programm\Rime\weasel.custom.yaml'.
I20240511 11:53:07.588433 19464 config_compiler.cc:214] patching app_options
I20240511 11:53:07.588433 19464 config_compiler.cc:214] patching style/+
I20240511 11:53:07.588433 19464 config_compiler.cc:537] resolved: Patch(weasel.custom:patch <optional>)
I20240511 11:53:07.588433 19464 config_data.cc:91] saving config file 'D:\Personal\OneDrive\Programm\Rime\build\weasel.yaml'.
