Log file created at: 2024/05/11 11:52:41
Running on machine: YBW
Running duration (h:mm:ss): 0:00:00
Log line format: [IWEF]yyyymmdd hh:mm:ss.uuuuuu threadid file:line] msg
W20240511 11:52:41.336025 12020 registry.cc:16] replacing previously registered component: charset_filter
W20240511 11:52:41.479945 20840 config_data.cc:69] nonexistent config file 'D:\Personal\OneDrive\Programm\Rime\symbols_caps_v.custom.yaml'.
W20240511 11:52:42.392192 20840 config_compiler.cc:527] circular dependencies detected in melt_eng.schema:
W20240511 11:52:42.393189 20840 config_compiler.cc:367] accessing blocking node with unresolved dependencies: melt_eng.schema:
W20240511 11:52:42.393189 20840 config_compiler.cc:527] circular dependencies detected in melt_eng.schema:
W20240511 11:52:42.393189 20840 config_compiler.cc:367] accessing blocking node with unresolved dependencies: melt_eng.schema:
W20240511 11:52:42.393189 20840 config_compiler.cc:527] circular dependencies detected in melt_eng.schema:
W20240511 11:52:42.393189 20840 config_compiler.cc:367] accessing blocking node with unresolved dependencies: melt_eng.schema:
W20240511 11:52:42.393189 20840 config_compiler.cc:527] circular dependencies detected in melt_eng.schema:
W20240511 11:52:42.393189 20840 config_compiler.cc:367] accessing blocking node with unresolved dependencies: melt_eng.schema:
W20240511 11:52:42.393189 20840 config_compiler.cc:527] circular dependencies detected in melt_eng.schema:
W20240511 11:52:42.393189 20840 config_compiler.cc:367] accessing blocking node with unresolved dependencies: melt_eng.schema:
W20240511 11:52:42.393189 20840 config_compiler.cc:527] circular dependencies detected in melt_eng.schema:
W20240511 11:52:42.393189 20840 config_compiler.cc:367] accessing blocking node with unresolved dependencies: melt_eng.schema:
W20240511 11:52:42.393189 20840 config_compiler.cc:527] circular dependencies detected in melt_eng.schema:
W20240511 11:52:42.393189 20840 config_compiler.cc:367] accessing blocking node with unresolved dependencies: melt_eng.schema:
W20240511 11:52:42.393189 20840 config_compiler.cc:527] circular dependencies detected in melt_eng.schema:
W20240511 11:52:42.393189 20840 config_compiler.cc:367] accessing blocking node with unresolved dependencies: melt_eng.schema:
W20240511 11:52:42.393189 20840 config_data.cc:69] nonexistent config file 'D:\Personal\OneDrive\Programm\Rime\melt_eng.custom.yaml'.
W20240511 11:52:50.402637 20840 config_compiler.cc:527] circular dependencies detected in radical_pinyin.schema:
W20240511 11:52:50.402637 20840 config_compiler.cc:367] accessing blocking node with unresolved dependencies: radical_pinyin.schema:
W20240511 11:52:50.402637 20840 config_data.cc:69] nonexistent config file 'D:\Personal\OneDrive\Programm\Rime\radical_pinyin.custom.yaml'.
W20240511 11:52:54.095706 20432 registry.cc:16] replacing previously registered component: charset_filter
W20240511 11:53:07.592422  5576 registry.cc:16] replacing previously registered component: charset_filter
