Log file created at: 2024/05/11 11:52:57
Running on machine: YBW
Running duration (h:mm:ss): 0:00:03
Log line format: [IWEF]yyyymmdd hh:mm:ss.uuuuuu threadid file:line] msg
W20240511 11:52:57.468112 19464 config_compiler.cc:527] circular dependencies detected in melt_eng.schema:
W20240511 11:52:57.468631 19464 config_compiler.cc:367] accessing blocking node with unresolved dependencies: melt_eng.schema:
W20240511 11:52:57.468631 19464 config_compiler.cc:527] circular dependencies detected in melt_eng.schema:
W20240511 11:52:57.468631 19464 config_compiler.cc:367] accessing blocking node with unresolved dependencies: melt_eng.schema:
W20240511 11:52:57.468631 19464 config_compiler.cc:527] circular dependencies detected in melt_eng.schema:
W20240511 11:52:57.468631 19464 config_compiler.cc:367] accessing blocking node with unresolved dependencies: melt_eng.schema:
W20240511 11:52:57.468631 19464 config_compiler.cc:527] circular dependencies detected in melt_eng.schema:
W20240511 11:52:57.468631 19464 config_compiler.cc:367] accessing blocking node with unresolved dependencies: melt_eng.schema:
W20240511 11:52:57.468631 19464 config_compiler.cc:527] circular dependencies detected in melt_eng.schema:
W20240511 11:52:57.468631 19464 config_compiler.cc:367] accessing blocking node with unresolved dependencies: melt_eng.schema:
W20240511 11:52:57.468631 19464 config_compiler.cc:527] circular dependencies detected in melt_eng.schema:
W20240511 11:52:57.469152 19464 config_compiler.cc:367] accessing blocking node with unresolved dependencies: melt_eng.schema:
W20240511 11:52:57.469152 19464 config_compiler.cc:527] circular dependencies detected in melt_eng.schema:
W20240511 11:52:57.469152 19464 config_compiler.cc:367] accessing blocking node with unresolved dependencies: melt_eng.schema:
W20240511 11:52:57.469152 19464 config_compiler.cc:527] circular dependencies detected in melt_eng.schema:
W20240511 11:52:57.469152 19464 config_compiler.cc:367] accessing blocking node with unresolved dependencies: melt_eng.schema:
W20240511 11:52:57.469152 19464 config_data.cc:69] nonexistent config file 'D:\Personal\OneDrive\Programm\Rime\melt_eng.custom.yaml'.
W20240511 11:53:06.200568 19464 config_compiler.cc:527] circular dependencies detected in radical_pinyin.schema:
W20240511 11:53:06.200568 19464 config_compiler.cc:367] accessing blocking node with unresolved dependencies: radical_pinyin.schema:
W20240511 11:53:06.200568 19464 config_data.cc:69] nonexistent config file 'D:\Personal\OneDrive\Programm\Rime\radical_pinyin.custom.yaml'.
