Log file created at: 2024/05/11 11:56:59
Running on machine: YBW
Running duration (h:mm:ss): 0:00:00
Log line format: [IWEF]yyyymmdd hh:mm:ss.uuuuuu threadid file:line] msg
I20240511 11:56:59.191392 21260 core_module.cc:20] registering core components.
I20240511 11:56:59.193387 21260 registry.cc:14] registering component: config_builder
I20240511 11:56:59.193387 21260 registry.cc:14] registering component: config
I20240511 11:56:59.193387 21260 registry.cc:14] registering component: schema
I20240511 11:56:59.193387 21260 registry.cc:14] registering component: user_config
I20240511 11:56:59.193387 21260 dict_module.cc:25] registering components from module 'dict'.
I20240511 11:56:59.193387 21260 registry.cc:14] registering component: tabledb
I20240511 11:56:59.193387 21260 registry.cc:14] registering component: stabledb
I20240511 11:56:59.193387 21260 registry.cc:14] registering component: plain_userdb
I20240511 11:56:59.193387 21260 registry.cc:14] registering component: userdb
I20240511 11:56:59.193387 21260 registry.cc:14] registering component: corrector
I20240511 11:56:59.193387 21260 registry.cc:14] registering component: dictionary
I20240511 11:56:59.193387 21260 registry.cc:14] registering component: reverse_lookup_dictionary
I20240511 11:56:59.193387 21260 registry.cc:14] registering component: user_dictionary
I20240511 11:56:59.193387 21260 registry.cc:14] registering component: userdb_recovery_task
I20240511 11:56:59.193387 21260 gears_module.cc:42] registering components from module 'gears'.
I20240511 11:56:59.193387 21260 registry.cc:14] registering component: ascii_composer
I20240511 11:56:59.193387 21260 registry.cc:14] registering component: chord_composer
I20240511 11:56:59.193387 21260 registry.cc:14] registering component: express_editor
I20240511 11:56:59.193387 21260 registry.cc:14] registering component: fluid_editor
I20240511 11:56:59.193387 21260 registry.cc:14] registering component: fluency_editor
I20240511 11:56:59.193387 21260 registry.cc:14] registering component: key_binder
I20240511 11:56:59.193387 21260 registry.cc:14] registering component: navigator
I20240511 11:56:59.193387 21260 registry.cc:14] registering component: punctuator
I20240511 11:56:59.193387 21260 registry.cc:14] registering component: recognizer
I20240511 11:56:59.193387 21260 registry.cc:14] registering component: selector
I20240511 11:56:59.193387 21260 registry.cc:14] registering component: speller
I20240511 11:56:59.193387 21260 registry.cc:14] registering component: shape_processor
I20240511 11:56:59.193387 21260 registry.cc:14] registering component: abc_segmentor
I20240511 11:56:59.193387 21260 registry.cc:14] registering component: affix_segmentor
I20240511 11:56:59.193387 21260 registry.cc:14] registering component: ascii_segmentor
I20240511 11:56:59.193387 21260 registry.cc:14] registering component: matcher
I20240511 11:56:59.193387 21260 registry.cc:14] registering component: punct_segmentor
I20240511 11:56:59.193387 21260 registry.cc:14] registering component: fallback_segmentor
I20240511 11:56:59.193387 21260 registry.cc:14] registering component: echo_translator
I20240511 11:56:59.193387 21260 registry.cc:14] registering component: punct_translator
I20240511 11:56:59.193387 21260 registry.cc:14] registering component: table_translator
I20240511 11:56:59.193387 21260 registry.cc:14] registering component: script_translator
I20240511 11:56:59.193387 21260 registry.cc:14] registering component: r10n_translator
I20240511 11:56:59.193387 21260 registry.cc:14] registering component: reverse_lookup_translator
I20240511 11:56:59.193387 21260 registry.cc:14] registering component: schema_list_translator
I20240511 11:56:59.193387 21260 registry.cc:14] registering component: switch_translator
I20240511 11:56:59.193387 21260 registry.cc:14] registering component: history_translator
I20240511 11:56:59.193387 21260 registry.cc:14] registering component: simplifier
I20240511 11:56:59.193387 21260 registry.cc:14] registering component: uniquifier
I20240511 11:56:59.193387 21260 registry.cc:14] registering component: charset_filter
I20240511 11:56:59.193387 21260 registry.cc:14] registering component: cjk_minifier
I20240511 11:56:59.193387 21260 registry.cc:14] registering component: reverse_lookup_filter
I20240511 11:56:59.193387 21260 registry.cc:14] registering component: single_char_filter
I20240511 11:56:59.193387 21260 registry.cc:14] registering component: shape_formatter
I20240511 11:56:59.193387 21260 registry.cc:14] registering component: codepoint_translator
I20240511 11:56:59.193387 21260 registry.cc:14] registering component: charset_filter
W20240511 11:56:59.193387 21260 registry.cc:16] replacing previously registered component: charset_filter
I20240511 11:56:59.194386 21260 modules.cc:96] registering components from module 'lua'.
I20240511 11:56:59.204357 21260 registry.cc:14] registering component: lua_translator
I20240511 11:56:59.204357 21260 registry.cc:14] registering component: lua_filter
I20240511 11:56:59.204357 21260 registry.cc:14] registering component: lua_segmentor
I20240511 11:56:59.204357 21260 registry.cc:14] registering component: lua_processor
I20240511 11:56:59.204357 21260 grammar_module.cc:15] registering components from module 'grammar'.
I20240511 11:56:59.204357 21260 registry.cc:14] registering component: grammar
I20240511 11:56:59.204357 21260 registry.cc:14] registering component: predictor
I20240511 11:56:59.204357 21260 registry.cc:14] registering component: predict_translator
I20240511 11:56:59.204357 21260 levers_module.cc:22] registering components from module 'levers'.
I20240511 11:56:59.204357 21260 registry.cc:14] registering component: detect_modifications
I20240511 11:56:59.204357 21260 registry.cc:14] registering component: installation_update
I20240511 11:56:59.204357 21260 registry.cc:14] registering component: workspace_update
I20240511 11:56:59.204357 21260 registry.cc:14] registering component: schema_update
I20240511 11:56:59.204357 21260 registry.cc:14] registering component: config_file_update
I20240511 11:56:59.204357 21260 registry.cc:14] registering component: prebuild_all_schemas
I20240511 11:56:59.204357 21260 registry.cc:14] registering component: user_dict_upgrade
I20240511 11:56:59.204357 21260 registry.cc:14] registering component: cleanup_trash
I20240511 11:56:59.204357 21260 registry.cc:14] registering component: user_dict_sync
I20240511 11:56:59.204357 21260 registry.cc:14] registering component: backup_config_files
I20240511 11:56:59.204357 21260 registry.cc:14] registering component: clean_old_log_files
I20240511 11:56:59.204357 21260 deployment_tasks.cc:85] updating rime installation info.
I20240511 11:56:59.204357 21260 config_data.cc:72] loading config file 'D:\Personal\OneDrive\Programm\Rime\installation.yaml'.
I20240511 11:56:59.204357 21260 deployment_tasks.cc:103] installation info exists. installation id: 2f2594ca-3d2a-4e7d-a7e6-2dcf30c4fd38
I20240511 11:56:59.204357 21260 deployment_tasks.cc:114] sync dir: D:\Personal\OneDrive\Programm\Rime\sync
I20240511 11:56:59.204357 21260 deployment_tasks.cc:116] previous distribution: Weasel
I20240511 11:56:59.204357 21260 deployment_tasks.cc:119] previous distribution version: 0.15.1.0
I20240511 11:56:59.204357 21260 deployment_tasks.cc:122] previous Rime version: 1.11.0
I20240511 11:56:59.216325 21260 config_data.cc:72] loading config file 'D:\Personal\OneDrive\Programm\Rime\user.yaml'.
I20240511 11:56:59.216325 21260 config_data.cc:72] loading config file 'D:\Personal\OneDrive\Programm\Rime\build\weasel.yaml'.
I20240511 11:57:09.228924 19920 core_module.cc:20] registering core components.
I20240511 11:57:09.228924 19920 registry.cc:14] registering component: config_builder
I20240511 11:57:09.228924 19920 registry.cc:14] registering component: config
I20240511 11:57:09.228924 19920 registry.cc:14] registering component: schema
I20240511 11:57:09.228924 19920 registry.cc:14] registering component: user_config
I20240511 11:57:09.228924 19920 dict_module.cc:25] registering components from module 'dict'.
I20240511 11:57:09.228924 19920 registry.cc:14] registering component: tabledb
I20240511 11:57:09.228924 19920 registry.cc:14] registering component: stabledb
I20240511 11:57:09.228924 19920 registry.cc:14] registering component: plain_userdb
I20240511 11:57:09.228924 19920 registry.cc:14] registering component: userdb
I20240511 11:57:09.228924 19920 registry.cc:14] registering component: corrector
I20240511 11:57:09.228924 19920 registry.cc:14] registering component: dictionary
I20240511 11:57:09.228924 19920 registry.cc:14] registering component: reverse_lookup_dictionary
I20240511 11:57:09.228924 19920 registry.cc:14] registering component: user_dictionary
I20240511 11:57:09.228924 19920 registry.cc:14] registering component: userdb_recovery_task
I20240511 11:57:09.228924 19920 gears_module.cc:42] registering components from module 'gears'.
I20240511 11:57:09.228924 19920 registry.cc:14] registering component: ascii_composer
I20240511 11:57:09.228924 19920 registry.cc:14] registering component: chord_composer
I20240511 11:57:09.228924 19920 registry.cc:14] registering component: express_editor
I20240511 11:57:09.228924 19920 registry.cc:14] registering component: fluid_editor
I20240511 11:57:09.228924 19920 registry.cc:14] registering component: fluency_editor
I20240511 11:57:09.228924 19920 registry.cc:14] registering component: key_binder
I20240511 11:57:09.228924 19920 registry.cc:14] registering component: navigator
I20240511 11:57:09.228924 19920 registry.cc:14] registering component: punctuator
I20240511 11:57:09.228924 19920 registry.cc:14] registering component: recognizer
I20240511 11:57:09.228924 19920 registry.cc:14] registering component: selector
I20240511 11:57:09.228924 19920 registry.cc:14] registering component: speller
I20240511 11:57:09.228924 19920 registry.cc:14] registering component: shape_processor
I20240511 11:57:09.228924 19920 registry.cc:14] registering component: abc_segmentor
I20240511 11:57:09.228924 19920 registry.cc:14] registering component: affix_segmentor
I20240511 11:57:09.228924 19920 registry.cc:14] registering component: ascii_segmentor
I20240511 11:57:09.228924 19920 registry.cc:14] registering component: matcher
I20240511 11:57:09.228924 19920 registry.cc:14] registering component: punct_segmentor
I20240511 11:57:09.228924 19920 registry.cc:14] registering component: fallback_segmentor
I20240511 11:57:09.228924 19920 registry.cc:14] registering component: echo_translator
I20240511 11:57:09.228924 19920 registry.cc:14] registering component: punct_translator
I20240511 11:57:09.228924 19920 registry.cc:14] registering component: table_translator
I20240511 11:57:09.228924 19920 registry.cc:14] registering component: script_translator
I20240511 11:57:09.228924 19920 registry.cc:14] registering component: r10n_translator
I20240511 11:57:09.228924 19920 registry.cc:14] registering component: reverse_lookup_translator
I20240511 11:57:09.228924 19920 registry.cc:14] registering component: schema_list_translator
I20240511 11:57:09.228924 19920 registry.cc:14] registering component: switch_translator
I20240511 11:57:09.228924 19920 registry.cc:14] registering component: history_translator
I20240511 11:57:09.228924 19920 registry.cc:14] registering component: simplifier
I20240511 11:57:09.228924 19920 registry.cc:14] registering component: uniquifier
I20240511 11:57:09.228924 19920 registry.cc:14] registering component: charset_filter
I20240511 11:57:09.228924 19920 registry.cc:14] registering component: cjk_minifier
I20240511 11:57:09.228924 19920 registry.cc:14] registering component: reverse_lookup_filter
I20240511 11:57:09.228924 19920 registry.cc:14] registering component: single_char_filter
I20240511 11:57:09.228924 19920 registry.cc:14] registering component: shape_formatter
I20240511 11:57:09.228924 19920 registry.cc:14] registering component: codepoint_translator
I20240511 11:57:09.228924 19920 registry.cc:14] registering component: charset_filter
W20240511 11:57:09.228924 19920 registry.cc:16] replacing previously registered component: charset_filter
I20240511 11:57:09.228924 19920 modules.cc:96] registering components from module 'lua'.
I20240511 11:57:09.237900 19920 registry.cc:14] registering component: lua_translator
I20240511 11:57:09.237900 19920 registry.cc:14] registering component: lua_filter
I20240511 11:57:09.237900 19920 registry.cc:14] registering component: lua_segmentor
I20240511 11:57:09.237900 19920 registry.cc:14] registering component: lua_processor
I20240511 11:57:09.237900 19920 grammar_module.cc:15] registering components from module 'grammar'.
I20240511 11:57:09.237900 19920 registry.cc:14] registering component: grammar
I20240511 11:57:09.237900 19920 registry.cc:14] registering component: predictor
I20240511 11:57:09.237900 19920 registry.cc:14] registering component: predict_translator
I20240511 11:57:09.237900 19920 levers_module.cc:22] registering components from module 'levers'.
I20240511 11:57:09.237900 19920 registry.cc:14] registering component: detect_modifications
I20240511 11:57:09.237900 19920 registry.cc:14] registering component: installation_update
I20240511 11:57:09.237900 19920 registry.cc:14] registering component: workspace_update
I20240511 11:57:09.237900 19920 registry.cc:14] registering component: schema_update
I20240511 11:57:09.237900 19920 registry.cc:14] registering component: config_file_update
I20240511 11:57:09.237900 19920 registry.cc:14] registering component: prebuild_all_schemas
I20240511 11:57:09.237900 19920 registry.cc:14] registering component: user_dict_upgrade
I20240511 11:57:09.237900 19920 registry.cc:14] registering component: cleanup_trash
I20240511 11:57:09.237900 19920 registry.cc:14] registering component: user_dict_sync
I20240511 11:57:09.237900 19920 registry.cc:14] registering component: backup_config_files
I20240511 11:57:09.237900 19920 registry.cc:14] registering component: clean_old_log_files
I20240511 11:57:09.237900 19920 deployment_tasks.cc:85] updating rime installation info.
I20240511 11:57:09.237900 19920 config_data.cc:72] loading config file 'D:\Personal\OneDrive\Programm\Rime\installation.yaml'.
I20240511 11:57:09.237900 19920 deployment_tasks.cc:103] installation info exists. installation id: 2f2594ca-3d2a-4e7d-a7e6-2dcf30c4fd38
I20240511 11:57:09.237900 19920 deployment_tasks.cc:114] sync dir: D:\Personal\OneDrive\Programm\Rime\sync
I20240511 11:57:09.237900 19920 deployment_tasks.cc:116] previous distribution: Weasel
I20240511 11:57:09.237900 19920 deployment_tasks.cc:119] previous distribution version: 0.15.1.0
I20240511 11:57:09.237900 19920 deployment_tasks.cc:122] previous Rime version: 1.11.0
I20240511 11:57:09.249867 19920 config_data.cc:72] loading config file 'D:\Personal\OneDrive\Programm\Rime\user.yaml'.
I20240511 11:57:09.249867 19920 config_data.cc:72] loading config file 'D:\Personal\OneDrive\Programm\Rime\build\weasel.yaml'.
I20240511 11:57:16.025903  1304 config_data.cc:72] loading config file 'D:\Personal\OneDrive\Programm\Rime\build\default.yaml'.
I20240511 11:57:16.026901  1304 engine.cc:72] starting engine.
I20240511 11:57:16.026901  1304 config_data.cc:72] loading config file 'D:\Personal\OneDrive\Programm\Rime\user.yaml'.
I20240511 11:57:16.027899  1304 engine.cc:133] updated option: emoji
I20240511 11:57:16.027899  1304 engine.cc:133] updated option: traditionalization
I20240511 11:57:16.027899  1304 config_data.cc:72] loading config file 'D:\Personal\OneDrive\Programm\Rime\build\double_pinyin_flypy.schema.yaml'.
I20240511 11:57:16.042400  1304 engine.cc:133] updated option: _auto_commit
I20240511 11:57:16.042400  1304 dictionary.cc:360] loading dictionary 'rime_ice'.
I20240511 11:57:16.042400  1304 table.cc:254] loading table file: D:\Personal\OneDrive\Programm\Rime\build\rime_ice.table.bin
I20240511 11:57:16.051379  1304 prism.cc:76] loading prism file: D:\Personal\OneDrive\Programm\Rime\build\double_pinyin_flypy.prism.bin
I20240511 11:57:16.051379  1304 prism.cc:106] found double array image of size 1024.
I20240511 11:57:16.063347  1304 tsv.cc:18] reading tsv file: D:\Personal\OneDrive\Programm\Rime\custom_phrase_double.txt
I20240511 11:57:16.064344  1304 dictionary.cc:360] loading dictionary 'melt_eng'.
I20240511 11:57:16.064344  1304 table.cc:254] loading table file: D:\Personal\OneDrive\Programm\Rime\build\melt_eng.table.bin
I20240511 11:57:16.064344  1304 prism.cc:76] loading prism file: D:\Personal\OneDrive\Programm\Rime\build\melt_eng.prism.bin
I20240511 11:57:16.064344  1304 prism.cc:106] found double array image of size 660992.
I20240511 11:57:16.064344  1304 tsv.cc:18] reading tsv file: D:\Personal\OneDrive\Programm\Rime\en_dicts\cn_en_flypy.txt
I20240511 11:57:16.068333  1304 dictionary.cc:360] loading dictionary 'radical_pinyin'.
I20240511 11:57:16.068333  1304 table.cc:254] loading table file: D:\Personal\OneDrive\Programm\Rime\build\radical_pinyin.table.bin
I20240511 11:57:16.068333  1304 prism.cc:76] loading prism file: D:\Personal\OneDrive\Programm\Rime\build\radical_pinyin.prism.bin
I20240511 11:57:16.068333  1304 prism.cc:106] found double array image of size 81920.
I20240511 11:57:16.082296  1304 engine.cc:395] ConcreteEngine::InitializeOptions
I20240511 11:57:16.082296  1304 engine.cc:400] found switch option: ascii_mode, reset: 0
I20240511 11:57:16.082296  1304 engine.cc:133] updated option: ascii_mode
I20240511 11:57:16.082296  1304 engine.cc:400] found switch option: ascii_punct, reset: 0
I20240511 11:57:16.082296  1304 engine.cc:133] updated option: ascii_punct
I20240511 11:57:16.082296  1304 engine.cc:400] found switch option: traditionalization, reset: 0
I20240511 11:57:16.082296  1304 engine.cc:133] updated option: traditionalization
I20240511 11:57:16.083293  1304 engine.cc:400] found switch option: emoji, reset: 0
I20240511 11:57:16.083293  1304 engine.cc:133] updated option: emoji
I20240511 11:57:16.083293  1304 engine.cc:400] found switch option: full_shape, reset: 0
I20240511 11:57:16.083293  1304 engine.cc:133] updated option: full_shape
I20240511 11:57:16.083293  1304 engine.cc:147] updated property: client_app
I20240511 11:57:16.083293  1304 engine.cc:147] updated property: client_type
I20240511 11:57:16.083293  1304 engine.cc:133] updated option: inline_preedit
I20240511 11:57:16.083293  1304 engine.cc:133] updated option: soft_cursor
I20240511 11:57:16.083293  1304 engine.cc:133] updated option: inline_preedit
I20240511 11:57:16.083293  1304 engine.cc:133] updated option: soft_cursor
I20240511 11:57:16.119752 18996 engine.cc:72] starting engine.
I20240511 11:57:16.119752 18996 engine.cc:133] updated option: emoji
I20240511 11:57:16.119752 18996 engine.cc:133] updated option: traditionalization
I20240511 11:57:16.119752 18996 engine.cc:133] updated option: _auto_commit
I20240511 11:57:16.119752 18996 dictionary.cc:360] loading dictionary 'rime_ice'.
I20240511 11:57:16.119752 18996 dictionary.cc:360] loading dictionary 'melt_eng'.
I20240511 11:57:16.119752 18996 dictionary.cc:360] loading dictionary 'radical_pinyin'.
I20240511 11:57:16.131719 18996 engine.cc:395] ConcreteEngine::InitializeOptions
I20240511 11:57:16.132716 18996 engine.cc:400] found switch option: ascii_mode, reset: 0
I20240511 11:57:16.132716 18996 engine.cc:133] updated option: ascii_mode
I20240511 11:57:16.132716 18996 engine.cc:400] found switch option: ascii_punct, reset: 0
I20240511 11:57:16.132716 18996 engine.cc:133] updated option: ascii_punct
I20240511 11:57:16.132716 18996 engine.cc:400] found switch option: traditionalization, reset: 0
I20240511 11:57:16.132716 18996 engine.cc:133] updated option: traditionalization
I20240511 11:57:16.132716 18996 engine.cc:400] found switch option: emoji, reset: 0
I20240511 11:57:16.132716 18996 engine.cc:133] updated option: emoji
I20240511 11:57:16.132716 18996 engine.cc:400] found switch option: full_shape, reset: 0
I20240511 11:57:16.132716 18996 engine.cc:133] updated option: full_shape
I20240511 11:57:16.132716 18996 engine.cc:147] updated property: client_app
I20240511 11:57:16.132716 18996 engine.cc:147] updated property: client_type
I20240511 11:57:16.132716 18996 engine.cc:133] updated option: inline_preedit
I20240511 11:57:16.132716 18996 engine.cc:133] updated option: soft_cursor
I20240511 11:57:16.132716 18996 engine.cc:133] updated option: inline_preedit
I20240511 11:57:16.132716 18996 engine.cc:133] updated option: soft_cursor
I20240511 11:57:45.423223  7684 engine.cc:72] starting engine.
I20240511 11:57:45.423223  7684 engine.cc:133] updated option: emoji
I20240511 11:57:45.423223  7684 engine.cc:133] updated option: traditionalization
I20240511 11:57:45.424217  7684 engine.cc:133] updated option: _auto_commit
I20240511 11:57:45.424217  7684 dictionary.cc:360] loading dictionary 'rime_ice'.
I20240511 11:57:45.424217  7684 dictionary.cc:360] loading dictionary 'melt_eng'.
I20240511 11:57:45.424217  7684 dictionary.cc:360] loading dictionary 'radical_pinyin'.
I20240511 11:57:45.437182  7684 engine.cc:395] ConcreteEngine::InitializeOptions
I20240511 11:57:45.437182  7684 engine.cc:400] found switch option: ascii_mode, reset: 0
I20240511 11:57:45.437182  7684 engine.cc:133] updated option: ascii_mode
I20240511 11:57:45.437182  7684 engine.cc:400] found switch option: ascii_punct, reset: 0
I20240511 11:57:45.437182  7684 engine.cc:133] updated option: ascii_punct
I20240511 11:57:45.437182  7684 engine.cc:400] found switch option: traditionalization, reset: 0
I20240511 11:57:45.437182  7684 engine.cc:133] updated option: traditionalization
I20240511 11:57:45.437182  7684 engine.cc:400] found switch option: emoji, reset: 0
I20240511 11:57:45.437182  7684 engine.cc:133] updated option: emoji
I20240511 11:57:45.437182  7684 engine.cc:400] found switch option: full_shape, reset: 0
I20240511 11:57:45.437182  7684 engine.cc:133] updated option: full_shape
I20240511 11:57:45.437182  7684 engine.cc:147] updated property: client_app
I20240511 11:57:45.437182  7684 engine.cc:147] updated property: client_type
I20240511 11:57:45.437182  7684 engine.cc:133] updated option: inline_preedit
I20240511 11:57:45.437182  7684 engine.cc:133] updated option: soft_cursor
I20240511 11:57:45.438180  7684 engine.cc:133] updated option: inline_preedit
I20240511 11:57:45.438180  7684 engine.cc:133] updated option: soft_cursor
I20240511 11:57:46.959035  9556 engine.cc:72] starting engine.
I20240511 11:57:46.959035  9556 engine.cc:133] updated option: emoji
I20240511 11:57:46.959035  9556 engine.cc:133] updated option: traditionalization
I20240511 11:57:46.959035  9556 engine.cc:133] updated option: _auto_commit
I20240511 11:57:46.959035  9556 dictionary.cc:360] loading dictionary 'rime_ice'.
I20240511 11:57:46.960033  9556 dictionary.cc:360] loading dictionary 'melt_eng'.
I20240511 11:57:46.960033  9556 dictionary.cc:360] loading dictionary 'radical_pinyin'.
I20240511 11:57:46.972985  9556 engine.cc:395] ConcreteEngine::InitializeOptions
I20240511 11:57:46.972985  9556 engine.cc:400] found switch option: ascii_mode, reset: 0
I20240511 11:57:46.972985  9556 engine.cc:133] updated option: ascii_mode
I20240511 11:57:46.972985  9556 engine.cc:400] found switch option: ascii_punct, reset: 0
I20240511 11:57:46.972985  9556 engine.cc:133] updated option: ascii_punct
I20240511 11:57:46.972985  9556 engine.cc:400] found switch option: traditionalization, reset: 0
I20240511 11:57:46.972985  9556 engine.cc:133] updated option: traditionalization
I20240511 11:57:46.972985  9556 engine.cc:400] found switch option: emoji, reset: 0
I20240511 11:57:46.972985  9556 engine.cc:133] updated option: emoji
I20240511 11:57:46.972985  9556 engine.cc:400] found switch option: full_shape, reset: 0
I20240511 11:57:46.972985  9556 engine.cc:133] updated option: full_shape
I20240511 11:57:46.972985  9556 engine.cc:147] updated property: client_app
I20240511 11:57:46.972985  9556 engine.cc:147] updated property: client_type
I20240511 11:57:46.972985  9556 engine.cc:133] updated option: inline_preedit
I20240511 11:57:46.972985  9556 engine.cc:133] updated option: soft_cursor
I20240511 11:57:46.972985  9556 engine.cc:133] updated option: inline_preedit
I20240511 11:57:46.972985  9556 engine.cc:133] updated option: soft_cursor
I20240511 11:57:50.203483  9556 reverse_lookup_dictionary.cc:33] loading reversedb: D:\Personal\OneDrive\Programm\Rime\build\rime_ice.reverse.bin
I20240511 11:58:06.495607  9556 engine.cc:133] updated option: ascii_mode
I20240511 11:58:07.038715  9556 engine.cc:133] updated option: ascii_mode
I20240511 11:58:08.038921  9556 switcher.cc:244] switcher is activated.
I20240511 11:58:13.031046 19588 engine.cc:72] starting engine.
I20240511 11:58:13.032043 19588 engine.cc:133] updated option: emoji
I20240511 11:58:13.032043 19588 engine.cc:133] updated option: traditionalization
I20240511 11:58:13.032043 19588 engine.cc:133] updated option: _auto_commit
I20240511 11:58:13.032043 19588 dictionary.cc:360] loading dictionary 'rime_ice'.
I20240511 11:58:13.032043 19588 dictionary.cc:360] loading dictionary 'melt_eng'.
I20240511 11:58:13.032043 19588 dictionary.cc:360] loading dictionary 'radical_pinyin'.
I20240511 11:58:13.044011 19588 engine.cc:395] ConcreteEngine::InitializeOptions
I20240511 11:58:13.044011 19588 engine.cc:400] found switch option: ascii_mode, reset: 0
I20240511 11:58:13.044011 19588 engine.cc:133] updated option: ascii_mode
I20240511 11:58:13.044011 19588 engine.cc:400] found switch option: ascii_punct, reset: 0
I20240511 11:58:13.044011 19588 engine.cc:133] updated option: ascii_punct
I20240511 11:58:13.044011 19588 engine.cc:400] found switch option: traditionalization, reset: 0
I20240511 11:58:13.044011 19588 engine.cc:133] updated option: traditionalization
I20240511 11:58:13.044011 19588 engine.cc:400] found switch option: emoji, reset: 0
I20240511 11:58:13.044011 19588 engine.cc:133] updated option: emoji
I20240511 11:58:13.044011 19588 engine.cc:400] found switch option: full_shape, reset: 0
I20240511 11:58:13.044011 19588 engine.cc:133] updated option: full_shape
I20240511 11:58:13.044011 19588 engine.cc:147] updated property: client_app
I20240511 11:58:13.044011 19588 engine.cc:147] updated property: client_type
I20240511 11:58:13.044011 19588 engine.cc:133] updated option: inline_preedit
I20240511 11:58:13.044011 19588 engine.cc:133] updated option: soft_cursor
I20240511 11:58:13.044011 19588 engine.cc:133] updated option: inline_preedit
I20240511 11:58:13.044011 19588 engine.cc:133] updated option: soft_cursor
I20240511 11:58:15.451398 20820 engine.cc:72] starting engine.
I20240511 11:58:15.451398 20820 engine.cc:133] updated option: emoji
I20240511 11:58:15.451398 20820 engine.cc:133] updated option: traditionalization
I20240511 11:58:15.452396 20820 engine.cc:133] updated option: _auto_commit
I20240511 11:58:15.452396 20820 dictionary.cc:360] loading dictionary 'rime_ice'.
I20240511 11:58:15.452396 20820 dictionary.cc:360] loading dictionary 'melt_eng'.
I20240511 11:58:15.452396 20820 dictionary.cc:360] loading dictionary 'radical_pinyin'.
I20240511 11:58:15.463940 20820 engine.cc:395] ConcreteEngine::InitializeOptions
I20240511 11:58:15.464937 20820 engine.cc:400] found switch option: ascii_mode, reset: 0
I20240511 11:58:15.464937 20820 engine.cc:133] updated option: ascii_mode
I20240511 11:58:15.464937 20820 engine.cc:400] found switch option: ascii_punct, reset: 0
I20240511 11:58:15.464937 20820 engine.cc:133] updated option: ascii_punct
I20240511 11:58:15.464937 20820 engine.cc:400] found switch option: traditionalization, reset: 0
I20240511 11:58:15.464937 20820 engine.cc:133] updated option: traditionalization
I20240511 11:58:15.464937 20820 engine.cc:400] found switch option: emoji, reset: 0
I20240511 11:58:15.464937 20820 engine.cc:133] updated option: emoji
I20240511 11:58:15.464937 20820 engine.cc:400] found switch option: full_shape, reset: 0
I20240511 11:58:15.464937 20820 engine.cc:133] updated option: full_shape
I20240511 11:58:15.464937 20820 engine.cc:147] updated property: client_app
I20240511 11:58:15.464937 20820 engine.cc:147] updated property: client_type
I20240511 11:58:15.464937 20820 engine.cc:133] updated option: inline_preedit
I20240511 11:58:15.464937 20820 engine.cc:133] updated option: soft_cursor
I20240511 11:58:15.464937 20820 engine.cc:133] updated option: inline_preedit
I20240511 11:58:15.464937 20820 engine.cc:133] updated option: soft_cursor
I20240511 11:58:17.038497  6900 engine.cc:72] starting engine.
I20240511 11:58:17.039495  6900 engine.cc:133] updated option: emoji
I20240511 11:58:17.039495  6900 engine.cc:133] updated option: traditionalization
I20240511 11:58:17.039495  6900 engine.cc:133] updated option: _auto_commit
I20240511 11:58:17.039495  6900 dictionary.cc:360] loading dictionary 'rime_ice'.
I20240511 11:58:17.039495  6900 dictionary.cc:360] loading dictionary 'melt_eng'.
I20240511 11:58:17.039495  6900 dictionary.cc:360] loading dictionary 'radical_pinyin'.
I20240511 11:58:17.051004  6900 engine.cc:395] ConcreteEngine::InitializeOptions
I20240511 11:58:17.051004  6900 engine.cc:400] found switch option: ascii_mode, reset: 0
I20240511 11:58:17.051004  6900 engine.cc:133] updated option: ascii_mode
I20240511 11:58:17.051004  6900 engine.cc:400] found switch option: ascii_punct, reset: 0
I20240511 11:58:17.051004  6900 engine.cc:133] updated option: ascii_punct
I20240511 11:58:17.051004  6900 engine.cc:400] found switch option: traditionalization, reset: 0
I20240511 11:58:17.051004  6900 engine.cc:133] updated option: traditionalization
I20240511 11:58:17.051004  6900 engine.cc:400] found switch option: emoji, reset: 0
I20240511 11:58:17.051004  6900 engine.cc:133] updated option: emoji
I20240511 11:58:17.051004  6900 engine.cc:400] found switch option: full_shape, reset: 0
I20240511 11:58:17.051004  6900 engine.cc:133] updated option: full_shape
I20240511 11:58:17.051004  6900 engine.cc:147] updated property: client_app
I20240511 11:58:17.051004  6900 engine.cc:147] updated property: client_type
I20240511 11:58:17.051004  6900 engine.cc:133] updated option: inline_preedit
I20240511 11:58:17.051004  6900 engine.cc:133] updated option: soft_cursor
I20240511 11:58:17.051004  6900 engine.cc:133] updated option: inline_preedit
I20240511 11:58:17.051004  6900 engine.cc:133] updated option: soft_cursor
I20240511 11:58:17.157271  6900 engine.cc:96] engine disposed.
I20240511 11:58:17.754850 20820 engine.cc:96] engine disposed.
I20240511 11:58:39.550513 13488 engine.cc:72] starting engine.
I20240511 11:58:39.550513 13488 engine.cc:133] updated option: emoji
I20240511 11:58:39.550513 13488 engine.cc:133] updated option: traditionalization
I20240511 11:58:39.551510 13488 engine.cc:133] updated option: _auto_commit
I20240511 11:58:39.551510 13488 dictionary.cc:360] loading dictionary 'rime_ice'.
I20240511 11:58:39.551510 13488 dictionary.cc:360] loading dictionary 'melt_eng'.
I20240511 11:58:39.551510 13488 dictionary.cc:360] loading dictionary 'radical_pinyin'.
I20240511 11:58:39.564055 13488 engine.cc:395] ConcreteEngine::InitializeOptions
I20240511 11:58:39.564055 13488 engine.cc:400] found switch option: ascii_mode, reset: 0
I20240511 11:58:39.564055 13488 engine.cc:133] updated option: ascii_mode
I20240511 11:58:39.564055 13488 engine.cc:400] found switch option: ascii_punct, reset: 0
I20240511 11:58:39.564055 13488 engine.cc:133] updated option: ascii_punct
I20240511 11:58:39.564055 13488 engine.cc:400] found switch option: traditionalization, reset: 0
I20240511 11:58:39.564055 13488 engine.cc:133] updated option: traditionalization
I20240511 11:58:39.564055 13488 engine.cc:400] found switch option: emoji, reset: 0
I20240511 11:58:39.564055 13488 engine.cc:133] updated option: emoji
I20240511 11:58:39.564055 13488 engine.cc:400] found switch option: full_shape, reset: 0
I20240511 11:58:39.564055 13488 engine.cc:133] updated option: full_shape
I20240511 11:58:39.564055 13488 engine.cc:147] updated property: client_app
I20240511 11:58:39.564055 13488 engine.cc:147] updated property: client_type
I20240511 11:58:39.564055 13488 engine.cc:133] updated option: inline_preedit
I20240511 11:58:39.564055 13488 engine.cc:133] updated option: soft_cursor
I20240511 11:58:39.564055 13488 engine.cc:133] updated option: inline_preedit
I20240511 11:58:39.564055 13488 engine.cc:133] updated option: soft_cursor
I20240511 11:58:44.874415 15656 engine.cc:72] starting engine.
I20240511 11:58:44.874415 15656 engine.cc:133] updated option: emoji
I20240511 11:58:44.874415 15656 engine.cc:133] updated option: traditionalization
I20240511 11:58:44.874415 15656 engine.cc:133] updated option: _auto_commit
I20240511 11:58:44.874415 15656 dictionary.cc:360] loading dictionary 'rime_ice'.
I20240511 11:58:44.875413 15656 dictionary.cc:360] loading dictionary 'melt_eng'.
I20240511 11:58:44.875413 15656 dictionary.cc:360] loading dictionary 'radical_pinyin'.
I20240511 11:58:44.886384 15656 engine.cc:395] ConcreteEngine::InitializeOptions
I20240511 11:58:44.886384 15656 engine.cc:400] found switch option: ascii_mode, reset: 0
I20240511 11:58:44.886384 15656 engine.cc:133] updated option: ascii_mode
I20240511 11:58:44.886384 15656 engine.cc:400] found switch option: ascii_punct, reset: 0
I20240511 11:58:44.886384 15656 engine.cc:133] updated option: ascii_punct
I20240511 11:58:44.886384 15656 engine.cc:400] found switch option: traditionalization, reset: 0
I20240511 11:58:44.886384 15656 engine.cc:133] updated option: traditionalization
I20240511 11:58:44.886384 15656 engine.cc:400] found switch option: emoji, reset: 0
I20240511 11:58:44.886384 15656 engine.cc:133] updated option: emoji
I20240511 11:58:44.886384 15656 engine.cc:400] found switch option: full_shape, reset: 0
I20240511 11:58:44.886384 15656 engine.cc:133] updated option: full_shape
I20240511 11:58:44.886384 15656 engine.cc:147] updated property: client_app
I20240511 11:58:44.886384 15656 engine.cc:147] updated property: client_type
I20240511 11:58:44.886384 15656 engine.cc:133] updated option: inline_preedit
I20240511 11:58:44.886384 15656 engine.cc:133] updated option: soft_cursor
I20240511 11:58:44.887382 15656 engine.cc:133] updated option: inline_preedit
I20240511 11:58:44.887382 15656 engine.cc:133] updated option: soft_cursor
I20240511 11:58:54.965893 15656 engine.cc:96] engine disposed.
I20240511 12:00:09.245030 21260 engine.cc:96] engine disposed.
I20240511 12:00:09.245030 21260 engine.cc:96] engine disposed.
I20240511 12:00:09.245030 21260 engine.cc:96] engine disposed.
I20240511 12:00:09.246028 21260 engine.cc:96] engine disposed.
I20240511 12:00:09.246028 21260 engine.cc:96] engine disposed.
I20240511 12:00:09.246028 21260 engine.cc:96] engine disposed.
I20240511 12:00:09.246028 21260 level_db.cc:284] closed db 'rime_ice'.
